[0.161s] Invoking command in '/home/zck/workspace/http_to_ros/manual_control/build/robot_msg': CMAKE_PREFIX_PATH=/opt/ros/humble /usr/bin/cmake /home/zck/workspace/http_to_ros/manual_control/src/robot_msg -DAMENT_CMAKE_SYMLINK_INSTALL=1 -DCMAKE_INSTALL_PREFIX=/home/zck/workspace/http_to_ros/manual_control/install/robot_msg
[0.204s] -- The C compiler identification is GNU 11.4.0
[0.245s] -- The CXX compiler identification is GNU 11.4.0
[0.252s] -- Detecting C compiler ABI info
[0.309s] -- Detecting C compiler ABI info - done
[0.315s] -- Check for working C compiler: /usr/bin/cc - skipped
[0.315s] -- Detecting C compile features
[0.315s] -- Detecting C compile features - done
[0.318s] -- Detecting CXX compiler ABI info
[0.377s] -- Detecting CXX compiler ABI info - done
[0.382s] -- Check for working CXX compiler: /usr/bin/c++ - skipped
[0.382s] -- Detecting CXX compile features
[0.382s] -- Detecting CXX compile features - done
[0.383s] -- Found ament_cmake: 1.3.12 (/opt/ros/humble/share/ament_cmake/cmake)
[0.486s] -- Found Python3: /usr/bin/python3 (found version "3.10.12") found components: Interpreter 
[0.544s] -- Override CMake install command with custom implementation using symlinks instead of copying resources
[0.562s] -- Found rosidl_default_generators: 1.2.0 (/opt/ros/humble/share/rosidl_default_generators/cmake)
[0.565s] -- Using all available rosidl_typesupport_c: rosidl_typesupport_fastrtps_c;rosidl_typesupport_introspection_c
[0.571s] -- Found rosidl_adapter: 3.1.7 (/opt/ros/humble/share/rosidl_adapter/cmake)
[0.606s] -- Using all available rosidl_typesupport_cpp: rosidl_typesupport_fastrtps_cpp;rosidl_typesupport_introspection_cpp
[0.636s] -- Found std_msgs: 4.9.0 (/opt/ros/humble/share/std_msgs/cmake)
[0.868s] -- Found ament_cmake_ros: 0.10.0 (/opt/ros/humble/share/ament_cmake_ros/cmake)
[1.043s] -- Using all available rosidl_typesupport_c: rosidl_typesupport_fastrtps_c;rosidl_typesupport_introspection_c
[1.259s] -- Using all available rosidl_typesupport_cpp: rosidl_typesupport_fastrtps_cpp;rosidl_typesupport_introspection_cpp
[1.273s] -- Found PythonInterp: /usr/bin/python3 (found suitable version "3.10.12", minimum required is "3.6") 
[1.274s] -- Found python_cmake_module: 0.10.0 (/opt/ros/humble/share/python_cmake_module/cmake)
[1.294s] -- Found PythonLibs: /usr/lib/x86_64-linux-gnu/libpython3.10.so (found suitable version "3.10.12", minimum required is "3.5") 
[1.295s] -- Using PYTHON_EXECUTABLE: /usr/bin/python3
[1.295s] -- Using PYTHON_INCLUDE_DIRS: /usr/include/python3.10
[1.295s] -- Using PYTHON_LIBRARIES: /usr/lib/x86_64-linux-gnu/libpython3.10.so
[1.308s] -- Found PythonExtra: .so  
[1.343s] -- Found ament_lint_auto: 0.12.14 (/opt/ros/humble/share/ament_lint_auto/cmake)
[1.357s] -- Added test 'copyright' to check source files copyright and LICENSE
[1.358s] -- Added test 'lint_cmake' to check CMake code style
[1.359s] -- Added test 'xmllint' to check XML markup files
[1.361s] -- Configuring done
[1.387s] -- Generating done
[1.393s] -- Build files have been written to: /home/zck/workspace/http_to_ros/manual_control/build/robot_msg
[1.400s] Invoked command in '/home/zck/workspace/http_to_ros/manual_control/build/robot_msg' returned '0': CMAKE_PREFIX_PATH=/opt/ros/humble /usr/bin/cmake /home/zck/workspace/http_to_ros/manual_control/src/robot_msg -DAMENT_CMAKE_SYMLINK_INSTALL=1 -DCMAKE_INSTALL_PREFIX=/home/zck/workspace/http_to_ros/manual_control/install/robot_msg
[1.401s] Invoking command in '/home/zck/workspace/http_to_ros/manual_control/build/robot_msg': CMAKE_PREFIX_PATH=/opt/ros/humble /usr/bin/cmake --build /home/zck/workspace/http_to_ros/manual_control/build/robot_msg -- -j14 -l14
[1.439s] [  1%] [34m[1mGenerating C code for ROS interfaces[0m
[1.447s] [  1%] [34m[1mGenerating C++ code for ROS interfaces[0m
[1.454s] [  1%] Built target ament_cmake_python_symlink_robot_msg
[1.694s] running egg_info
[1.695s] creating robot_msg.egg-info
[1.695s] writing robot_msg.egg-info/PKG-INFO
[1.696s] writing dependency_links to robot_msg.egg-info/dependency_links.txt
[1.696s] writing top-level names to robot_msg.egg-info/top_level.txt
[1.696s] writing manifest file 'robot_msg.egg-info/SOURCES.txt'
[1.698s] reading manifest file 'robot_msg.egg-info/SOURCES.txt'
[1.699s] writing manifest file 'robot_msg.egg-info/SOURCES.txt'
[1.740s] [  1%] Built target ament_cmake_python_build_robot_msg_egg
[2.189s] [  1%] Built target robot_msg__cpp
[2.204s] [  2%] [34m[1mGenerating C++ type support dispatch for ROS interfaces[0m
[2.208s] [  3%] [34m[1mGenerating C++ introspection for ROS interfaces[0m
[2.212s] [  4%] [34m[1mGenerating C++ type support for eProsima Fast-RTPS[0m
[2.282s] [  5%] [32mBuilding C object CMakeFiles/robot_msg__rosidl_generator_c.dir/rosidl_generator_c/robot_msg/msg/detail/can_bus_data__functions.c.o[0m
[2.296s] [  6%] [32mBuilding C object CMakeFiles/robot_msg__rosidl_generator_c.dir/rosidl_generator_c/robot_msg/msg/detail/motor_driver_data__functions.c.o[0m
[2.306s] [  7%] [32mBuilding C object CMakeFiles/robot_msg__rosidl_generator_c.dir/rosidl_generator_c/robot_msg/msg/detail/imu_acc__functions.c.o[0m
[2.312s] [  8%] [32mBuilding C object CMakeFiles/robot_msg__rosidl_generator_c.dir/rosidl_generator_c/robot_msg/srv/detail/cache_set__functions.c.o[0m
[2.313s] [  9%] [32mBuilding C object CMakeFiles/robot_msg__rosidl_generator_c.dir/rosidl_generator_c/robot_msg/msg/detail/imu_angle__functions.c.o[0m
[2.318s] [ 10%] [32mBuilding C object CMakeFiles/robot_msg__rosidl_generator_c.dir/rosidl_generator_c/robot_msg/srv/detail/imu_rectify__functions.c.o[0m
[2.329s] [ 12%] [32mBuilding C object CMakeFiles/robot_msg__rosidl_generator_c.dir/rosidl_generator_c/robot_msg/msg/detail/motor_driver_message__functions.c.o[0m
[2.337s] [ 12%] [32mBuilding C object CMakeFiles/robot_msg__rosidl_generator_c.dir/rosidl_generator_c/robot_msg/msg/detail/imu_gyro__functions.c.o[0m
[2.337s] [ 13%] [32mBuilding C object CMakeFiles/robot_msg__rosidl_generator_c.dir/rosidl_generator_c/robot_msg/srv/detail/cache_get__functions.c.o[0m
[2.347s] [ 14%] [32mBuilding C object CMakeFiles/robot_msg__rosidl_generator_c.dir/rosidl_generator_c/robot_msg/msg/detail/serial_data__functions.c.o[0m
[2.517s] [ 15%] [32m[1mLinking C shared library librobot_msg__rosidl_generator_c.so[0m
[2.634s] [ 15%] Built target robot_msg__rosidl_generator_c
[2.655s] [ 16%] [34m[1mGenerating C introspection for ROS interfaces[0m
[2.659s] [ 17%] [34m[1mGenerating C type support dispatch for ROS interfaces[0m
[2.661s] [ 18%] [34m[1mGenerating C type support for eProsima Fast-RTPS[0m
[2.843s] [ 19%] [32mBuilding CXX object CMakeFiles/robot_msg__rosidl_typesupport_cpp.dir/rosidl_typesupport_cpp/robot_msg/msg/motor_driver_data__type_support.cpp.o[0m
[2.847s] [ 20%] [32mBuilding CXX object CMakeFiles/robot_msg__rosidl_typesupport_cpp.dir/rosidl_typesupport_cpp/robot_msg/msg/imu_angle__type_support.cpp.o[0m
[2.849s] [ 21%] [32mBuilding CXX object CMakeFiles/robot_msg__rosidl_typesupport_cpp.dir/rosidl_typesupport_cpp/robot_msg/msg/motor_driver_message__type_support.cpp.o[0m
[2.855s] [ 22%] [32mBuilding CXX object CMakeFiles/robot_msg__rosidl_typesupport_cpp.dir/rosidl_typesupport_cpp/robot_msg/msg/serial_data__type_support.cpp.o[0m
[2.858s] [ 23%] [32mBuilding CXX object CMakeFiles/robot_msg__rosidl_typesupport_cpp.dir/rosidl_typesupport_cpp/robot_msg/msg/imu_acc__type_support.cpp.o[0m
[2.875s] [ 24%] [32mBuilding CXX object CMakeFiles/robot_msg__rosidl_typesupport_cpp.dir/rosidl_typesupport_cpp/robot_msg/msg/imu_gyro__type_support.cpp.o[0m
[2.877s] [ 25%] [32mBuilding CXX object CMakeFiles/robot_msg__rosidl_typesupport_cpp.dir/rosidl_typesupport_cpp/robot_msg/msg/can_bus_data__type_support.cpp.o[0m
[2.879s] [ 26%] [32mBuilding CXX object CMakeFiles/robot_msg__rosidl_typesupport_cpp.dir/rosidl_typesupport_cpp/robot_msg/srv/cache_get__type_support.cpp.o[0m
[2.901s] [ 27%] [32mBuilding CXX object CMakeFiles/robot_msg__rosidl_typesupport_cpp.dir/rosidl_typesupport_cpp/robot_msg/srv/cache_set__type_support.cpp.o[0m
[3.452s] [ 28%] [32mBuilding CXX object CMakeFiles/robot_msg__rosidl_typesupport_cpp.dir/rosidl_typesupport_cpp/robot_msg/srv/imu_rectify__type_support.cpp.o[0m
[3.707s] [ 29%] [32mBuilding CXX object CMakeFiles/robot_msg__rosidl_typesupport_introspection_cpp.dir/rosidl_typesupport_introspection_cpp/robot_msg/msg/detail/can_bus_data__type_support.cpp.o[0m
[3.729s] [ 30%] [32mBuilding CXX object CMakeFiles/robot_msg__rosidl_typesupport_introspection_cpp.dir/rosidl_typesupport_introspection_cpp/robot_msg/msg/detail/motor_driver_data__type_support.cpp.o[0m
[3.732s] [ 31%] [32mBuilding CXX object CMakeFiles/robot_msg__rosidl_typesupport_introspection_cpp.dir/rosidl_typesupport_introspection_cpp/robot_msg/msg/detail/motor_driver_message__type_support.cpp.o[0m
[3.737s] [ 32%] [32mBuilding CXX object CMakeFiles/robot_msg__rosidl_typesupport_introspection_cpp.dir/rosidl_typesupport_introspection_cpp/robot_msg/msg/detail/serial_data__type_support.cpp.o[0m
[3.747s] [ 33%] [32mBuilding CXX object CMakeFiles/robot_msg__rosidl_typesupport_introspection_cpp.dir/rosidl_typesupport_introspection_cpp/robot_msg/msg/detail/imu_angle__type_support.cpp.o[0m
[3.770s] [ 34%] [32mBuilding CXX object CMakeFiles/robot_msg__rosidl_typesupport_introspection_cpp.dir/rosidl_typesupport_introspection_cpp/robot_msg/msg/detail/imu_gyro__type_support.cpp.o[0m
[3.770s] [ 35%] [32mBuilding CXX object CMakeFiles/robot_msg__rosidl_typesupport_introspection_cpp.dir/rosidl_typesupport_introspection_cpp/robot_msg/msg/detail/imu_acc__type_support.cpp.o[0m
[3.842s] [ 36%] [32mBuilding CXX object CMakeFiles/robot_msg__rosidl_typesupport_fastrtps_cpp.dir/rosidl_typesupport_fastrtps_cpp/robot_msg/msg/detail/dds_fastrtps/can_bus_data__type_support.cpp.o[0m
[3.873s] [ 37%] [32mBuilding CXX object CMakeFiles/robot_msg__rosidl_typesupport_introspection_cpp.dir/rosidl_typesupport_introspection_cpp/robot_msg/srv/detail/cache_set__type_support.cpp.o[0m
[4.202s] [ 38%] [32mBuilding CXX object CMakeFiles/robot_msg__rosidl_typesupport_introspection_cpp.dir/rosidl_typesupport_introspection_cpp/robot_msg/srv/detail/cache_get__type_support.cpp.o[0m
[4.415s] [ 39%] [32mBuilding CXX object CMakeFiles/robot_msg__rosidl_typesupport_introspection_cpp.dir/rosidl_typesupport_introspection_cpp/robot_msg/srv/detail/imu_rectify__type_support.cpp.o[0m
[4.448s] [ 40%] [32mBuilding CXX object CMakeFiles/robot_msg__rosidl_typesupport_fastrtps_cpp.dir/rosidl_typesupport_fastrtps_cpp/robot_msg/msg/detail/dds_fastrtps/motor_driver_data__type_support.cpp.o[0m
[4.582s] [ 40%] [32mBuilding CXX object CMakeFiles/robot_msg__rosidl_typesupport_fastrtps_cpp.dir/rosidl_typesupport_fastrtps_cpp/robot_msg/msg/detail/dds_fastrtps/motor_driver_message__type_support.cpp.o[0m
[4.650s] [ 41%] [32mBuilding CXX object CMakeFiles/robot_msg__rosidl_typesupport_fastrtps_cpp.dir/rosidl_typesupport_fastrtps_cpp/robot_msg/msg/detail/dds_fastrtps/serial_data__type_support.cpp.o[0m
[4.680s] [ 42%] [32mBuilding C object CMakeFiles/robot_msg__rosidl_typesupport_introspection_c.dir/rosidl_typesupport_introspection_c/robot_msg/msg/detail/can_bus_data__type_support.c.o[0m
[4.727s] [ 43%] [32mBuilding C object CMakeFiles/robot_msg__rosidl_typesupport_introspection_c.dir/rosidl_typesupport_introspection_c/robot_msg/msg/detail/motor_driver_data__type_support.c.o[0m
[4.759s] [ 44%] [32mBuilding CXX object CMakeFiles/robot_msg__rosidl_typesupport_fastrtps_cpp.dir/rosidl_typesupport_fastrtps_cpp/robot_msg/msg/detail/dds_fastrtps/imu_angle__type_support.cpp.o[0m
[4.802s] [ 45%] [32mBuilding C object CMakeFiles/robot_msg__rosidl_typesupport_introspection_c.dir/rosidl_typesupport_introspection_c/robot_msg/msg/detail/motor_driver_message__type_support.c.o[0m
[4.806s] [ 46%] [32mBuilding CXX object CMakeFiles/robot_msg__rosidl_typesupport_fastrtps_cpp.dir/rosidl_typesupport_fastrtps_cpp/robot_msg/msg/detail/dds_fastrtps/imu_gyro__type_support.cpp.o[0m
[4.818s] [ 47%] [32mBuilding C object CMakeFiles/robot_msg__rosidl_typesupport_introspection_c.dir/rosidl_typesupport_introspection_c/robot_msg/msg/detail/serial_data__type_support.c.o[0m
[4.836s] [ 48%] [32mBuilding CXX object CMakeFiles/robot_msg__rosidl_typesupport_fastrtps_c.dir/rosidl_typesupport_fastrtps_c/robot_msg/msg/detail/can_bus_data__type_support_c.cpp.o[0m
[4.889s] [ 49%] [32mBuilding C object CMakeFiles/robot_msg__rosidl_typesupport_introspection_c.dir/rosidl_typesupport_introspection_c/robot_msg/msg/detail/imu_angle__type_support.c.o[0m
[4.889s] [ 50%] [32mBuilding CXX object CMakeFiles/robot_msg__rosidl_typesupport_fastrtps_cpp.dir/rosidl_typesupport_fastrtps_cpp/robot_msg/msg/detail/dds_fastrtps/imu_acc__type_support.cpp.o[0m
[4.907s] [ 51%] [32mBuilding CXX object CMakeFiles/robot_msg__rosidl_typesupport_fastrtps_cpp.dir/rosidl_typesupport_fastrtps_cpp/robot_msg/srv/detail/dds_fastrtps/cache_set__type_support.cpp.o[0m
[4.961s] [ 52%] [32mBuilding C object CMakeFiles/robot_msg__rosidl_typesupport_introspection_c.dir/rosidl_typesupport_introspection_c/robot_msg/msg/detail/imu_gyro__type_support.c.o[0m
[4.981s] [ 53%] [32mBuilding CXX object CMakeFiles/robot_msg__rosidl_typesupport_fastrtps_cpp.dir/rosidl_typesupport_fastrtps_cpp/robot_msg/srv/detail/dds_fastrtps/cache_get__type_support.cpp.o[0m
[5.029s] [ 54%] [32mBuilding C object CMakeFiles/robot_msg__rosidl_typesupport_introspection_c.dir/rosidl_typesupport_introspection_c/robot_msg/msg/detail/imu_acc__type_support.c.o[0m
[5.099s] [ 55%] [32m[1mLinking CXX shared library librobot_msg__rosidl_typesupport_introspection_cpp.so[0m
[5.123s] [ 56%] [32mBuilding C object CMakeFiles/robot_msg__rosidl_typesupport_introspection_c.dir/rosidl_typesupport_introspection_c/robot_msg/srv/detail/cache_set__type_support.c.o[0m
[5.156s] [ 57%] [32m[1mLinking CXX shared library librobot_msg__rosidl_typesupport_cpp.so[0m
[5.257s] [ 58%] [32mBuilding C object CMakeFiles/robot_msg__rosidl_typesupport_introspection_c.dir/rosidl_typesupport_introspection_c/robot_msg/srv/detail/cache_get__type_support.c.o[0m
[5.326s] [ 58%] Built target robot_msg__rosidl_typesupport_cpp
[5.327s] [ 59%] [32mBuilding CXX object CMakeFiles/robot_msg__rosidl_typesupport_fastrtps_cpp.dir/rosidl_typesupport_fastrtps_cpp/robot_msg/srv/detail/dds_fastrtps/imu_rectify__type_support.cpp.o[0m
[5.374s] [ 59%] Built target robot_msg__rosidl_typesupport_introspection_cpp
[5.390s] [ 60%] [32mBuilding C object CMakeFiles/robot_msg__rosidl_typesupport_introspection_c.dir/rosidl_typesupport_introspection_c/robot_msg/srv/detail/imu_rectify__type_support.c.o[0m
[5.392s] [ 61%] [32mBuilding CXX object CMakeFiles/robot_msg__rosidl_typesupport_fastrtps_c.dir/rosidl_typesupport_fastrtps_c/robot_msg/msg/detail/motor_driver_data__type_support_c.cpp.o[0m
[5.412s] [ 62%] [32mBuilding CXX object CMakeFiles/robot_msg__rosidl_typesupport_fastrtps_c.dir/rosidl_typesupport_fastrtps_c/robot_msg/msg/detail/imu_angle__type_support_c.cpp.o[0m
[5.419s] [ 63%] [32mBuilding CXX object CMakeFiles/robot_msg__rosidl_typesupport_fastrtps_c.dir/rosidl_typesupport_fastrtps_c/robot_msg/msg/detail/motor_driver_message__type_support_c.cpp.o[0m
[5.443s] [ 64%] [32mBuilding CXX object CMakeFiles/robot_msg__rosidl_typesupport_fastrtps_c.dir/rosidl_typesupport_fastrtps_c/robot_msg/msg/detail/serial_data__type_support_c.cpp.o[0m
[5.481s] [ 65%] [32mBuilding CXX object CMakeFiles/robot_msg__rosidl_typesupport_fastrtps_c.dir/rosidl_typesupport_fastrtps_c/robot_msg/msg/detail/imu_gyro__type_support_c.cpp.o[0m
[5.500s] [ 66%] [32mBuilding CXX object CMakeFiles/robot_msg__rosidl_typesupport_fastrtps_c.dir/rosidl_typesupport_fastrtps_c/robot_msg/msg/detail/imu_acc__type_support_c.cpp.o[0m
[5.610s] [ 67%] [32m[1mLinking C shared library librobot_msg__rosidl_typesupport_introspection_c.so[0m
[5.654s] [ 68%] [32mBuilding CXX object CMakeFiles/robot_msg__rosidl_typesupport_fastrtps_c.dir/rosidl_typesupport_fastrtps_c/robot_msg/srv/detail/cache_set__type_support_c.cpp.o[0m
[5.682s] [ 69%] [32mBuilding CXX object CMakeFiles/robot_msg__rosidl_typesupport_c.dir/rosidl_typesupport_c/robot_msg/msg/can_bus_data__type_support.cpp.o[0m
[5.696s] [ 70%] [32mBuilding CXX object CMakeFiles/robot_msg__rosidl_typesupport_fastrtps_c.dir/rosidl_typesupport_fastrtps_c/robot_msg/srv/detail/cache_get__type_support_c.cpp.o[0m
[5.739s] [ 71%] [32mBuilding CXX object CMakeFiles/robot_msg__rosidl_typesupport_c.dir/rosidl_typesupport_c/robot_msg/msg/motor_driver_data__type_support.cpp.o[0m
[5.746s] [ 71%] Built target robot_msg__rosidl_typesupport_introspection_c
[5.774s] [ 72%] [32mBuilding CXX object CMakeFiles/robot_msg__rosidl_typesupport_fastrtps_c.dir/rosidl_typesupport_fastrtps_c/robot_msg/srv/detail/imu_rectify__type_support_c.cpp.o[0m
[5.850s] [ 73%] [32mBuilding CXX object CMakeFiles/robot_msg__rosidl_typesupport_c.dir/rosidl_typesupport_c/robot_msg/msg/motor_driver_message__type_support.cpp.o[0m
[5.850s] [ 74%] [32mBuilding CXX object CMakeFiles/robot_msg__rosidl_typesupport_c.dir/rosidl_typesupport_c/robot_msg/msg/serial_data__type_support.cpp.o[0m
[5.928s] [ 75%] [32mBuilding CXX object CMakeFiles/robot_msg__rosidl_typesupport_c.dir/rosidl_typesupport_c/robot_msg/msg/imu_gyro__type_support.cpp.o[0m
[5.971s] [ 76%] [32mBuilding CXX object CMakeFiles/robot_msg__rosidl_typesupport_c.dir/rosidl_typesupport_c/robot_msg/srv/cache_set__type_support.cpp.o[0m
[5.988s] [ 77%] [32mBuilding CXX object CMakeFiles/robot_msg__rosidl_typesupport_c.dir/rosidl_typesupport_c/robot_msg/msg/imu_acc__type_support.cpp.o[0m
[5.990s] [ 78%] [32mBuilding CXX object CMakeFiles/robot_msg__rosidl_typesupport_c.dir/rosidl_typesupport_c/robot_msg/msg/imu_angle__type_support.cpp.o[0m
[6.068s] [ 78%] [32mBuilding CXX object CMakeFiles/robot_msg__rosidl_typesupport_c.dir/rosidl_typesupport_c/robot_msg/srv/cache_get__type_support.cpp.o[0m
[6.089s] [ 79%] [32mBuilding CXX object CMakeFiles/robot_msg__rosidl_typesupport_c.dir/rosidl_typesupport_c/robot_msg/srv/imu_rectify__type_support.cpp.o[0m
[6.222s] [ 80%] [32m[1mLinking CXX shared library librobot_msg__rosidl_typesupport_c.so[0m
[6.303s] [ 80%] Built target robot_msg__rosidl_typesupport_c
[6.341s] [ 81%] [32m[1mLinking CXX shared library librobot_msg__rosidl_typesupport_fastrtps_cpp.so[0m
[6.422s] [ 81%] Built target robot_msg__rosidl_typesupport_fastrtps_cpp
[6.507s] [ 82%] [32m[1mLinking CXX shared library librobot_msg__rosidl_typesupport_fastrtps_c.so[0m
[6.563s] [ 82%] Built target robot_msg__rosidl_typesupport_fastrtps_c
[6.581s] [ 82%] Built target robot_msg
[6.598s] [ 83%] [34m[1mGenerating Python code for ROS interfaces[0m
[7.310s] [ 83%] Built target robot_msg__py
[7.327s] [ 84%] [32mBuilding C object CMakeFiles/robot_msg__rosidl_generator_py.dir/rosidl_generator_py/robot_msg/msg/_imu_angle_s.c.o[0m
[7.327s] [ 85%] [32mBuilding C object CMakeFiles/robot_msg__rosidl_generator_py.dir/rosidl_generator_py/robot_msg/msg/_serial_data_s.c.o[0m
[7.328s] [ 87%] [32mBuilding C object CMakeFiles/robot_msg__rosidl_generator_py.dir/rosidl_generator_py/robot_msg/msg/_motor_driver_message_s.c.o[0m
[7.328s] [ 87%] [32mBuilding C object CMakeFiles/robot_msg__rosidl_generator_py.dir/rosidl_generator_py/robot_msg/msg/_motor_driver_data_s.c.o[0m
[7.328s] [ 89%] [32mBuilding C object CMakeFiles/robot_msg__rosidl_generator_py.dir/rosidl_generator_py/robot_msg/msg/_imu_acc_s.c.o[0m
[7.328s] [ 89%] [32mBuilding C object CMakeFiles/robot_msg__rosidl_generator_py.dir/rosidl_generator_py/robot_msg/msg/_can_bus_data_s.c.o[0m
[7.329s] [ 90%] [32mBuilding C object CMakeFiles/robot_msg__rosidl_generator_py.dir/rosidl_generator_py/robot_msg/msg/_imu_gyro_s.c.o[0m
[7.330s] [ 91%] [32mBuilding C object CMakeFiles/robot_msg__rosidl_generator_py.dir/rosidl_generator_py/robot_msg/srv/_cache_get_s.c.o[0m
[7.330s] [ 92%] [32mBuilding C object CMakeFiles/robot_msg__rosidl_generator_py.dir/rosidl_generator_py/robot_msg/srv/_imu_rectify_s.c.o[0m
[7.333s] [ 93%] [32mBuilding C object CMakeFiles/robot_msg__rosidl_generator_py.dir/rosidl_generator_py/robot_msg/srv/_cache_set_s.c.o[0m
[7.449s] [ 94%] [32m[1mLinking C shared library rosidl_generator_py/robot_msg/librobot_msg__rosidl_generator_py.so[0m
[7.481s] [ 94%] Built target robot_msg__rosidl_generator_py
[7.496s] [ 95%] [32mBuilding C object CMakeFiles/robot_msg__rosidl_typesupport_fastrtps_c__pyext.dir/rosidl_generator_py/robot_msg/_robot_msg_s.ep.rosidl_typesupport_fastrtps_c.c.o[0m
[7.497s] [ 96%] [32mBuilding C object CMakeFiles/robot_msg__rosidl_typesupport_introspection_c__pyext.dir/rosidl_generator_py/robot_msg/_robot_msg_s.ep.rosidl_typesupport_introspection_c.c.o[0m
[7.498s] [ 97%] [32mBuilding C object CMakeFiles/robot_msg__rosidl_typesupport_c__pyext.dir/rosidl_generator_py/robot_msg/_robot_msg_s.ep.rosidl_typesupport_c.c.o[0m
[7.575s] [ 98%] [32m[1mLinking C shared library rosidl_generator_py/robot_msg/robot_msg_s__rosidl_typesupport_fastrtps_c.cpython-310-x86_64-linux-gnu.so[0m
[7.576s] [ 99%] [32m[1mLinking C shared library rosidl_generator_py/robot_msg/robot_msg_s__rosidl_typesupport_introspection_c.cpython-310-x86_64-linux-gnu.so[0m
[7.602s] [ 99%] Built target robot_msg__rosidl_typesupport_fastrtps_c__pyext
[7.607s] [ 99%] Built target robot_msg__rosidl_typesupport_introspection_c__pyext
[7.620s] [100%] [32m[1mLinking C shared library rosidl_generator_py/robot_msg/robot_msg_s__rosidl_typesupport_c.cpython-310-x86_64-linux-gnu.so[0m
[7.647s] [100%] Built target robot_msg__rosidl_typesupport_c__pyext
[7.656s] Invoked command in '/home/zck/workspace/http_to_ros/manual_control/build/robot_msg' returned '0': CMAKE_PREFIX_PATH=/opt/ros/humble /usr/bin/cmake --build /home/zck/workspace/http_to_ros/manual_control/build/robot_msg -- -j14 -l14
[7.658s] Invoking command in '/home/zck/workspace/http_to_ros/manual_control/build/robot_msg': CMAKE_PREFIX_PATH=/opt/ros/humble /usr/bin/cmake --install /home/zck/workspace/http_to_ros/manual_control/build/robot_msg
[7.663s] -- Install configuration: ""
[7.663s] -- Execute custom install script
[7.663s] -- Symlinking: /home/zck/workspace/http_to_ros/manual_control/install/robot_msg/share/ament_index/resource_index/rosidl_interfaces/robot_msg
[7.669s] -- Symlinking: /home/zck/workspace/http_to_ros/manual_control/install/robot_msg/include/robot_msg/robot_msg/msg/can_bus_data.h
[7.676s] -- Symlinking: /home/zck/workspace/http_to_ros/manual_control/install/robot_msg/include/robot_msg/robot_msg/msg/detail/can_bus_data__functions.h
[7.683s] -- Symlinking: /home/zck/workspace/http_to_ros/manual_control/install/robot_msg/include/robot_msg/robot_msg/msg/detail/can_bus_data__struct.h
[7.690s] -- Symlinking: /home/zck/workspace/http_to_ros/manual_control/install/robot_msg/include/robot_msg/robot_msg/msg/detail/can_bus_data__type_support.h
[7.698s] -- Symlinking: /home/zck/workspace/http_to_ros/manual_control/install/robot_msg/include/robot_msg/robot_msg/msg/detail/imu_acc__functions.h
[7.705s] -- Symlinking: /home/zck/workspace/http_to_ros/manual_control/install/robot_msg/include/robot_msg/robot_msg/msg/detail/imu_acc__struct.h
[7.711s] -- Symlinking: /home/zck/workspace/http_to_ros/manual_control/install/robot_msg/include/robot_msg/robot_msg/msg/detail/imu_acc__type_support.h
[7.718s] -- Symlinking: /home/zck/workspace/http_to_ros/manual_control/install/robot_msg/include/robot_msg/robot_msg/msg/detail/imu_angle__functions.h
[7.724s] -- Symlinking: /home/zck/workspace/http_to_ros/manual_control/install/robot_msg/include/robot_msg/robot_msg/msg/detail/imu_angle__struct.h
[7.729s] -- Symlinking: /home/zck/workspace/http_to_ros/manual_control/install/robot_msg/include/robot_msg/robot_msg/msg/detail/imu_angle__type_support.h
[7.737s] -- Symlinking: /home/zck/workspace/http_to_ros/manual_control/install/robot_msg/include/robot_msg/robot_msg/msg/detail/imu_gyro__functions.h
[7.743s] -- Symlinking: /home/zck/workspace/http_to_ros/manual_control/install/robot_msg/include/robot_msg/robot_msg/msg/detail/imu_gyro__struct.h
[7.751s] -- Symlinking: /home/zck/workspace/http_to_ros/manual_control/install/robot_msg/include/robot_msg/robot_msg/msg/detail/imu_gyro__type_support.h
[7.758s] -- Symlinking: /home/zck/workspace/http_to_ros/manual_control/install/robot_msg/include/robot_msg/robot_msg/msg/detail/motor_driver_data__functions.h
[7.764s] -- Symlinking: /home/zck/workspace/http_to_ros/manual_control/install/robot_msg/include/robot_msg/robot_msg/msg/detail/motor_driver_data__struct.h
[7.769s] -- Symlinking: /home/zck/workspace/http_to_ros/manual_control/install/robot_msg/include/robot_msg/robot_msg/msg/detail/motor_driver_data__type_support.h
[7.775s] -- Symlinking: /home/zck/workspace/http_to_ros/manual_control/install/robot_msg/include/robot_msg/robot_msg/msg/detail/motor_driver_message__functions.h
[7.780s] -- Symlinking: /home/zck/workspace/http_to_ros/manual_control/install/robot_msg/include/robot_msg/robot_msg/msg/detail/motor_driver_message__struct.h
[7.786s] -- Symlinking: /home/zck/workspace/http_to_ros/manual_control/install/robot_msg/include/robot_msg/robot_msg/msg/detail/motor_driver_message__type_support.h
[7.793s] -- Symlinking: /home/zck/workspace/http_to_ros/manual_control/install/robot_msg/include/robot_msg/robot_msg/msg/detail/serial_data__functions.h
[7.801s] -- Symlinking: /home/zck/workspace/http_to_ros/manual_control/install/robot_msg/include/robot_msg/robot_msg/msg/detail/serial_data__struct.h
[7.806s] -- Symlinking: /home/zck/workspace/http_to_ros/manual_control/install/robot_msg/include/robot_msg/robot_msg/msg/detail/serial_data__type_support.h
[7.813s] -- Symlinking: /home/zck/workspace/http_to_ros/manual_control/install/robot_msg/include/robot_msg/robot_msg/msg/imu_acc.h
[7.821s] -- Symlinking: /home/zck/workspace/http_to_ros/manual_control/install/robot_msg/include/robot_msg/robot_msg/msg/imu_angle.h
[7.830s] -- Symlinking: /home/zck/workspace/http_to_ros/manual_control/install/robot_msg/include/robot_msg/robot_msg/msg/imu_gyro.h
[7.838s] -- Symlinking: /home/zck/workspace/http_to_ros/manual_control/install/robot_msg/include/robot_msg/robot_msg/msg/motor_driver_data.h
[7.850s] -- Symlinking: /home/zck/workspace/http_to_ros/manual_control/install/robot_msg/include/robot_msg/robot_msg/msg/motor_driver_message.h
[7.857s] -- Symlinking: /home/zck/workspace/http_to_ros/manual_control/install/robot_msg/include/robot_msg/robot_msg/msg/rosidl_generator_c__visibility_control.h
[7.861s] -- Symlinking: /home/zck/workspace/http_to_ros/manual_control/install/robot_msg/include/robot_msg/robot_msg/msg/serial_data.h
[7.867s] -- Symlinking: /home/zck/workspace/http_to_ros/manual_control/install/robot_msg/include/robot_msg/robot_msg/srv/cache_get.h
[7.875s] -- Symlinking: /home/zck/workspace/http_to_ros/manual_control/install/robot_msg/include/robot_msg/robot_msg/srv/cache_set.h
[7.883s] -- Symlinking: /home/zck/workspace/http_to_ros/manual_control/install/robot_msg/include/robot_msg/robot_msg/srv/detail/cache_get__functions.h
[7.893s] -- Symlinking: /home/zck/workspace/http_to_ros/manual_control/install/robot_msg/include/robot_msg/robot_msg/srv/detail/cache_get__struct.h
[7.902s] -- Symlinking: /home/zck/workspace/http_to_ros/manual_control/install/robot_msg/include/robot_msg/robot_msg/srv/detail/cache_get__type_support.h
[7.908s] -- Symlinking: /home/zck/workspace/http_to_ros/manual_control/install/robot_msg/include/robot_msg/robot_msg/srv/detail/cache_set__functions.h
[7.918s] -- Symlinking: /home/zck/workspace/http_to_ros/manual_control/install/robot_msg/include/robot_msg/robot_msg/srv/detail/cache_set__struct.h
[7.928s] -- Symlinking: /home/zck/workspace/http_to_ros/manual_control/install/robot_msg/include/robot_msg/robot_msg/srv/detail/cache_set__type_support.h
[7.938s] -- Symlinking: /home/zck/workspace/http_to_ros/manual_control/install/robot_msg/include/robot_msg/robot_msg/srv/detail/imu_rectify__functions.h
[7.950s] -- Symlinking: /home/zck/workspace/http_to_ros/manual_control/install/robot_msg/include/robot_msg/robot_msg/srv/detail/imu_rectify__struct.h
[7.957s] -- Symlinking: /home/zck/workspace/http_to_ros/manual_control/install/robot_msg/include/robot_msg/robot_msg/srv/detail/imu_rectify__type_support.h
[7.964s] -- Symlinking: /home/zck/workspace/http_to_ros/manual_control/install/robot_msg/include/robot_msg/robot_msg/srv/imu_rectify.h
[7.970s] -- Symlinking: /home/zck/workspace/http_to_ros/manual_control/install/robot_msg/share/robot_msg/environment/library_path.sh
[7.976s] -- Symlinking: /home/zck/workspace/http_to_ros/manual_control/install/robot_msg/share/robot_msg/environment/library_path.dsv
[7.982s] -- Symlinking: /home/zck/workspace/http_to_ros/manual_control/install/robot_msg/include/robot_msg/robot_msg/msg/detail/can_bus_data__rosidl_typesupport_fastrtps_c.h
[7.990s] -- Symlinking: /home/zck/workspace/http_to_ros/manual_control/install/robot_msg/include/robot_msg/robot_msg/msg/detail/imu_acc__rosidl_typesupport_fastrtps_c.h
[7.995s] -- Symlinking: /home/zck/workspace/http_to_ros/manual_control/install/robot_msg/include/robot_msg/robot_msg/msg/detail/imu_angle__rosidl_typesupport_fastrtps_c.h
[8.002s] -- Symlinking: /home/zck/workspace/http_to_ros/manual_control/install/robot_msg/include/robot_msg/robot_msg/msg/detail/imu_gyro__rosidl_typesupport_fastrtps_c.h
[8.007s] -- Symlinking: /home/zck/workspace/http_to_ros/manual_control/install/robot_msg/include/robot_msg/robot_msg/msg/detail/motor_driver_data__rosidl_typesupport_fastrtps_c.h
[8.014s] -- Symlinking: /home/zck/workspace/http_to_ros/manual_control/install/robot_msg/include/robot_msg/robot_msg/msg/detail/motor_driver_message__rosidl_typesupport_fastrtps_c.h
[8.023s] -- Symlinking: /home/zck/workspace/http_to_ros/manual_control/install/robot_msg/include/robot_msg/robot_msg/msg/detail/serial_data__rosidl_typesupport_fastrtps_c.h
[8.029s] -- Symlinking: /home/zck/workspace/http_to_ros/manual_control/install/robot_msg/include/robot_msg/robot_msg/msg/rosidl_typesupport_fastrtps_c__visibility_control.h
[8.037s] -- Symlinking: /home/zck/workspace/http_to_ros/manual_control/install/robot_msg/include/robot_msg/robot_msg/srv/detail/cache_get__rosidl_typesupport_fastrtps_c.h
[8.042s] -- Symlinking: /home/zck/workspace/http_to_ros/manual_control/install/robot_msg/include/robot_msg/robot_msg/srv/detail/cache_set__rosidl_typesupport_fastrtps_c.h
[8.047s] -- Symlinking: /home/zck/workspace/http_to_ros/manual_control/install/robot_msg/include/robot_msg/robot_msg/srv/detail/imu_rectify__rosidl_typesupport_fastrtps_c.h
[8.055s] -- Symlinking: /home/zck/workspace/http_to_ros/manual_control/install/robot_msg/include/robot_msg/robot_msg/msg/detail/can_bus_data__rosidl_typesupport_introspection_c.h
[8.063s] -- Symlinking: /home/zck/workspace/http_to_ros/manual_control/install/robot_msg/include/robot_msg/robot_msg/msg/detail/imu_acc__rosidl_typesupport_introspection_c.h
[8.069s] -- Symlinking: /home/zck/workspace/http_to_ros/manual_control/install/robot_msg/include/robot_msg/robot_msg/msg/detail/imu_angle__rosidl_typesupport_introspection_c.h
[8.076s] -- Symlinking: /home/zck/workspace/http_to_ros/manual_control/install/robot_msg/include/robot_msg/robot_msg/msg/detail/imu_gyro__rosidl_typesupport_introspection_c.h
[8.082s] -- Symlinking: /home/zck/workspace/http_to_ros/manual_control/install/robot_msg/include/robot_msg/robot_msg/msg/detail/motor_driver_data__rosidl_typesupport_introspection_c.h
[8.090s] -- Symlinking: /home/zck/workspace/http_to_ros/manual_control/install/robot_msg/include/robot_msg/robot_msg/msg/detail/motor_driver_message__rosidl_typesupport_introspection_c.h
[8.099s] -- Symlinking: /home/zck/workspace/http_to_ros/manual_control/install/robot_msg/include/robot_msg/robot_msg/msg/detail/serial_data__rosidl_typesupport_introspection_c.h
[8.107s] -- Symlinking: /home/zck/workspace/http_to_ros/manual_control/install/robot_msg/include/robot_msg/robot_msg/msg/rosidl_typesupport_introspection_c__visibility_control.h
[8.116s] -- Symlinking: /home/zck/workspace/http_to_ros/manual_control/install/robot_msg/include/robot_msg/robot_msg/srv/detail/cache_get__rosidl_typesupport_introspection_c.h
[8.126s] -- Symlinking: /home/zck/workspace/http_to_ros/manual_control/install/robot_msg/include/robot_msg/robot_msg/srv/detail/cache_set__rosidl_typesupport_introspection_c.h
[8.136s] -- Symlinking: /home/zck/workspace/http_to_ros/manual_control/install/robot_msg/include/robot_msg/robot_msg/srv/detail/imu_rectify__rosidl_typesupport_introspection_c.h
[8.142s] -- Symlinking: /home/zck/workspace/http_to_ros/manual_control/install/robot_msg/include/robot_msg/robot_msg/msg/can_bus_data.hpp
[8.150s] -- Symlinking: /home/zck/workspace/http_to_ros/manual_control/install/robot_msg/include/robot_msg/robot_msg/msg/detail/can_bus_data__builder.hpp
[8.159s] -- Symlinking: /home/zck/workspace/http_to_ros/manual_control/install/robot_msg/include/robot_msg/robot_msg/msg/detail/can_bus_data__struct.hpp
[8.166s] -- Symlinking: /home/zck/workspace/http_to_ros/manual_control/install/robot_msg/include/robot_msg/robot_msg/msg/detail/can_bus_data__traits.hpp
[8.174s] -- Symlinking: /home/zck/workspace/http_to_ros/manual_control/install/robot_msg/include/robot_msg/robot_msg/msg/detail/can_bus_data__type_support.hpp
[8.180s] -- Symlinking: /home/zck/workspace/http_to_ros/manual_control/install/robot_msg/include/robot_msg/robot_msg/msg/detail/imu_acc__builder.hpp
[8.188s] -- Symlinking: /home/zck/workspace/http_to_ros/manual_control/install/robot_msg/include/robot_msg/robot_msg/msg/detail/imu_acc__struct.hpp
[8.194s] -- Symlinking: /home/zck/workspace/http_to_ros/manual_control/install/robot_msg/include/robot_msg/robot_msg/msg/detail/imu_acc__traits.hpp
[8.201s] -- Symlinking: /home/zck/workspace/http_to_ros/manual_control/install/robot_msg/include/robot_msg/robot_msg/msg/detail/imu_acc__type_support.hpp
[8.206s] -- Symlinking: /home/zck/workspace/http_to_ros/manual_control/install/robot_msg/include/robot_msg/robot_msg/msg/detail/imu_angle__builder.hpp
[8.212s] -- Symlinking: /home/zck/workspace/http_to_ros/manual_control/install/robot_msg/include/robot_msg/robot_msg/msg/detail/imu_angle__struct.hpp
[8.219s] -- Symlinking: /home/zck/workspace/http_to_ros/manual_control/install/robot_msg/include/robot_msg/robot_msg/msg/detail/imu_angle__traits.hpp
[8.227s] -- Symlinking: /home/zck/workspace/http_to_ros/manual_control/install/robot_msg/include/robot_msg/robot_msg/msg/detail/imu_angle__type_support.hpp
[8.234s] -- Symlinking: /home/zck/workspace/http_to_ros/manual_control/install/robot_msg/include/robot_msg/robot_msg/msg/detail/imu_gyro__builder.hpp
[8.242s] -- Symlinking: /home/zck/workspace/http_to_ros/manual_control/install/robot_msg/include/robot_msg/robot_msg/msg/detail/imu_gyro__struct.hpp
[8.251s] -- Symlinking: /home/zck/workspace/http_to_ros/manual_control/install/robot_msg/include/robot_msg/robot_msg/msg/detail/imu_gyro__traits.hpp
[8.260s] -- Symlinking: /home/zck/workspace/http_to_ros/manual_control/install/robot_msg/include/robot_msg/robot_msg/msg/detail/imu_gyro__type_support.hpp
[8.268s] -- Symlinking: /home/zck/workspace/http_to_ros/manual_control/install/robot_msg/include/robot_msg/robot_msg/msg/detail/motor_driver_data__builder.hpp
[8.275s] -- Symlinking: /home/zck/workspace/http_to_ros/manual_control/install/robot_msg/include/robot_msg/robot_msg/msg/detail/motor_driver_data__struct.hpp
[8.281s] -- Symlinking: /home/zck/workspace/http_to_ros/manual_control/install/robot_msg/include/robot_msg/robot_msg/msg/detail/motor_driver_data__traits.hpp
[8.285s] -- Symlinking: /home/zck/workspace/http_to_ros/manual_control/install/robot_msg/include/robot_msg/robot_msg/msg/detail/motor_driver_data__type_support.hpp
[8.293s] -- Symlinking: /home/zck/workspace/http_to_ros/manual_control/install/robot_msg/include/robot_msg/robot_msg/msg/detail/motor_driver_message__builder.hpp
[8.300s] -- Symlinking: /home/zck/workspace/http_to_ros/manual_control/install/robot_msg/include/robot_msg/robot_msg/msg/detail/motor_driver_message__struct.hpp
[8.305s] -- Symlinking: /home/zck/workspace/http_to_ros/manual_control/install/robot_msg/include/robot_msg/robot_msg/msg/detail/motor_driver_message__traits.hpp
[8.313s] -- Symlinking: /home/zck/workspace/http_to_ros/manual_control/install/robot_msg/include/robot_msg/robot_msg/msg/detail/motor_driver_message__type_support.hpp
[8.318s] -- Symlinking: /home/zck/workspace/http_to_ros/manual_control/install/robot_msg/include/robot_msg/robot_msg/msg/detail/serial_data__builder.hpp
[8.325s] -- Symlinking: /home/zck/workspace/http_to_ros/manual_control/install/robot_msg/include/robot_msg/robot_msg/msg/detail/serial_data__struct.hpp
[8.332s] -- Symlinking: /home/zck/workspace/http_to_ros/manual_control/install/robot_msg/include/robot_msg/robot_msg/msg/detail/serial_data__traits.hpp
[8.338s] -- Symlinking: /home/zck/workspace/http_to_ros/manual_control/install/robot_msg/include/robot_msg/robot_msg/msg/detail/serial_data__type_support.hpp
[8.343s] -- Symlinking: /home/zck/workspace/http_to_ros/manual_control/install/robot_msg/include/robot_msg/robot_msg/msg/imu_acc.hpp
[8.351s] -- Symlinking: /home/zck/workspace/http_to_ros/manual_control/install/robot_msg/include/robot_msg/robot_msg/msg/imu_angle.hpp
[8.356s] -- Symlinking: /home/zck/workspace/http_to_ros/manual_control/install/robot_msg/include/robot_msg/robot_msg/msg/imu_gyro.hpp
[8.363s] -- Symlinking: /home/zck/workspace/http_to_ros/manual_control/install/robot_msg/include/robot_msg/robot_msg/msg/motor_driver_data.hpp
[8.368s] -- Symlinking: /home/zck/workspace/http_to_ros/manual_control/install/robot_msg/include/robot_msg/robot_msg/msg/motor_driver_message.hpp
[8.374s] -- Symlinking: /home/zck/workspace/http_to_ros/manual_control/install/robot_msg/include/robot_msg/robot_msg/msg/rosidl_generator_cpp__visibility_control.hpp
[8.379s] -- Symlinking: /home/zck/workspace/http_to_ros/manual_control/install/robot_msg/include/robot_msg/robot_msg/msg/serial_data.hpp
[8.384s] -- Symlinking: /home/zck/workspace/http_to_ros/manual_control/install/robot_msg/include/robot_msg/robot_msg/srv/cache_get.hpp
[8.391s] -- Symlinking: /home/zck/workspace/http_to_ros/manual_control/install/robot_msg/include/robot_msg/robot_msg/srv/cache_set.hpp
[8.397s] -- Symlinking: /home/zck/workspace/http_to_ros/manual_control/install/robot_msg/include/robot_msg/robot_msg/srv/detail/cache_get__builder.hpp
[8.404s] -- Symlinking: /home/zck/workspace/http_to_ros/manual_control/install/robot_msg/include/robot_msg/robot_msg/srv/detail/cache_get__struct.hpp
[8.410s] -- Symlinking: /home/zck/workspace/http_to_ros/manual_control/install/robot_msg/include/robot_msg/robot_msg/srv/detail/cache_get__traits.hpp
[8.417s] -- Symlinking: /home/zck/workspace/http_to_ros/manual_control/install/robot_msg/include/robot_msg/robot_msg/srv/detail/cache_get__type_support.hpp
[8.424s] -- Symlinking: /home/zck/workspace/http_to_ros/manual_control/install/robot_msg/include/robot_msg/robot_msg/srv/detail/cache_set__builder.hpp
[8.431s] -- Symlinking: /home/zck/workspace/http_to_ros/manual_control/install/robot_msg/include/robot_msg/robot_msg/srv/detail/cache_set__struct.hpp
[8.438s] -- Symlinking: /home/zck/workspace/http_to_ros/manual_control/install/robot_msg/include/robot_msg/robot_msg/srv/detail/cache_set__traits.hpp
[8.445s] -- Symlinking: /home/zck/workspace/http_to_ros/manual_control/install/robot_msg/include/robot_msg/robot_msg/srv/detail/cache_set__type_support.hpp
[8.451s] -- Symlinking: /home/zck/workspace/http_to_ros/manual_control/install/robot_msg/include/robot_msg/robot_msg/srv/detail/imu_rectify__builder.hpp
[8.459s] -- Symlinking: /home/zck/workspace/http_to_ros/manual_control/install/robot_msg/include/robot_msg/robot_msg/srv/detail/imu_rectify__struct.hpp
[8.467s] -- Symlinking: /home/zck/workspace/http_to_ros/manual_control/install/robot_msg/include/robot_msg/robot_msg/srv/detail/imu_rectify__traits.hpp
[8.474s] -- Symlinking: /home/zck/workspace/http_to_ros/manual_control/install/robot_msg/include/robot_msg/robot_msg/srv/detail/imu_rectify__type_support.hpp
[8.479s] -- Symlinking: /home/zck/workspace/http_to_ros/manual_control/install/robot_msg/include/robot_msg/robot_msg/srv/imu_rectify.hpp
[8.487s] -- Symlinking: /home/zck/workspace/http_to_ros/manual_control/install/robot_msg/include/robot_msg/robot_msg/msg/detail/can_bus_data__rosidl_typesupport_fastrtps_cpp.hpp
[8.494s] -- Symlinking: /home/zck/workspace/http_to_ros/manual_control/install/robot_msg/include/robot_msg/robot_msg/msg/detail/imu_acc__rosidl_typesupport_fastrtps_cpp.hpp
[8.500s] -- Symlinking: /home/zck/workspace/http_to_ros/manual_control/install/robot_msg/include/robot_msg/robot_msg/msg/detail/imu_angle__rosidl_typesupport_fastrtps_cpp.hpp
[8.504s] -- Symlinking: /home/zck/workspace/http_to_ros/manual_control/install/robot_msg/include/robot_msg/robot_msg/msg/detail/imu_gyro__rosidl_typesupport_fastrtps_cpp.hpp
[8.512s] -- Symlinking: /home/zck/workspace/http_to_ros/manual_control/install/robot_msg/include/robot_msg/robot_msg/msg/detail/motor_driver_data__rosidl_typesupport_fastrtps_cpp.hpp
[8.519s] -- Symlinking: /home/zck/workspace/http_to_ros/manual_control/install/robot_msg/include/robot_msg/robot_msg/msg/detail/motor_driver_message__rosidl_typesupport_fastrtps_cpp.hpp
[8.525s] -- Symlinking: /home/zck/workspace/http_to_ros/manual_control/install/robot_msg/include/robot_msg/robot_msg/msg/detail/serial_data__rosidl_typesupport_fastrtps_cpp.hpp
[8.530s] -- Symlinking: /home/zck/workspace/http_to_ros/manual_control/install/robot_msg/include/robot_msg/robot_msg/msg/rosidl_typesupport_fastrtps_cpp__visibility_control.h
[8.537s] -- Symlinking: /home/zck/workspace/http_to_ros/manual_control/install/robot_msg/include/robot_msg/robot_msg/srv/detail/cache_get__rosidl_typesupport_fastrtps_cpp.hpp
[8.543s] -- Symlinking: /home/zck/workspace/http_to_ros/manual_control/install/robot_msg/include/robot_msg/robot_msg/srv/detail/cache_set__rosidl_typesupport_fastrtps_cpp.hpp
[8.549s] -- Symlinking: /home/zck/workspace/http_to_ros/manual_control/install/robot_msg/include/robot_msg/robot_msg/srv/detail/imu_rectify__rosidl_typesupport_fastrtps_cpp.hpp
[8.557s] -- Symlinking: /home/zck/workspace/http_to_ros/manual_control/install/robot_msg/include/robot_msg/robot_msg/msg/detail/can_bus_data__rosidl_typesupport_introspection_cpp.hpp
[8.563s] -- Symlinking: /home/zck/workspace/http_to_ros/manual_control/install/robot_msg/include/robot_msg/robot_msg/msg/detail/imu_acc__rosidl_typesupport_introspection_cpp.hpp
[8.568s] -- Symlinking: /home/zck/workspace/http_to_ros/manual_control/install/robot_msg/include/robot_msg/robot_msg/msg/detail/imu_angle__rosidl_typesupport_introspection_cpp.hpp
[8.574s] -- Symlinking: /home/zck/workspace/http_to_ros/manual_control/install/robot_msg/include/robot_msg/robot_msg/msg/detail/imu_gyro__rosidl_typesupport_introspection_cpp.hpp
[8.579s] -- Symlinking: /home/zck/workspace/http_to_ros/manual_control/install/robot_msg/include/robot_msg/robot_msg/msg/detail/motor_driver_data__rosidl_typesupport_introspection_cpp.hpp
[8.586s] -- Symlinking: /home/zck/workspace/http_to_ros/manual_control/install/robot_msg/include/robot_msg/robot_msg/msg/detail/motor_driver_message__rosidl_typesupport_introspection_cpp.hpp
[8.593s] -- Symlinking: /home/zck/workspace/http_to_ros/manual_control/install/robot_msg/include/robot_msg/robot_msg/msg/detail/serial_data__rosidl_typesupport_introspection_cpp.hpp
[8.599s] -- Symlinking: /home/zck/workspace/http_to_ros/manual_control/install/robot_msg/include/robot_msg/robot_msg/srv/detail/cache_get__rosidl_typesupport_introspection_cpp.hpp
[8.604s] -- Symlinking: /home/zck/workspace/http_to_ros/manual_control/install/robot_msg/include/robot_msg/robot_msg/srv/detail/cache_set__rosidl_typesupport_introspection_cpp.hpp
[8.611s] -- Symlinking: /home/zck/workspace/http_to_ros/manual_control/install/robot_msg/include/robot_msg/robot_msg/srv/detail/imu_rectify__rosidl_typesupport_introspection_cpp.hpp
[8.618s] -- Symlinking: /home/zck/workspace/http_to_ros/manual_control/install/robot_msg/share/robot_msg/environment/pythonpath.sh
[8.625s] -- Symlinking: /home/zck/workspace/http_to_ros/manual_control/install/robot_msg/share/robot_msg/environment/pythonpath.dsv
[8.632s] -- Symlinking: /home/zck/workspace/http_to_ros/manual_control/install/robot_msg/local/lib/python3.10/dist-packages/robot_msg-0.0.0-py3.10.egg-info/PKG-INFO
[8.638s] -- Symlinking: /home/zck/workspace/http_to_ros/manual_control/install/robot_msg/local/lib/python3.10/dist-packages/robot_msg-0.0.0-py3.10.egg-info/SOURCES.txt
[8.645s] -- Symlinking: /home/zck/workspace/http_to_ros/manual_control/install/robot_msg/local/lib/python3.10/dist-packages/robot_msg-0.0.0-py3.10.egg-info/dependency_links.txt
[8.651s] -- Symlinking: /home/zck/workspace/http_to_ros/manual_control/install/robot_msg/local/lib/python3.10/dist-packages/robot_msg-0.0.0-py3.10.egg-info/top_level.txt
[8.658s] -- Symlinking: /home/zck/workspace/http_to_ros/manual_control/install/robot_msg/local/lib/python3.10/dist-packages/robot_msg/__init__.py
[8.663s] -- Symlinking: /home/zck/workspace/http_to_ros/manual_control/install/robot_msg/local/lib/python3.10/dist-packages/robot_msg/_robot_msg_s.ep.rosidl_typesupport_c.c
[8.668s] -- Symlinking: /home/zck/workspace/http_to_ros/manual_control/install/robot_msg/local/lib/python3.10/dist-packages/robot_msg/_robot_msg_s.ep.rosidl_typesupport_fastrtps_c.c
[8.677s] -- Symlinking: /home/zck/workspace/http_to_ros/manual_control/install/robot_msg/local/lib/python3.10/dist-packages/robot_msg/_robot_msg_s.ep.rosidl_typesupport_introspection_c.c
[8.685s] -- Symlinking: /home/zck/workspace/http_to_ros/manual_control/install/robot_msg/local/lib/python3.10/dist-packages/robot_msg/librobot_msg__rosidl_generator_py.so
[8.693s] -- Symlinking: /home/zck/workspace/http_to_ros/manual_control/install/robot_msg/local/lib/python3.10/dist-packages/robot_msg/msg/__init__.py
[8.700s] -- Symlinking: /home/zck/workspace/http_to_ros/manual_control/install/robot_msg/local/lib/python3.10/dist-packages/robot_msg/msg/_can_bus_data.py
[8.705s] -- Symlinking: /home/zck/workspace/http_to_ros/manual_control/install/robot_msg/local/lib/python3.10/dist-packages/robot_msg/msg/_can_bus_data_s.c
[8.711s] -- Symlinking: /home/zck/workspace/http_to_ros/manual_control/install/robot_msg/local/lib/python3.10/dist-packages/robot_msg/msg/_imu_acc.py
[8.716s] -- Symlinking: /home/zck/workspace/http_to_ros/manual_control/install/robot_msg/local/lib/python3.10/dist-packages/robot_msg/msg/_imu_acc_s.c
[8.722s] -- Symlinking: /home/zck/workspace/http_to_ros/manual_control/install/robot_msg/local/lib/python3.10/dist-packages/robot_msg/msg/_imu_angle.py
[8.728s] -- Symlinking: /home/zck/workspace/http_to_ros/manual_control/install/robot_msg/local/lib/python3.10/dist-packages/robot_msg/msg/_imu_angle_s.c
[8.735s] -- Symlinking: /home/zck/workspace/http_to_ros/manual_control/install/robot_msg/local/lib/python3.10/dist-packages/robot_msg/msg/_imu_gyro.py
[8.741s] -- Symlinking: /home/zck/workspace/http_to_ros/manual_control/install/robot_msg/local/lib/python3.10/dist-packages/robot_msg/msg/_imu_gyro_s.c
[8.747s] -- Symlinking: /home/zck/workspace/http_to_ros/manual_control/install/robot_msg/local/lib/python3.10/dist-packages/robot_msg/msg/_motor_driver_data.py
[8.752s] -- Symlinking: /home/zck/workspace/http_to_ros/manual_control/install/robot_msg/local/lib/python3.10/dist-packages/robot_msg/msg/_motor_driver_data_s.c
[8.758s] -- Symlinking: /home/zck/workspace/http_to_ros/manual_control/install/robot_msg/local/lib/python3.10/dist-packages/robot_msg/msg/_motor_driver_message.py
[8.764s] -- Symlinking: /home/zck/workspace/http_to_ros/manual_control/install/robot_msg/local/lib/python3.10/dist-packages/robot_msg/msg/_motor_driver_message_s.c
[8.771s] -- Symlinking: /home/zck/workspace/http_to_ros/manual_control/install/robot_msg/local/lib/python3.10/dist-packages/robot_msg/msg/_serial_data.py
[8.778s] -- Symlinking: /home/zck/workspace/http_to_ros/manual_control/install/robot_msg/local/lib/python3.10/dist-packages/robot_msg/msg/_serial_data_s.c
[8.785s] -- Symlinking: /home/zck/workspace/http_to_ros/manual_control/install/robot_msg/local/lib/python3.10/dist-packages/robot_msg/robot_msg_s__rosidl_typesupport_c.cpython-310-x86_64-linux-gnu.so
[8.792s] -- Symlinking: /home/zck/workspace/http_to_ros/manual_control/install/robot_msg/local/lib/python3.10/dist-packages/robot_msg/robot_msg_s__rosidl_typesupport_fastrtps_c.cpython-310-x86_64-linux-gnu.so
[8.799s] -- Symlinking: /home/zck/workspace/http_to_ros/manual_control/install/robot_msg/local/lib/python3.10/dist-packages/robot_msg/robot_msg_s__rosidl_typesupport_introspection_c.cpython-310-x86_64-linux-gnu.so
[8.805s] -- Symlinking: /home/zck/workspace/http_to_ros/manual_control/install/robot_msg/local/lib/python3.10/dist-packages/robot_msg/srv/__init__.py
[8.812s] -- Symlinking: /home/zck/workspace/http_to_ros/manual_control/install/robot_msg/local/lib/python3.10/dist-packages/robot_msg/srv/_cache_get.py
[8.819s] -- Symlinking: /home/zck/workspace/http_to_ros/manual_control/install/robot_msg/local/lib/python3.10/dist-packages/robot_msg/srv/_cache_get_s.c
[8.824s] -- Symlinking: /home/zck/workspace/http_to_ros/manual_control/install/robot_msg/local/lib/python3.10/dist-packages/robot_msg/srv/_cache_set.py
[8.830s] -- Symlinking: /home/zck/workspace/http_to_ros/manual_control/install/robot_msg/local/lib/python3.10/dist-packages/robot_msg/srv/_cache_set_s.c
[8.837s] -- Symlinking: /home/zck/workspace/http_to_ros/manual_control/install/robot_msg/local/lib/python3.10/dist-packages/robot_msg/srv/_imu_rectify.py
[8.845s] -- Symlinking: /home/zck/workspace/http_to_ros/manual_control/install/robot_msg/local/lib/python3.10/dist-packages/robot_msg/srv/_imu_rectify_s.c
[8.853s] -- Up-to-date symlink: /home/zck/workspace/http_to_ros/manual_control/install/robot_msg/local/lib/python3.10/dist-packages/robot_msg/robot_msg_s__rosidl_typesupport_fastrtps_c.cpython-310-x86_64-linux-gnu.so
[8.853s] -- Up-to-date symlink: /home/zck/workspace/http_to_ros/manual_control/install/robot_msg/local/lib/python3.10/dist-packages/robot_msg/robot_msg_s__rosidl_typesupport_introspection_c.cpython-310-x86_64-linux-gnu.so
[8.853s] -- Up-to-date symlink: /home/zck/workspace/http_to_ros/manual_control/install/robot_msg/local/lib/python3.10/dist-packages/robot_msg/robot_msg_s__rosidl_typesupport_c.cpython-310-x86_64-linux-gnu.so
[8.853s] -- Symlinking: /home/zck/workspace/http_to_ros/manual_control/install/robot_msg/share/robot_msg/msg/CanBusData.idl
[8.859s] -- Symlinking: /home/zck/workspace/http_to_ros/manual_control/install/robot_msg/share/robot_msg/msg/MotorDriverData.idl
[8.867s] -- Symlinking: /home/zck/workspace/http_to_ros/manual_control/install/robot_msg/share/robot_msg/msg/MotorDriverMessage.idl
[8.872s] -- Symlinking: /home/zck/workspace/http_to_ros/manual_control/install/robot_msg/share/robot_msg/msg/SerialData.idl
[8.878s] -- Symlinking: /home/zck/workspace/http_to_ros/manual_control/install/robot_msg/share/robot_msg/msg/ImuAngle.idl
[8.884s] -- Symlinking: /home/zck/workspace/http_to_ros/manual_control/install/robot_msg/share/robot_msg/msg/ImuGyro.idl
[8.890s] -- Symlinking: /home/zck/workspace/http_to_ros/manual_control/install/robot_msg/share/robot_msg/msg/ImuAcc.idl
[8.896s] -- Symlinking: /home/zck/workspace/http_to_ros/manual_control/install/robot_msg/share/robot_msg/srv/CacheSet.idl
[8.902s] -- Symlinking: /home/zck/workspace/http_to_ros/manual_control/install/robot_msg/share/robot_msg/srv/CacheGet.idl
[8.908s] -- Symlinking: /home/zck/workspace/http_to_ros/manual_control/install/robot_msg/share/robot_msg/srv/ImuRectify.idl
[8.915s] -- Symlinking: /home/zck/workspace/http_to_ros/manual_control/install/robot_msg/share/robot_msg/msg/CanBusData.msg
[8.920s] -- Symlinking: /home/zck/workspace/http_to_ros/manual_control/install/robot_msg/share/robot_msg/msg/MotorDriverData.msg
[8.926s] -- Symlinking: /home/zck/workspace/http_to_ros/manual_control/install/robot_msg/share/robot_msg/msg/MotorDriverMessage.msg
[8.933s] -- Symlinking: /home/zck/workspace/http_to_ros/manual_control/install/robot_msg/share/robot_msg/msg/SerialData.msg
[8.941s] -- Symlinking: /home/zck/workspace/http_to_ros/manual_control/install/robot_msg/share/robot_msg/msg/ImuAngle.msg
[8.947s] -- Symlinking: /home/zck/workspace/http_to_ros/manual_control/install/robot_msg/share/robot_msg/msg/ImuGyro.msg
[8.954s] -- Symlinking: /home/zck/workspace/http_to_ros/manual_control/install/robot_msg/share/robot_msg/msg/ImuAcc.msg
[8.960s] -- Symlinking: /home/zck/workspace/http_to_ros/manual_control/install/robot_msg/share/robot_msg/srv/CacheSet.srv
[8.966s] -- Symlinking: /home/zck/workspace/http_to_ros/manual_control/install/robot_msg/share/robot_msg/srv/CacheSet_Request.msg
[8.972s] -- Symlinking: /home/zck/workspace/http_to_ros/manual_control/install/robot_msg/share/robot_msg/srv/CacheSet_Response.msg
[8.978s] -- Symlinking: /home/zck/workspace/http_to_ros/manual_control/install/robot_msg/share/robot_msg/srv/CacheGet.srv
[8.984s] -- Symlinking: /home/zck/workspace/http_to_ros/manual_control/install/robot_msg/share/robot_msg/srv/CacheGet_Request.msg
[8.989s] -- Symlinking: /home/zck/workspace/http_to_ros/manual_control/install/robot_msg/share/robot_msg/srv/CacheGet_Response.msg
[8.997s] -- Symlinking: /home/zck/workspace/http_to_ros/manual_control/install/robot_msg/share/robot_msg/srv/ImuRectify.srv
[9.004s] -- Symlinking: /home/zck/workspace/http_to_ros/manual_control/install/robot_msg/share/robot_msg/srv/ImuRectify_Request.msg
[9.010s] -- Symlinking: /home/zck/workspace/http_to_ros/manual_control/install/robot_msg/share/robot_msg/srv/ImuRectify_Response.msg
[9.016s] -- Symlinking: /home/zck/workspace/http_to_ros/manual_control/install/robot_msg/share/ament_index/resource_index/package_run_dependencies/robot_msg
[9.024s] -- Symlinking: /home/zck/workspace/http_to_ros/manual_control/install/robot_msg/share/ament_index/resource_index/parent_prefix_path/robot_msg
[9.031s] -- Symlinking: /home/zck/workspace/http_to_ros/manual_control/install/robot_msg/share/robot_msg/environment/ament_prefix_path.sh
[9.037s] -- Symlinking: /home/zck/workspace/http_to_ros/manual_control/install/robot_msg/share/robot_msg/environment/ament_prefix_path.dsv
[9.044s] -- Symlinking: /home/zck/workspace/http_to_ros/manual_control/install/robot_msg/share/robot_msg/environment/path.sh
[9.050s] -- Symlinking: /home/zck/workspace/http_to_ros/manual_control/install/robot_msg/share/robot_msg/environment/path.dsv
[9.056s] -- Symlinking: /home/zck/workspace/http_to_ros/manual_control/install/robot_msg/share/robot_msg/local_setup.bash
[9.063s] -- Symlinking: /home/zck/workspace/http_to_ros/manual_control/install/robot_msg/share/robot_msg/local_setup.sh
[9.068s] -- Symlinking: /home/zck/workspace/http_to_ros/manual_control/install/robot_msg/share/robot_msg/local_setup.zsh
[9.076s] -- Symlinking: /home/zck/workspace/http_to_ros/manual_control/install/robot_msg/share/robot_msg/local_setup.dsv
[9.082s] -- Symlinking: /home/zck/workspace/http_to_ros/manual_control/install/robot_msg/share/robot_msg/package.dsv
[9.089s] -- Symlinking: /home/zck/workspace/http_to_ros/manual_control/install/robot_msg/share/ament_index/resource_index/packages/robot_msg
[9.095s] -- Symlinking: /home/zck/workspace/http_to_ros/manual_control/install/robot_msg/share/robot_msg/cmake/rosidl_cmake-extras.cmake
[9.100s] -- Symlinking: /home/zck/workspace/http_to_ros/manual_control/install/robot_msg/share/robot_msg/cmake/ament_cmake_export_dependencies-extras.cmake
[9.106s] -- Symlinking: /home/zck/workspace/http_to_ros/manual_control/install/robot_msg/share/robot_msg/cmake/ament_cmake_export_include_directories-extras.cmake
[9.114s] -- Symlinking: /home/zck/workspace/http_to_ros/manual_control/install/robot_msg/share/robot_msg/cmake/ament_cmake_export_libraries-extras.cmake
[9.119s] -- Symlinking: /home/zck/workspace/http_to_ros/manual_control/install/robot_msg/share/robot_msg/cmake/ament_cmake_export_targets-extras.cmake
[9.127s] -- Symlinking: /home/zck/workspace/http_to_ros/manual_control/install/robot_msg/share/robot_msg/cmake/rosidl_cmake_export_typesupport_targets-extras.cmake
[9.133s] -- Symlinking: /home/zck/workspace/http_to_ros/manual_control/install/robot_msg/share/robot_msg/cmake/rosidl_cmake_export_typesupport_libraries-extras.cmake
[9.141s] -- Symlinking: /home/zck/workspace/http_to_ros/manual_control/install/robot_msg/share/robot_msg/cmake/robot_msgConfig.cmake
[9.146s] -- Symlinking: /home/zck/workspace/http_to_ros/manual_control/install/robot_msg/share/robot_msg/cmake/robot_msgConfig-version.cmake
[9.154s] -- Symlinking: /home/zck/workspace/http_to_ros/manual_control/install/robot_msg/share/robot_msg/package.xml
[9.161s] -- Installing: /home/zck/workspace/http_to_ros/manual_control/install/robot_msg/lib/librobot_msg__rosidl_generator_c.so
[9.162s] -- Set runtime path of "/home/zck/workspace/http_to_ros/manual_control/install/robot_msg/lib/librobot_msg__rosidl_generator_c.so" to ""
[9.162s] -- Installing: /home/zck/workspace/http_to_ros/manual_control/install/robot_msg/lib/librobot_msg__rosidl_typesupport_fastrtps_c.so
[9.162s] -- Set runtime path of "/home/zck/workspace/http_to_ros/manual_control/install/robot_msg/lib/librobot_msg__rosidl_typesupport_fastrtps_c.so" to ""
[9.162s] -- Installing: /home/zck/workspace/http_to_ros/manual_control/install/robot_msg/lib/librobot_msg__rosidl_typesupport_introspection_c.so
[9.162s] -- Set runtime path of "/home/zck/workspace/http_to_ros/manual_control/install/robot_msg/lib/librobot_msg__rosidl_typesupport_introspection_c.so" to ""
[9.162s] -- Installing: /home/zck/workspace/http_to_ros/manual_control/install/robot_msg/lib/librobot_msg__rosidl_typesupport_c.so
[9.162s] -- Set runtime path of "/home/zck/workspace/http_to_ros/manual_control/install/robot_msg/lib/librobot_msg__rosidl_typesupport_c.so" to ""
[9.162s] -- Installing: /home/zck/workspace/http_to_ros/manual_control/install/robot_msg/lib/librobot_msg__rosidl_typesupport_fastrtps_cpp.so
[9.163s] -- Set runtime path of "/home/zck/workspace/http_to_ros/manual_control/install/robot_msg/lib/librobot_msg__rosidl_typesupport_fastrtps_cpp.so" to ""
[9.163s] -- Installing: /home/zck/workspace/http_to_ros/manual_control/install/robot_msg/lib/librobot_msg__rosidl_typesupport_introspection_cpp.so
[9.163s] -- Set runtime path of "/home/zck/workspace/http_to_ros/manual_control/install/robot_msg/lib/librobot_msg__rosidl_typesupport_introspection_cpp.so" to ""
[9.163s] -- Installing: /home/zck/workspace/http_to_ros/manual_control/install/robot_msg/lib/librobot_msg__rosidl_typesupport_cpp.so
[9.163s] -- Set runtime path of "/home/zck/workspace/http_to_ros/manual_control/install/robot_msg/lib/librobot_msg__rosidl_typesupport_cpp.so" to ""
[9.194s] Listing '/home/zck/workspace/http_to_ros/manual_control/install/robot_msg/local/lib/python3.10/dist-packages/robot_msg'...
[9.194s] Compiling '/home/zck/workspace/http_to_ros/manual_control/install/robot_msg/local/lib/python3.10/dist-packages/robot_msg/__init__.py'...
[9.194s] Listing '/home/zck/workspace/http_to_ros/manual_control/install/robot_msg/local/lib/python3.10/dist-packages/robot_msg/msg'...
[9.194s] Compiling '/home/zck/workspace/http_to_ros/manual_control/install/robot_msg/local/lib/python3.10/dist-packages/robot_msg/msg/__init__.py'...
[9.194s] Compiling '/home/zck/workspace/http_to_ros/manual_control/install/robot_msg/local/lib/python3.10/dist-packages/robot_msg/msg/_can_bus_data.py'...
[9.194s] Compiling '/home/zck/workspace/http_to_ros/manual_control/install/robot_msg/local/lib/python3.10/dist-packages/robot_msg/msg/_imu_acc.py'...
[9.194s] Compiling '/home/zck/workspace/http_to_ros/manual_control/install/robot_msg/local/lib/python3.10/dist-packages/robot_msg/msg/_imu_angle.py'...
[9.194s] Compiling '/home/zck/workspace/http_to_ros/manual_control/install/robot_msg/local/lib/python3.10/dist-packages/robot_msg/msg/_imu_gyro.py'...
[9.194s] Compiling '/home/zck/workspace/http_to_ros/manual_control/install/robot_msg/local/lib/python3.10/dist-packages/robot_msg/msg/_motor_driver_data.py'...
[9.194s] Compiling '/home/zck/workspace/http_to_ros/manual_control/install/robot_msg/local/lib/python3.10/dist-packages/robot_msg/msg/_motor_driver_message.py'...
[9.195s] Compiling '/home/zck/workspace/http_to_ros/manual_control/install/robot_msg/local/lib/python3.10/dist-packages/robot_msg/msg/_serial_data.py'...
[9.195s] Listing '/home/zck/workspace/http_to_ros/manual_control/install/robot_msg/local/lib/python3.10/dist-packages/robot_msg/srv'...
[9.195s] Compiling '/home/zck/workspace/http_to_ros/manual_control/install/robot_msg/local/lib/python3.10/dist-packages/robot_msg/srv/__init__.py'...
[9.195s] Compiling '/home/zck/workspace/http_to_ros/manual_control/install/robot_msg/local/lib/python3.10/dist-packages/robot_msg/srv/_cache_get.py'...
[9.195s] Compiling '/home/zck/workspace/http_to_ros/manual_control/install/robot_msg/local/lib/python3.10/dist-packages/robot_msg/srv/_cache_set.py'...
[9.195s] Compiling '/home/zck/workspace/http_to_ros/manual_control/install/robot_msg/local/lib/python3.10/dist-packages/robot_msg/srv/_imu_rectify.py'...
[9.197s] -- Installing: /home/zck/workspace/http_to_ros/manual_control/install/robot_msg/lib/librobot_msg__rosidl_generator_py.so
[9.198s] -- Set runtime path of "/home/zck/workspace/http_to_ros/manual_control/install/robot_msg/lib/librobot_msg__rosidl_generator_py.so" to ""
[9.198s] -- Installing: /home/zck/workspace/http_to_ros/manual_control/install/robot_msg/share/robot_msg/cmake/export_robot_msg__rosidl_generator_cExport.cmake
[9.198s] -- Installing: /home/zck/workspace/http_to_ros/manual_control/install/robot_msg/share/robot_msg/cmake/export_robot_msg__rosidl_generator_cExport-noconfig.cmake
[9.198s] -- Installing: /home/zck/workspace/http_to_ros/manual_control/install/robot_msg/share/robot_msg/cmake/export_robot_msg__rosidl_typesupport_fastrtps_cExport.cmake
[9.198s] -- Installing: /home/zck/workspace/http_to_ros/manual_control/install/robot_msg/share/robot_msg/cmake/export_robot_msg__rosidl_typesupport_fastrtps_cExport-noconfig.cmake
[9.198s] -- Installing: /home/zck/workspace/http_to_ros/manual_control/install/robot_msg/share/robot_msg/cmake/robot_msg__rosidl_typesupport_introspection_cExport.cmake
[9.198s] -- Installing: /home/zck/workspace/http_to_ros/manual_control/install/robot_msg/share/robot_msg/cmake/robot_msg__rosidl_typesupport_introspection_cExport-noconfig.cmake
[9.198s] -- Installing: /home/zck/workspace/http_to_ros/manual_control/install/robot_msg/share/robot_msg/cmake/robot_msg__rosidl_typesupport_cExport.cmake
[9.198s] -- Installing: /home/zck/workspace/http_to_ros/manual_control/install/robot_msg/share/robot_msg/cmake/robot_msg__rosidl_typesupport_cExport-noconfig.cmake
[9.198s] -- Installing: /home/zck/workspace/http_to_ros/manual_control/install/robot_msg/share/robot_msg/cmake/export_robot_msg__rosidl_generator_cppExport.cmake
[9.198s] -- Installing: /home/zck/workspace/http_to_ros/manual_control/install/robot_msg/share/robot_msg/cmake/export_robot_msg__rosidl_typesupport_fastrtps_cppExport.cmake
[9.199s] -- Installing: /home/zck/workspace/http_to_ros/manual_control/install/robot_msg/share/robot_msg/cmake/export_robot_msg__rosidl_typesupport_fastrtps_cppExport-noconfig.cmake
[9.199s] -- Installing: /home/zck/workspace/http_to_ros/manual_control/install/robot_msg/share/robot_msg/cmake/robot_msg__rosidl_typesupport_introspection_cppExport.cmake
[9.199s] -- Installing: /home/zck/workspace/http_to_ros/manual_control/install/robot_msg/share/robot_msg/cmake/robot_msg__rosidl_typesupport_introspection_cppExport-noconfig.cmake
[9.199s] -- Installing: /home/zck/workspace/http_to_ros/manual_control/install/robot_msg/share/robot_msg/cmake/robot_msg__rosidl_typesupport_cppExport.cmake
[9.199s] -- Installing: /home/zck/workspace/http_to_ros/manual_control/install/robot_msg/share/robot_msg/cmake/robot_msg__rosidl_typesupport_cppExport-noconfig.cmake
[9.199s] -- Installing: /home/zck/workspace/http_to_ros/manual_control/install/robot_msg/share/robot_msg/cmake/export_robot_msg__rosidl_generator_pyExport.cmake
[9.199s] -- Installing: /home/zck/workspace/http_to_ros/manual_control/install/robot_msg/share/robot_msg/cmake/export_robot_msg__rosidl_generator_pyExport-noconfig.cmake
[9.202s] Invoked command in '/home/zck/workspace/http_to_ros/manual_control/build/robot_msg' returned '0': CMAKE_PREFIX_PATH=/opt/ros/humble /usr/bin/cmake --install /home/zck/workspace/http_to_ros/manual_control/build/robot_msg
