-- The C compiler identification is GNU 11.4.0
-- The CXX compiler identification is GNU 11.4.0
-- Detecting C compiler ABI info
-- Detecting C compiler ABI info - done
-- Check for working C compiler: /usr/bin/cc - skipped
-- Detecting C compile features
-- Detecting C compile features - done
-- Detecting CXX compiler ABI info
-- Detecting CXX compiler ABI info - done
-- Check for working CXX compiler: /usr/bin/c++ - skipped
-- Detecting CXX compile features
-- Detecting CXX compile features - done
-- Found ament_cmake: 1.3.12 (/opt/ros/humble/share/ament_cmake/cmake)
-- Found Python3: /usr/bin/python3 (found version "3.10.12") found components: Interpreter 
-- Override CMake install command with custom implementation using symlinks instead of copying resources
-- Found rosidl_default_generators: 1.2.0 (/opt/ros/humble/share/rosidl_default_generators/cmake)
-- Using all available rosidl_typesupport_c: rosidl_typesupport_fastrtps_c;rosidl_typesupport_introspection_c
-- Found rosidl_adapter: 3.1.7 (/opt/ros/humble/share/rosidl_adapter/cmake)
-- Using all available rosidl_typesupport_cpp: rosidl_typesupport_fastrtps_cpp;rosidl_typesupport_introspection_cpp
-- Found geometry_msgs: 4.9.0 (/opt/ros/humble/share/geometry_msgs/cmake)
-- Found ament_cmake_ros: 0.10.0 (/opt/ros/humble/share/ament_cmake_ros/cmake)
-- Using all available rosidl_typesupport_c: rosidl_typesupport_fastrtps_c;rosidl_typesupport_introspection_c
-- Using all available rosidl_typesupport_cpp: rosidl_typesupport_fastrtps_cpp;rosidl_typesupport_introspection_cpp
-- Found PythonInterp: /usr/bin/python3 (found suitable version "3.10.12", minimum required is "3.6") 
-- Found python_cmake_module: 0.10.0 (/opt/ros/humble/share/python_cmake_module/cmake)
-- Found PythonLibs: /usr/lib/x86_64-linux-gnu/libpython3.10.so (found suitable version "3.10.12", minimum required is "3.5") 
-- Using PYTHON_EXECUTABLE: /usr/bin/python3
-- Using PYTHON_INCLUDE_DIRS: /usr/include/python3.10
-- Using PYTHON_LIBRARIES: /usr/lib/x86_64-linux-gnu/libpython3.10.so
-- Found PythonExtra: .so  
-- Found ament_lint_auto: 0.12.14 (/opt/ros/humble/share/ament_lint_auto/cmake)
-- Added test 'lint_cmake' to check CMake code style
-- Added test 'xmllint' to check XML markup files
-- Configuring done
-- Generating done
-- Build files have been written to: /home/zck/workspace/http_to_ros/manual_control/build/robot_interfaces
[  1%] [34m[1mGenerating C code for ROS interfaces[0m
[  2%] [34m[1mGenerating C++ code for ROS interfaces[0m
[  2%] Built target ament_cmake_python_symlink_robot_interfaces
running egg_info
creating robot_interfaces.egg-info
writing robot_interfaces.egg-info/PKG-INFO
writing dependency_links to robot_interfaces.egg-info/dependency_links.txt
writing top-level names to robot_interfaces.egg-info/top_level.txt
writing manifest file 'robot_interfaces.egg-info/SOURCES.txt'
reading manifest file 'robot_interfaces.egg-info/SOURCES.txt'
writing manifest file 'robot_interfaces.egg-info/SOURCES.txt'
[  2%] Built target ament_cmake_python_build_robot_interfaces_egg
[  2%] Built target robot_interfaces__cpp
[  3%] [34m[1mGenerating C++ type support for eProsima Fast-RTPS[0m
[  4%] [34m[1mGenerating C++ type support dispatch for ROS interfaces[0m
[  5%] [34m[1mGenerating C++ introspection for ROS interfaces[0m
[  6%] [32mBuilding C object CMakeFiles/robot_interfaces__rosidl_generator_c.dir/rosidl_generator_c/robot_interfaces/msg/detail/motor_can_command__functions.c.o[0m
[  8%] [32mBuilding C object CMakeFiles/robot_interfaces__rosidl_generator_c.dir/rosidl_generator_c/robot_interfaces/msg/detail/motor_state__functions.c.o[0m
[  9%] [32mBuilding C object CMakeFiles/robot_interfaces__rosidl_generator_c.dir/rosidl_generator_c/robot_interfaces/msg/detail/imu_data__functions.c.o[0m
[ 10%] [32mBuilding C object CMakeFiles/robot_interfaces__rosidl_generator_c.dir/rosidl_generator_c/robot_interfaces/srv/detail/motor_offset__functions.c.o[0m
[ 11%] [32mBuilding C object CMakeFiles/robot_interfaces__rosidl_generator_c.dir/rosidl_generator_c/robot_interfaces/action/detail/action_group_bridge__functions.c.o[0m
[ 12%] [32mBuilding C object CMakeFiles/robot_interfaces__rosidl_generator_c.dir/rosidl_generator_c/robot_interfaces/srv/detail/can_config_command__functions.c.o[0m
[ 13%] [32mBuilding C object CMakeFiles/robot_interfaces__rosidl_generator_c.dir/rosidl_generator_c/robot_interfaces/msg/detail/sensor_state__functions.c.o[0m
[ 14%] [32mBuilding C object CMakeFiles/robot_interfaces__rosidl_generator_c.dir/rosidl_generator_c/robot_interfaces/srv/detail/joint_sensor_names__functions.c.o[0m
[ 16%] [32m[1mLinking C shared library librobot_interfaces__rosidl_generator_c.so[0m
[ 16%] Built target robot_interfaces__rosidl_generator_c
[ 17%] [34m[1mGenerating C introspection for ROS interfaces[0m
[ 18%] [34m[1mGenerating C type support dispatch for ROS interfaces[0m
[ 19%] [34m[1mGenerating C type support for eProsima Fast-RTPS[0m
[ 20%] [32mBuilding CXX object CMakeFiles/robot_interfaces__rosidl_typesupport_cpp.dir/rosidl_typesupport_cpp/robot_interfaces/srv/can_config_command__type_support.cpp.o[0m
[ 21%] [32mBuilding CXX object CMakeFiles/robot_interfaces__rosidl_typesupport_cpp.dir/rosidl_typesupport_cpp/robot_interfaces/action/action_group_bridge__type_support.cpp.o[0m
[ 22%] [32mBuilding CXX object CMakeFiles/robot_interfaces__rosidl_typesupport_cpp.dir/rosidl_typesupport_cpp/robot_interfaces/msg/sensor_state__type_support.cpp.o[0m
[ 24%] [32mBuilding CXX object CMakeFiles/robot_interfaces__rosidl_typesupport_cpp.dir/rosidl_typesupport_cpp/robot_interfaces/srv/motor_offset__type_support.cpp.o[0m
[ 25%] [32mBuilding CXX object CMakeFiles/robot_interfaces__rosidl_typesupport_cpp.dir/rosidl_typesupport_cpp/robot_interfaces/msg/motor_state__type_support.cpp.o[0m
[ 26%] [32mBuilding CXX object CMakeFiles/robot_interfaces__rosidl_typesupport_cpp.dir/rosidl_typesupport_cpp/robot_interfaces/msg/imu_data__type_support.cpp.o[0m
[ 27%] [32mBuilding CXX object CMakeFiles/robot_interfaces__rosidl_typesupport_cpp.dir/rosidl_typesupport_cpp/robot_interfaces/msg/motor_can_command__type_support.cpp.o[0m
[ 28%] [32mBuilding CXX object CMakeFiles/robot_interfaces__rosidl_typesupport_cpp.dir/rosidl_typesupport_cpp/robot_interfaces/srv/joint_sensor_names__type_support.cpp.o[0m
[ 29%] [32mBuilding CXX object CMakeFiles/robot_interfaces__rosidl_typesupport_fastrtps_cpp.dir/rosidl_typesupport_fastrtps_cpp/robot_interfaces/msg/detail/dds_fastrtps/motor_can_command__type_support.cpp.o[0m
[ 31%] [32mBuilding CXX object CMakeFiles/robot_interfaces__rosidl_typesupport_fastrtps_cpp.dir/rosidl_typesupport_fastrtps_cpp/robot_interfaces/msg/detail/dds_fastrtps/sensor_state__type_support.cpp.o[0m
[ 32%] [32mBuilding CXX object CMakeFiles/robot_interfaces__rosidl_typesupport_fastrtps_cpp.dir/rosidl_typesupport_fastrtps_cpp/robot_interfaces/msg/detail/dds_fastrtps/imu_data__type_support.cpp.o[0m
[ 33%] [32mBuilding CXX object CMakeFiles/robot_interfaces__rosidl_typesupport_fastrtps_cpp.dir/rosidl_typesupport_fastrtps_cpp/robot_interfaces/srv/detail/dds_fastrtps/joint_sensor_names__type_support.cpp.o[0m
[ 34%] [32mBuilding CXX object CMakeFiles/robot_interfaces__rosidl_typesupport_fastrtps_cpp.dir/rosidl_typesupport_fastrtps_cpp/robot_interfaces/msg/detail/dds_fastrtps/motor_state__type_support.cpp.o[0m
[ 35%] [32mBuilding CXX object CMakeFiles/robot_interfaces__rosidl_typesupport_fastrtps_cpp.dir/rosidl_typesupport_fastrtps_cpp/robot_interfaces/srv/detail/dds_fastrtps/can_config_command__type_support.cpp.o[0m
[ 36%] [32mBuilding CXX object CMakeFiles/robot_interfaces__rosidl_typesupport_fastrtps_cpp.dir/rosidl_typesupport_fastrtps_cpp/robot_interfaces/srv/detail/dds_fastrtps/motor_offset__type_support.cpp.o[0m
[ 37%] [32mBuilding CXX object CMakeFiles/robot_interfaces__rosidl_typesupport_fastrtps_cpp.dir/rosidl_typesupport_fastrtps_cpp/robot_interfaces/action/detail/dds_fastrtps/action_group_bridge__type_support.cpp.o[0m
[ 39%] [32mBuilding C object CMakeFiles/robot_interfaces__rosidl_typesupport_introspection_c.dir/rosidl_typesupport_introspection_c/robot_interfaces/msg/detail/motor_state__type_support.c.o[0m
[ 40%] [32mBuilding C object CMakeFiles/robot_interfaces__rosidl_typesupport_introspection_c.dir/rosidl_typesupport_introspection_c/robot_interfaces/msg/detail/motor_can_command__type_support.c.o[0m
[ 41%] [32mBuilding C object CMakeFiles/robot_interfaces__rosidl_typesupport_introspection_c.dir/rosidl_typesupport_introspection_c/robot_interfaces/msg/detail/imu_data__type_support.c.o[0m
[ 42%] [32mBuilding C object CMakeFiles/robot_interfaces__rosidl_typesupport_introspection_c.dir/rosidl_typesupport_introspection_c/robot_interfaces/msg/detail/sensor_state__type_support.c.o[0m
[ 43%] [32mBuilding C object CMakeFiles/robot_interfaces__rosidl_typesupport_introspection_c.dir/rosidl_typesupport_introspection_c/robot_interfaces/srv/detail/can_config_command__type_support.c.o[0m
[ 44%] [32mBuilding C object CMakeFiles/robot_interfaces__rosidl_typesupport_introspection_c.dir/rosidl_typesupport_introspection_c/robot_interfaces/srv/detail/joint_sensor_names__type_support.c.o[0m
[ 45%] [32mBuilding C object CMakeFiles/robot_interfaces__rosidl_typesupport_introspection_c.dir/rosidl_typesupport_introspection_c/robot_interfaces/srv/detail/motor_offset__type_support.c.o[0m
[ 47%] [32mBuilding C object CMakeFiles/robot_interfaces__rosidl_typesupport_introspection_c.dir/rosidl_typesupport_introspection_c/robot_interfaces/action/detail/action_group_bridge__type_support.c.o[0m
[ 48%] [32m[1mLinking C shared library librobot_interfaces__rosidl_typesupport_introspection_c.so[0m
[ 49%] [32mBuilding CXX object CMakeFiles/robot_interfaces__rosidl_typesupport_c.dir/rosidl_typesupport_c/robot_interfaces/msg/motor_can_command__type_support.cpp.o[0m
[ 50%] [32mBuilding CXX object CMakeFiles/robot_interfaces__rosidl_typesupport_c.dir/rosidl_typesupport_c/robot_interfaces/srv/can_config_command__type_support.cpp.o[0m
[ 51%] [32mBuilding CXX object CMakeFiles/robot_interfaces__rosidl_typesupport_c.dir/rosidl_typesupport_c/robot_interfaces/msg/imu_data__type_support.cpp.o[0m
[ 52%] [32mBuilding CXX object CMakeFiles/robot_interfaces__rosidl_typesupport_c.dir/rosidl_typesupport_c/robot_interfaces/msg/sensor_state__type_support.cpp.o[0m
[ 54%] [32mBuilding CXX object CMakeFiles/robot_interfaces__rosidl_typesupport_c.dir/rosidl_typesupport_c/robot_interfaces/msg/motor_state__type_support.cpp.o[0m
[ 55%] [32mBuilding CXX object CMakeFiles/robot_interfaces__rosidl_typesupport_c.dir/rosidl_typesupport_c/robot_interfaces/srv/joint_sensor_names__type_support.cpp.o[0m
[ 55%] Built target robot_interfaces__rosidl_typesupport_introspection_c
[ 56%] [32mBuilding CXX object CMakeFiles/robot_interfaces__rosidl_typesupport_c.dir/rosidl_typesupport_c/robot_interfaces/srv/motor_offset__type_support.cpp.o[0m
[ 57%] [32mBuilding CXX object CMakeFiles/robot_interfaces__rosidl_typesupport_c.dir/rosidl_typesupport_c/robot_interfaces/action/action_group_bridge__type_support.cpp.o[0m
[ 58%] [32m[1mLinking CXX shared library librobot_interfaces__rosidl_typesupport_c.so[0m
[ 59%] [32m[1mLinking CXX shared library librobot_interfaces__rosidl_typesupport_fastrtps_cpp.so[0m
[ 60%] [32m[1mLinking CXX shared library librobot_interfaces__rosidl_typesupport_cpp.so[0m
[ 62%] [32mBuilding CXX object CMakeFiles/robot_interfaces__rosidl_typesupport_introspection_cpp.dir/rosidl_typesupport_introspection_cpp/robot_interfaces/msg/detail/motor_can_command__type_support.cpp.o[0m
[ 63%] [32mBuilding CXX object CMakeFiles/robot_interfaces__rosidl_typesupport_introspection_cpp.dir/rosidl_typesupport_introspection_cpp/robot_interfaces/msg/detail/imu_data__type_support.cpp.o[0m
[ 64%] [32mBuilding CXX object CMakeFiles/robot_interfaces__rosidl_typesupport_introspection_cpp.dir/rosidl_typesupport_introspection_cpp/robot_interfaces/srv/detail/can_config_command__type_support.cpp.o[0m
[ 65%] [32mBuilding CXX object CMakeFiles/robot_interfaces__rosidl_typesupport_introspection_cpp.dir/rosidl_typesupport_introspection_cpp/robot_interfaces/srv/detail/motor_offset__type_support.cpp.o[0m
[ 66%] [32mBuilding CXX object CMakeFiles/robot_interfaces__rosidl_typesupport_introspection_cpp.dir/rosidl_typesupport_introspection_cpp/robot_interfaces/msg/detail/sensor_state__type_support.cpp.o[0m
[ 67%] [32mBuilding CXX object CMakeFiles/robot_interfaces__rosidl_typesupport_introspection_cpp.dir/rosidl_typesupport_introspection_cpp/robot_interfaces/msg/detail/motor_state__type_support.cpp.o[0m
[ 68%] [32mBuilding CXX object CMakeFiles/robot_interfaces__rosidl_typesupport_introspection_cpp.dir/rosidl_typesupport_introspection_cpp/robot_interfaces/srv/detail/joint_sensor_names__type_support.cpp.o[0m
[ 70%] [32mBuilding CXX object CMakeFiles/robot_interfaces__rosidl_typesupport_introspection_cpp.dir/rosidl_typesupport_introspection_cpp/robot_interfaces/action/detail/action_group_bridge__type_support.cpp.o[0m
[ 70%] Built target robot_interfaces__rosidl_typesupport_cpp
[ 70%] Built target robot_interfaces__rosidl_typesupport_c
[ 70%] Built target robot_interfaces__rosidl_typesupport_fastrtps_cpp
[ 71%] [32mBuilding CXX object CMakeFiles/robot_interfaces__rosidl_typesupport_fastrtps_c.dir/rosidl_typesupport_fastrtps_c/robot_interfaces/msg/detail/motor_can_command__type_support_c.cpp.o[0m
[ 72%] [32mBuilding CXX object CMakeFiles/robot_interfaces__rosidl_typesupport_fastrtps_c.dir/rosidl_typesupport_fastrtps_c/robot_interfaces/srv/detail/can_config_command__type_support_c.cpp.o[0m
[ 73%] [32mBuilding CXX object CMakeFiles/robot_interfaces__rosidl_typesupport_fastrtps_c.dir/rosidl_typesupport_fastrtps_c/robot_interfaces/msg/detail/sensor_state__type_support_c.cpp.o[0m
[ 74%] [32mBuilding CXX object CMakeFiles/robot_interfaces__rosidl_typesupport_fastrtps_c.dir/rosidl_typesupport_fastrtps_c/robot_interfaces/msg/detail/imu_data__type_support_c.cpp.o[0m
[ 75%] [32mBuilding CXX object CMakeFiles/robot_interfaces__rosidl_typesupport_fastrtps_c.dir/rosidl_typesupport_fastrtps_c/robot_interfaces/srv/detail/joint_sensor_names__type_support_c.cpp.o[0m
[ 77%] [32mBuilding CXX object CMakeFiles/robot_interfaces__rosidl_typesupport_fastrtps_c.dir/rosidl_typesupport_fastrtps_c/robot_interfaces/msg/detail/motor_state__type_support_c.cpp.o[0m
[ 78%] [32mBuilding CXX object CMakeFiles/robot_interfaces__rosidl_typesupport_fastrtps_c.dir/rosidl_typesupport_fastrtps_c/robot_interfaces/srv/detail/motor_offset__type_support_c.cpp.o[0m
[ 79%] [32mBuilding CXX object CMakeFiles/robot_interfaces__rosidl_typesupport_fastrtps_c.dir/rosidl_typesupport_fastrtps_c/robot_interfaces/action/detail/action_group_bridge__type_support_c.cpp.o[0m
[ 80%] [32m[1mLinking CXX shared library librobot_interfaces__rosidl_typesupport_introspection_cpp.so[0m
[ 80%] Built target robot_interfaces__rosidl_typesupport_introspection_cpp
[ 81%] [32m[1mLinking CXX shared library librobot_interfaces__rosidl_typesupport_fastrtps_c.so[0m
[ 81%] Built target robot_interfaces__rosidl_typesupport_fastrtps_c
[ 81%] Built target robot_interfaces
[ 82%] [34m[1mGenerating Python code for ROS interfaces[0m
[ 82%] Built target robot_interfaces__py
[ 83%] [32mBuilding C object CMakeFiles/robot_interfaces__rosidl_generator_py.dir/rosidl_generator_py/robot_interfaces/msg/_motor_can_command_s.c.o[0m
[ 85%] [32mBuilding C object CMakeFiles/robot_interfaces__rosidl_generator_py.dir/rosidl_generator_py/robot_interfaces/srv/_can_config_command_s.c.o[0m
[ 88%] [32mBuilding C object CMakeFiles/robot_interfaces__rosidl_generator_py.dir/rosidl_generator_py/robot_interfaces/msg/_imu_data_s.c.o[0m
[ 88%] [32mBuilding C object CMakeFiles/robot_interfaces__rosidl_generator_py.dir/rosidl_generator_py/robot_interfaces/msg/_sensor_state_s.c.o[0m
[ 88%] [32mBuilding C object CMakeFiles/robot_interfaces__rosidl_generator_py.dir/rosidl_generator_py/robot_interfaces/msg/_motor_state_s.c.o[0m
[ 90%] [32mBuilding C object CMakeFiles/robot_interfaces__rosidl_generator_py.dir/rosidl_generator_py/robot_interfaces/srv/_motor_offset_s.c.o[0m
[ 90%] [32mBuilding C object CMakeFiles/robot_interfaces__rosidl_generator_py.dir/rosidl_generator_py/robot_interfaces/srv/_joint_sensor_names_s.c.o[0m
[ 91%] [32mBuilding C object CMakeFiles/robot_interfaces__rosidl_generator_py.dir/rosidl_generator_py/robot_interfaces/action/_action_group_bridge_s.c.o[0m
[ 93%] [32m[1mLinking C shared library rosidl_generator_py/robot_interfaces/librobot_interfaces__rosidl_generator_py.so[0m
[ 93%] Built target robot_interfaces__rosidl_generator_py
[ 94%] [32mBuilding C object CMakeFiles/robot_interfaces__rosidl_typesupport_introspection_c__pyext.dir/rosidl_generator_py/robot_interfaces/_robot_interfaces_s.ep.rosidl_typesupport_introspection_c.c.o[0m
[ 95%] [32mBuilding C object CMakeFiles/robot_interfaces__rosidl_typesupport_c__pyext.dir/rosidl_generator_py/robot_interfaces/_robot_interfaces_s.ep.rosidl_typesupport_c.c.o[0m
[ 96%] [32mBuilding C object CMakeFiles/robot_interfaces__rosidl_typesupport_fastrtps_c__pyext.dir/rosidl_generator_py/robot_interfaces/_robot_interfaces_s.ep.rosidl_typesupport_fastrtps_c.c.o[0m
[ 97%] [32m[1mLinking C shared library rosidl_generator_py/robot_interfaces/robot_interfaces_s__rosidl_typesupport_introspection_c.cpython-310-x86_64-linux-gnu.so[0m
[ 97%] Built target robot_interfaces__rosidl_typesupport_introspection_c__pyext
[ 98%] [32m[1mLinking C shared library rosidl_generator_py/robot_interfaces/robot_interfaces_s__rosidl_typesupport_c.cpython-310-x86_64-linux-gnu.so[0m
[100%] [32m[1mLinking C shared library rosidl_generator_py/robot_interfaces/robot_interfaces_s__rosidl_typesupport_fastrtps_c.cpython-310-x86_64-linux-gnu.so[0m
[100%] Built target robot_interfaces__rosidl_typesupport_fastrtps_c__pyext
[100%] Built target robot_interfaces__rosidl_typesupport_c__pyext
-- Install configuration: ""
-- Execute custom install script
-- Symlinking: /home/zck/workspace/http_to_ros/manual_control/install/robot_interfaces/share/ament_index/resource_index/rosidl_interfaces/robot_interfaces
-- Symlinking: /home/zck/workspace/http_to_ros/manual_control/install/robot_interfaces/include/robot_interfaces/robot_interfaces/action/action_group_bridge.h
-- Symlinking: /home/zck/workspace/http_to_ros/manual_control/install/robot_interfaces/include/robot_interfaces/robot_interfaces/action/detail/action_group_bridge__functions.h
-- Symlinking: /home/zck/workspace/http_to_ros/manual_control/install/robot_interfaces/include/robot_interfaces/robot_interfaces/action/detail/action_group_bridge__struct.h
-- Symlinking: /home/zck/workspace/http_to_ros/manual_control/install/robot_interfaces/include/robot_interfaces/robot_interfaces/action/detail/action_group_bridge__type_support.h
-- Symlinking: /home/zck/workspace/http_to_ros/manual_control/install/robot_interfaces/include/robot_interfaces/robot_interfaces/msg/detail/imu_data__functions.h
-- Symlinking: /home/zck/workspace/http_to_ros/manual_control/install/robot_interfaces/include/robot_interfaces/robot_interfaces/msg/detail/imu_data__struct.h
-- Symlinking: /home/zck/workspace/http_to_ros/manual_control/install/robot_interfaces/include/robot_interfaces/robot_interfaces/msg/detail/imu_data__type_support.h
-- Symlinking: /home/zck/workspace/http_to_ros/manual_control/install/robot_interfaces/include/robot_interfaces/robot_interfaces/msg/detail/motor_can_command__functions.h
-- Symlinking: /home/zck/workspace/http_to_ros/manual_control/install/robot_interfaces/include/robot_interfaces/robot_interfaces/msg/detail/motor_can_command__struct.h
-- Symlinking: /home/zck/workspace/http_to_ros/manual_control/install/robot_interfaces/include/robot_interfaces/robot_interfaces/msg/detail/motor_can_command__type_support.h
-- Symlinking: /home/zck/workspace/http_to_ros/manual_control/install/robot_interfaces/include/robot_interfaces/robot_interfaces/msg/detail/motor_state__functions.h
-- Symlinking: /home/zck/workspace/http_to_ros/manual_control/install/robot_interfaces/include/robot_interfaces/robot_interfaces/msg/detail/motor_state__struct.h
-- Symlinking: /home/zck/workspace/http_to_ros/manual_control/install/robot_interfaces/include/robot_interfaces/robot_interfaces/msg/detail/motor_state__type_support.h
-- Symlinking: /home/zck/workspace/http_to_ros/manual_control/install/robot_interfaces/include/robot_interfaces/robot_interfaces/msg/detail/sensor_state__functions.h
-- Symlinking: /home/zck/workspace/http_to_ros/manual_control/install/robot_interfaces/include/robot_interfaces/robot_interfaces/msg/detail/sensor_state__struct.h
-- Symlinking: /home/zck/workspace/http_to_ros/manual_control/install/robot_interfaces/include/robot_interfaces/robot_interfaces/msg/detail/sensor_state__type_support.h
-- Symlinking: /home/zck/workspace/http_to_ros/manual_control/install/robot_interfaces/include/robot_interfaces/robot_interfaces/msg/imu_data.h
-- Symlinking: /home/zck/workspace/http_to_ros/manual_control/install/robot_interfaces/include/robot_interfaces/robot_interfaces/msg/motor_can_command.h
-- Symlinking: /home/zck/workspace/http_to_ros/manual_control/install/robot_interfaces/include/robot_interfaces/robot_interfaces/msg/motor_state.h
-- Symlinking: /home/zck/workspace/http_to_ros/manual_control/install/robot_interfaces/include/robot_interfaces/robot_interfaces/msg/rosidl_generator_c__visibility_control.h
-- Symlinking: /home/zck/workspace/http_to_ros/manual_control/install/robot_interfaces/include/robot_interfaces/robot_interfaces/msg/sensor_state.h
-- Symlinking: /home/zck/workspace/http_to_ros/manual_control/install/robot_interfaces/include/robot_interfaces/robot_interfaces/srv/can_config_command.h
-- Symlinking: /home/zck/workspace/http_to_ros/manual_control/install/robot_interfaces/include/robot_interfaces/robot_interfaces/srv/detail/can_config_command__functions.h
-- Symlinking: /home/zck/workspace/http_to_ros/manual_control/install/robot_interfaces/include/robot_interfaces/robot_interfaces/srv/detail/can_config_command__struct.h
-- Symlinking: /home/zck/workspace/http_to_ros/manual_control/install/robot_interfaces/include/robot_interfaces/robot_interfaces/srv/detail/can_config_command__type_support.h
-- Symlinking: /home/zck/workspace/http_to_ros/manual_control/install/robot_interfaces/include/robot_interfaces/robot_interfaces/srv/detail/joint_sensor_names__functions.h
-- Symlinking: /home/zck/workspace/http_to_ros/manual_control/install/robot_interfaces/include/robot_interfaces/robot_interfaces/srv/detail/joint_sensor_names__struct.h
-- Symlinking: /home/zck/workspace/http_to_ros/manual_control/install/robot_interfaces/include/robot_interfaces/robot_interfaces/srv/detail/joint_sensor_names__type_support.h
-- Symlinking: /home/zck/workspace/http_to_ros/manual_control/install/robot_interfaces/include/robot_interfaces/robot_interfaces/srv/detail/motor_offset__functions.h
-- Symlinking: /home/zck/workspace/http_to_ros/manual_control/install/robot_interfaces/include/robot_interfaces/robot_interfaces/srv/detail/motor_offset__struct.h
-- Symlinking: /home/zck/workspace/http_to_ros/manual_control/install/robot_interfaces/include/robot_interfaces/robot_interfaces/srv/detail/motor_offset__type_support.h
-- Symlinking: /home/zck/workspace/http_to_ros/manual_control/install/robot_interfaces/include/robot_interfaces/robot_interfaces/srv/joint_sensor_names.h
-- Symlinking: /home/zck/workspace/http_to_ros/manual_control/install/robot_interfaces/include/robot_interfaces/robot_interfaces/srv/motor_offset.h
-- Symlinking: /home/zck/workspace/http_to_ros/manual_control/install/robot_interfaces/share/robot_interfaces/environment/library_path.sh
-- Symlinking: /home/zck/workspace/http_to_ros/manual_control/install/robot_interfaces/share/robot_interfaces/environment/library_path.dsv
-- Symlinking: /home/zck/workspace/http_to_ros/manual_control/install/robot_interfaces/include/robot_interfaces/robot_interfaces/action/detail/action_group_bridge__rosidl_typesupport_fastrtps_c.h
-- Symlinking: /home/zck/workspace/http_to_ros/manual_control/install/robot_interfaces/include/robot_interfaces/robot_interfaces/msg/detail/imu_data__rosidl_typesupport_fastrtps_c.h
-- Symlinking: /home/zck/workspace/http_to_ros/manual_control/install/robot_interfaces/include/robot_interfaces/robot_interfaces/msg/detail/motor_can_command__rosidl_typesupport_fastrtps_c.h
-- Symlinking: /home/zck/workspace/http_to_ros/manual_control/install/robot_interfaces/include/robot_interfaces/robot_interfaces/msg/detail/motor_state__rosidl_typesupport_fastrtps_c.h
-- Symlinking: /home/zck/workspace/http_to_ros/manual_control/install/robot_interfaces/include/robot_interfaces/robot_interfaces/msg/detail/sensor_state__rosidl_typesupport_fastrtps_c.h
-- Symlinking: /home/zck/workspace/http_to_ros/manual_control/install/robot_interfaces/include/robot_interfaces/robot_interfaces/msg/rosidl_typesupport_fastrtps_c__visibility_control.h
-- Symlinking: /home/zck/workspace/http_to_ros/manual_control/install/robot_interfaces/include/robot_interfaces/robot_interfaces/srv/detail/can_config_command__rosidl_typesupport_fastrtps_c.h
-- Symlinking: /home/zck/workspace/http_to_ros/manual_control/install/robot_interfaces/include/robot_interfaces/robot_interfaces/srv/detail/joint_sensor_names__rosidl_typesupport_fastrtps_c.h
-- Symlinking: /home/zck/workspace/http_to_ros/manual_control/install/robot_interfaces/include/robot_interfaces/robot_interfaces/srv/detail/motor_offset__rosidl_typesupport_fastrtps_c.h
-- Symlinking: /home/zck/workspace/http_to_ros/manual_control/install/robot_interfaces/include/robot_interfaces/robot_interfaces/action/detail/action_group_bridge__rosidl_typesupport_introspection_c.h
-- Symlinking: /home/zck/workspace/http_to_ros/manual_control/install/robot_interfaces/include/robot_interfaces/robot_interfaces/msg/detail/imu_data__rosidl_typesupport_introspection_c.h
-- Symlinking: /home/zck/workspace/http_to_ros/manual_control/install/robot_interfaces/include/robot_interfaces/robot_interfaces/msg/detail/motor_can_command__rosidl_typesupport_introspection_c.h
-- Symlinking: /home/zck/workspace/http_to_ros/manual_control/install/robot_interfaces/include/robot_interfaces/robot_interfaces/msg/detail/motor_state__rosidl_typesupport_introspection_c.h
-- Symlinking: /home/zck/workspace/http_to_ros/manual_control/install/robot_interfaces/include/robot_interfaces/robot_interfaces/msg/detail/sensor_state__rosidl_typesupport_introspection_c.h
-- Symlinking: /home/zck/workspace/http_to_ros/manual_control/install/robot_interfaces/include/robot_interfaces/robot_interfaces/msg/rosidl_typesupport_introspection_c__visibility_control.h
-- Symlinking: /home/zck/workspace/http_to_ros/manual_control/install/robot_interfaces/include/robot_interfaces/robot_interfaces/srv/detail/can_config_command__rosidl_typesupport_introspection_c.h
-- Symlinking: /home/zck/workspace/http_to_ros/manual_control/install/robot_interfaces/include/robot_interfaces/robot_interfaces/srv/detail/joint_sensor_names__rosidl_typesupport_introspection_c.h
-- Symlinking: /home/zck/workspace/http_to_ros/manual_control/install/robot_interfaces/include/robot_interfaces/robot_interfaces/srv/detail/motor_offset__rosidl_typesupport_introspection_c.h
-- Symlinking: /home/zck/workspace/http_to_ros/manual_control/install/robot_interfaces/include/robot_interfaces/robot_interfaces/action/action_group_bridge.hpp
-- Symlinking: /home/zck/workspace/http_to_ros/manual_control/install/robot_interfaces/include/robot_interfaces/robot_interfaces/action/detail/action_group_bridge__builder.hpp
-- Symlinking: /home/zck/workspace/http_to_ros/manual_control/install/robot_interfaces/include/robot_interfaces/robot_interfaces/action/detail/action_group_bridge__struct.hpp
-- Symlinking: /home/zck/workspace/http_to_ros/manual_control/install/robot_interfaces/include/robot_interfaces/robot_interfaces/action/detail/action_group_bridge__traits.hpp
-- Symlinking: /home/zck/workspace/http_to_ros/manual_control/install/robot_interfaces/include/robot_interfaces/robot_interfaces/action/detail/action_group_bridge__type_support.hpp
-- Symlinking: /home/zck/workspace/http_to_ros/manual_control/install/robot_interfaces/include/robot_interfaces/robot_interfaces/msg/detail/imu_data__builder.hpp
-- Symlinking: /home/zck/workspace/http_to_ros/manual_control/install/robot_interfaces/include/robot_interfaces/robot_interfaces/msg/detail/imu_data__struct.hpp
-- Symlinking: /home/zck/workspace/http_to_ros/manual_control/install/robot_interfaces/include/robot_interfaces/robot_interfaces/msg/detail/imu_data__traits.hpp
-- Symlinking: /home/zck/workspace/http_to_ros/manual_control/install/robot_interfaces/include/robot_interfaces/robot_interfaces/msg/detail/imu_data__type_support.hpp
-- Symlinking: /home/zck/workspace/http_to_ros/manual_control/install/robot_interfaces/include/robot_interfaces/robot_interfaces/msg/detail/motor_can_command__builder.hpp
-- Symlinking: /home/zck/workspace/http_to_ros/manual_control/install/robot_interfaces/include/robot_interfaces/robot_interfaces/msg/detail/motor_can_command__struct.hpp
-- Symlinking: /home/zck/workspace/http_to_ros/manual_control/install/robot_interfaces/include/robot_interfaces/robot_interfaces/msg/detail/motor_can_command__traits.hpp
-- Symlinking: /home/zck/workspace/http_to_ros/manual_control/install/robot_interfaces/include/robot_interfaces/robot_interfaces/msg/detail/motor_can_command__type_support.hpp
-- Symlinking: /home/zck/workspace/http_to_ros/manual_control/install/robot_interfaces/include/robot_interfaces/robot_interfaces/msg/detail/motor_state__builder.hpp
-- Symlinking: /home/zck/workspace/http_to_ros/manual_control/install/robot_interfaces/include/robot_interfaces/robot_interfaces/msg/detail/motor_state__struct.hpp
-- Symlinking: /home/zck/workspace/http_to_ros/manual_control/install/robot_interfaces/include/robot_interfaces/robot_interfaces/msg/detail/motor_state__traits.hpp
-- Symlinking: /home/zck/workspace/http_to_ros/manual_control/install/robot_interfaces/include/robot_interfaces/robot_interfaces/msg/detail/motor_state__type_support.hpp
-- Symlinking: /home/zck/workspace/http_to_ros/manual_control/install/robot_interfaces/include/robot_interfaces/robot_interfaces/msg/detail/sensor_state__builder.hpp
-- Symlinking: /home/zck/workspace/http_to_ros/manual_control/install/robot_interfaces/include/robot_interfaces/robot_interfaces/msg/detail/sensor_state__struct.hpp
-- Symlinking: /home/zck/workspace/http_to_ros/manual_control/install/robot_interfaces/include/robot_interfaces/robot_interfaces/msg/detail/sensor_state__traits.hpp
-- Symlinking: /home/zck/workspace/http_to_ros/manual_control/install/robot_interfaces/include/robot_interfaces/robot_interfaces/msg/detail/sensor_state__type_support.hpp
-- Symlinking: /home/zck/workspace/http_to_ros/manual_control/install/robot_interfaces/include/robot_interfaces/robot_interfaces/msg/imu_data.hpp
-- Symlinking: /home/zck/workspace/http_to_ros/manual_control/install/robot_interfaces/include/robot_interfaces/robot_interfaces/msg/motor_can_command.hpp
-- Symlinking: /home/zck/workspace/http_to_ros/manual_control/install/robot_interfaces/include/robot_interfaces/robot_interfaces/msg/motor_state.hpp
-- Symlinking: /home/zck/workspace/http_to_ros/manual_control/install/robot_interfaces/include/robot_interfaces/robot_interfaces/msg/rosidl_generator_cpp__visibility_control.hpp
-- Symlinking: /home/zck/workspace/http_to_ros/manual_control/install/robot_interfaces/include/robot_interfaces/robot_interfaces/msg/sensor_state.hpp
-- Symlinking: /home/zck/workspace/http_to_ros/manual_control/install/robot_interfaces/include/robot_interfaces/robot_interfaces/srv/can_config_command.hpp
-- Symlinking: /home/zck/workspace/http_to_ros/manual_control/install/robot_interfaces/include/robot_interfaces/robot_interfaces/srv/detail/can_config_command__builder.hpp
-- Symlinking: /home/zck/workspace/http_to_ros/manual_control/install/robot_interfaces/include/robot_interfaces/robot_interfaces/srv/detail/can_config_command__struct.hpp
-- Symlinking: /home/zck/workspace/http_to_ros/manual_control/install/robot_interfaces/include/robot_interfaces/robot_interfaces/srv/detail/can_config_command__traits.hpp
-- Symlinking: /home/zck/workspace/http_to_ros/manual_control/install/robot_interfaces/include/robot_interfaces/robot_interfaces/srv/detail/can_config_command__type_support.hpp
-- Symlinking: /home/zck/workspace/http_to_ros/manual_control/install/robot_interfaces/include/robot_interfaces/robot_interfaces/srv/detail/joint_sensor_names__builder.hpp
-- Symlinking: /home/zck/workspace/http_to_ros/manual_control/install/robot_interfaces/include/robot_interfaces/robot_interfaces/srv/detail/joint_sensor_names__struct.hpp
-- Symlinking: /home/zck/workspace/http_to_ros/manual_control/install/robot_interfaces/include/robot_interfaces/robot_interfaces/srv/detail/joint_sensor_names__traits.hpp
-- Symlinking: /home/zck/workspace/http_to_ros/manual_control/install/robot_interfaces/include/robot_interfaces/robot_interfaces/srv/detail/joint_sensor_names__type_support.hpp
-- Symlinking: /home/zck/workspace/http_to_ros/manual_control/install/robot_interfaces/include/robot_interfaces/robot_interfaces/srv/detail/motor_offset__builder.hpp
-- Symlinking: /home/zck/workspace/http_to_ros/manual_control/install/robot_interfaces/include/robot_interfaces/robot_interfaces/srv/detail/motor_offset__struct.hpp
-- Symlinking: /home/zck/workspace/http_to_ros/manual_control/install/robot_interfaces/include/robot_interfaces/robot_interfaces/srv/detail/motor_offset__traits.hpp
-- Symlinking: /home/zck/workspace/http_to_ros/manual_control/install/robot_interfaces/include/robot_interfaces/robot_interfaces/srv/detail/motor_offset__type_support.hpp
-- Symlinking: /home/zck/workspace/http_to_ros/manual_control/install/robot_interfaces/include/robot_interfaces/robot_interfaces/srv/joint_sensor_names.hpp
-- Symlinking: /home/zck/workspace/http_to_ros/manual_control/install/robot_interfaces/include/robot_interfaces/robot_interfaces/srv/motor_offset.hpp
-- Symlinking: /home/zck/workspace/http_to_ros/manual_control/install/robot_interfaces/include/robot_interfaces/robot_interfaces/action/detail/action_group_bridge__rosidl_typesupport_fastrtps_cpp.hpp
-- Symlinking: /home/zck/workspace/http_to_ros/manual_control/install/robot_interfaces/include/robot_interfaces/robot_interfaces/msg/detail/imu_data__rosidl_typesupport_fastrtps_cpp.hpp
-- Symlinking: /home/zck/workspace/http_to_ros/manual_control/install/robot_interfaces/include/robot_interfaces/robot_interfaces/msg/detail/motor_can_command__rosidl_typesupport_fastrtps_cpp.hpp
-- Symlinking: /home/zck/workspace/http_to_ros/manual_control/install/robot_interfaces/include/robot_interfaces/robot_interfaces/msg/detail/motor_state__rosidl_typesupport_fastrtps_cpp.hpp
-- Symlinking: /home/zck/workspace/http_to_ros/manual_control/install/robot_interfaces/include/robot_interfaces/robot_interfaces/msg/detail/sensor_state__rosidl_typesupport_fastrtps_cpp.hpp
-- Symlinking: /home/zck/workspace/http_to_ros/manual_control/install/robot_interfaces/include/robot_interfaces/robot_interfaces/msg/rosidl_typesupport_fastrtps_cpp__visibility_control.h
-- Symlinking: /home/zck/workspace/http_to_ros/manual_control/install/robot_interfaces/include/robot_interfaces/robot_interfaces/srv/detail/can_config_command__rosidl_typesupport_fastrtps_cpp.hpp
-- Symlinking: /home/zck/workspace/http_to_ros/manual_control/install/robot_interfaces/include/robot_interfaces/robot_interfaces/srv/detail/joint_sensor_names__rosidl_typesupport_fastrtps_cpp.hpp
-- Symlinking: /home/zck/workspace/http_to_ros/manual_control/install/robot_interfaces/include/robot_interfaces/robot_interfaces/srv/detail/motor_offset__rosidl_typesupport_fastrtps_cpp.hpp
-- Symlinking: /home/zck/workspace/http_to_ros/manual_control/install/robot_interfaces/include/robot_interfaces/robot_interfaces/action/detail/action_group_bridge__rosidl_typesupport_introspection_cpp.hpp
-- Symlinking: /home/zck/workspace/http_to_ros/manual_control/install/robot_interfaces/include/robot_interfaces/robot_interfaces/msg/detail/imu_data__rosidl_typesupport_introspection_cpp.hpp
-- Symlinking: /home/zck/workspace/http_to_ros/manual_control/install/robot_interfaces/include/robot_interfaces/robot_interfaces/msg/detail/motor_can_command__rosidl_typesupport_introspection_cpp.hpp
-- Symlinking: /home/zck/workspace/http_to_ros/manual_control/install/robot_interfaces/include/robot_interfaces/robot_interfaces/msg/detail/motor_state__rosidl_typesupport_introspection_cpp.hpp
-- Symlinking: /home/zck/workspace/http_to_ros/manual_control/install/robot_interfaces/include/robot_interfaces/robot_interfaces/msg/detail/sensor_state__rosidl_typesupport_introspection_cpp.hpp
-- Symlinking: /home/zck/workspace/http_to_ros/manual_control/install/robot_interfaces/include/robot_interfaces/robot_interfaces/srv/detail/can_config_command__rosidl_typesupport_introspection_cpp.hpp
-- Symlinking: /home/zck/workspace/http_to_ros/manual_control/install/robot_interfaces/include/robot_interfaces/robot_interfaces/srv/detail/joint_sensor_names__rosidl_typesupport_introspection_cpp.hpp
-- Symlinking: /home/zck/workspace/http_to_ros/manual_control/install/robot_interfaces/include/robot_interfaces/robot_interfaces/srv/detail/motor_offset__rosidl_typesupport_introspection_cpp.hpp
-- Symlinking: /home/zck/workspace/http_to_ros/manual_control/install/robot_interfaces/share/robot_interfaces/environment/pythonpath.sh
-- Symlinking: /home/zck/workspace/http_to_ros/manual_control/install/robot_interfaces/share/robot_interfaces/environment/pythonpath.dsv
-- Symlinking: /home/zck/workspace/http_to_ros/manual_control/install/robot_interfaces/local/lib/python3.10/dist-packages/robot_interfaces-0.0.0-py3.10.egg-info/PKG-INFO
-- Symlinking: /home/zck/workspace/http_to_ros/manual_control/install/robot_interfaces/local/lib/python3.10/dist-packages/robot_interfaces-0.0.0-py3.10.egg-info/SOURCES.txt
-- Symlinking: /home/zck/workspace/http_to_ros/manual_control/install/robot_interfaces/local/lib/python3.10/dist-packages/robot_interfaces-0.0.0-py3.10.egg-info/dependency_links.txt
-- Symlinking: /home/zck/workspace/http_to_ros/manual_control/install/robot_interfaces/local/lib/python3.10/dist-packages/robot_interfaces-0.0.0-py3.10.egg-info/top_level.txt
-- Symlinking: /home/zck/workspace/http_to_ros/manual_control/install/robot_interfaces/local/lib/python3.10/dist-packages/robot_interfaces/__init__.py
-- Symlinking: /home/zck/workspace/http_to_ros/manual_control/install/robot_interfaces/local/lib/python3.10/dist-packages/robot_interfaces/_robot_interfaces_s.ep.rosidl_typesupport_c.c
-- Symlinking: /home/zck/workspace/http_to_ros/manual_control/install/robot_interfaces/local/lib/python3.10/dist-packages/robot_interfaces/_robot_interfaces_s.ep.rosidl_typesupport_fastrtps_c.c
-- Symlinking: /home/zck/workspace/http_to_ros/manual_control/install/robot_interfaces/local/lib/python3.10/dist-packages/robot_interfaces/_robot_interfaces_s.ep.rosidl_typesupport_introspection_c.c
-- Symlinking: /home/zck/workspace/http_to_ros/manual_control/install/robot_interfaces/local/lib/python3.10/dist-packages/robot_interfaces/action/__init__.py
-- Symlinking: /home/zck/workspace/http_to_ros/manual_control/install/robot_interfaces/local/lib/python3.10/dist-packages/robot_interfaces/action/_action_group_bridge.py
-- Symlinking: /home/zck/workspace/http_to_ros/manual_control/install/robot_interfaces/local/lib/python3.10/dist-packages/robot_interfaces/action/_action_group_bridge_s.c
-- Symlinking: /home/zck/workspace/http_to_ros/manual_control/install/robot_interfaces/local/lib/python3.10/dist-packages/robot_interfaces/librobot_interfaces__rosidl_generator_py.so
-- Symlinking: /home/zck/workspace/http_to_ros/manual_control/install/robot_interfaces/local/lib/python3.10/dist-packages/robot_interfaces/msg/__init__.py
-- Symlinking: /home/zck/workspace/http_to_ros/manual_control/install/robot_interfaces/local/lib/python3.10/dist-packages/robot_interfaces/msg/_imu_data.py
-- Symlinking: /home/zck/workspace/http_to_ros/manual_control/install/robot_interfaces/local/lib/python3.10/dist-packages/robot_interfaces/msg/_imu_data_s.c
-- Symlinking: /home/zck/workspace/http_to_ros/manual_control/install/robot_interfaces/local/lib/python3.10/dist-packages/robot_interfaces/msg/_motor_can_command.py
-- Symlinking: /home/zck/workspace/http_to_ros/manual_control/install/robot_interfaces/local/lib/python3.10/dist-packages/robot_interfaces/msg/_motor_can_command_s.c
-- Symlinking: /home/zck/workspace/http_to_ros/manual_control/install/robot_interfaces/local/lib/python3.10/dist-packages/robot_interfaces/msg/_motor_state.py
-- Symlinking: /home/zck/workspace/http_to_ros/manual_control/install/robot_interfaces/local/lib/python3.10/dist-packages/robot_interfaces/msg/_motor_state_s.c
-- Symlinking: /home/zck/workspace/http_to_ros/manual_control/install/robot_interfaces/local/lib/python3.10/dist-packages/robot_interfaces/msg/_sensor_state.py
-- Symlinking: /home/zck/workspace/http_to_ros/manual_control/install/robot_interfaces/local/lib/python3.10/dist-packages/robot_interfaces/msg/_sensor_state_s.c
-- Symlinking: /home/zck/workspace/http_to_ros/manual_control/install/robot_interfaces/local/lib/python3.10/dist-packages/robot_interfaces/robot_interfaces_s__rosidl_typesupport_c.cpython-310-x86_64-linux-gnu.so
-- Symlinking: /home/zck/workspace/http_to_ros/manual_control/install/robot_interfaces/local/lib/python3.10/dist-packages/robot_interfaces/robot_interfaces_s__rosidl_typesupport_fastrtps_c.cpython-310-x86_64-linux-gnu.so
-- Symlinking: /home/zck/workspace/http_to_ros/manual_control/install/robot_interfaces/local/lib/python3.10/dist-packages/robot_interfaces/robot_interfaces_s__rosidl_typesupport_introspection_c.cpython-310-x86_64-linux-gnu.so
-- Symlinking: /home/zck/workspace/http_to_ros/manual_control/install/robot_interfaces/local/lib/python3.10/dist-packages/robot_interfaces/srv/__init__.py
-- Symlinking: /home/zck/workspace/http_to_ros/manual_control/install/robot_interfaces/local/lib/python3.10/dist-packages/robot_interfaces/srv/_can_config_command.py
-- Symlinking: /home/zck/workspace/http_to_ros/manual_control/install/robot_interfaces/local/lib/python3.10/dist-packages/robot_interfaces/srv/_can_config_command_s.c
-- Symlinking: /home/zck/workspace/http_to_ros/manual_control/install/robot_interfaces/local/lib/python3.10/dist-packages/robot_interfaces/srv/_joint_sensor_names.py
-- Symlinking: /home/zck/workspace/http_to_ros/manual_control/install/robot_interfaces/local/lib/python3.10/dist-packages/robot_interfaces/srv/_joint_sensor_names_s.c
-- Symlinking: /home/zck/workspace/http_to_ros/manual_control/install/robot_interfaces/local/lib/python3.10/dist-packages/robot_interfaces/srv/_motor_offset.py
-- Symlinking: /home/zck/workspace/http_to_ros/manual_control/install/robot_interfaces/local/lib/python3.10/dist-packages/robot_interfaces/srv/_motor_offset_s.c
-- Up-to-date symlink: /home/zck/workspace/http_to_ros/manual_control/install/robot_interfaces/local/lib/python3.10/dist-packages/robot_interfaces/robot_interfaces_s__rosidl_typesupport_fastrtps_c.cpython-310-x86_64-linux-gnu.so
-- Up-to-date symlink: /home/zck/workspace/http_to_ros/manual_control/install/robot_interfaces/local/lib/python3.10/dist-packages/robot_interfaces/robot_interfaces_s__rosidl_typesupport_introspection_c.cpython-310-x86_64-linux-gnu.so
-- Up-to-date symlink: /home/zck/workspace/http_to_ros/manual_control/install/robot_interfaces/local/lib/python3.10/dist-packages/robot_interfaces/robot_interfaces_s__rosidl_typesupport_c.cpython-310-x86_64-linux-gnu.so
-- Symlinking: /home/zck/workspace/http_to_ros/manual_control/install/robot_interfaces/share/robot_interfaces/msg/MotorCanCommand.idl
-- Symlinking: /home/zck/workspace/http_to_ros/manual_control/install/robot_interfaces/share/robot_interfaces/msg/MotorState.idl
-- Symlinking: /home/zck/workspace/http_to_ros/manual_control/install/robot_interfaces/share/robot_interfaces/msg/ImuData.idl
-- Symlinking: /home/zck/workspace/http_to_ros/manual_control/install/robot_interfaces/share/robot_interfaces/msg/SensorState.idl
-- Symlinking: /home/zck/workspace/http_to_ros/manual_control/install/robot_interfaces/share/robot_interfaces/srv/CanConfigCommand.idl
-- Symlinking: /home/zck/workspace/http_to_ros/manual_control/install/robot_interfaces/share/robot_interfaces/srv/JointSensorNames.idl
-- Symlinking: /home/zck/workspace/http_to_ros/manual_control/install/robot_interfaces/share/robot_interfaces/srv/MotorOffset.idl
-- Symlinking: /home/zck/workspace/http_to_ros/manual_control/install/robot_interfaces/share/robot_interfaces/action/ActionGroupBridge.idl
-- Symlinking: /home/zck/workspace/http_to_ros/manual_control/install/robot_interfaces/share/robot_interfaces/msg/MotorCanCommand.msg
-- Symlinking: /home/zck/workspace/http_to_ros/manual_control/install/robot_interfaces/share/robot_interfaces/msg/MotorState.msg
-- Symlinking: /home/zck/workspace/http_to_ros/manual_control/install/robot_interfaces/share/robot_interfaces/msg/ImuData.msg
-- Symlinking: /home/zck/workspace/http_to_ros/manual_control/install/robot_interfaces/share/robot_interfaces/msg/SensorState.msg
-- Symlinking: /home/zck/workspace/http_to_ros/manual_control/install/robot_interfaces/share/robot_interfaces/srv/CanConfigCommand.srv
-- Symlinking: /home/zck/workspace/http_to_ros/manual_control/install/robot_interfaces/share/robot_interfaces/srv/CanConfigCommand_Request.msg
-- Symlinking: /home/zck/workspace/http_to_ros/manual_control/install/robot_interfaces/share/robot_interfaces/srv/CanConfigCommand_Response.msg
-- Symlinking: /home/zck/workspace/http_to_ros/manual_control/install/robot_interfaces/share/robot_interfaces/srv/JointSensorNames.srv
-- Symlinking: /home/zck/workspace/http_to_ros/manual_control/install/robot_interfaces/share/robot_interfaces/srv/JointSensorNames_Request.msg
-- Symlinking: /home/zck/workspace/http_to_ros/manual_control/install/robot_interfaces/share/robot_interfaces/srv/JointSensorNames_Response.msg
-- Symlinking: /home/zck/workspace/http_to_ros/manual_control/install/robot_interfaces/share/robot_interfaces/srv/MotorOffset.srv
-- Symlinking: /home/zck/workspace/http_to_ros/manual_control/install/robot_interfaces/share/robot_interfaces/srv/MotorOffset_Request.msg
-- Symlinking: /home/zck/workspace/http_to_ros/manual_control/install/robot_interfaces/share/robot_interfaces/srv/MotorOffset_Response.msg
-- Symlinking: /home/zck/workspace/http_to_ros/manual_control/install/robot_interfaces/share/robot_interfaces/action/ActionGroupBridge.action
-- Symlinking: /home/zck/workspace/http_to_ros/manual_control/install/robot_interfaces/share/ament_index/resource_index/package_run_dependencies/robot_interfaces
-- Symlinking: /home/zck/workspace/http_to_ros/manual_control/install/robot_interfaces/share/ament_index/resource_index/parent_prefix_path/robot_interfaces
-- Symlinking: /home/zck/workspace/http_to_ros/manual_control/install/robot_interfaces/share/robot_interfaces/environment/ament_prefix_path.sh
-- Symlinking: /home/zck/workspace/http_to_ros/manual_control/install/robot_interfaces/share/robot_interfaces/environment/ament_prefix_path.dsv
-- Symlinking: /home/zck/workspace/http_to_ros/manual_control/install/robot_interfaces/share/robot_interfaces/environment/path.sh
-- Symlinking: /home/zck/workspace/http_to_ros/manual_control/install/robot_interfaces/share/robot_interfaces/environment/path.dsv
-- Symlinking: /home/zck/workspace/http_to_ros/manual_control/install/robot_interfaces/share/robot_interfaces/local_setup.bash
-- Symlinking: /home/zck/workspace/http_to_ros/manual_control/install/robot_interfaces/share/robot_interfaces/local_setup.sh
-- Symlinking: /home/zck/workspace/http_to_ros/manual_control/install/robot_interfaces/share/robot_interfaces/local_setup.zsh
-- Symlinking: /home/zck/workspace/http_to_ros/manual_control/install/robot_interfaces/share/robot_interfaces/local_setup.dsv
-- Symlinking: /home/zck/workspace/http_to_ros/manual_control/install/robot_interfaces/share/robot_interfaces/package.dsv
-- Symlinking: /home/zck/workspace/http_to_ros/manual_control/install/robot_interfaces/share/ament_index/resource_index/packages/robot_interfaces
-- Symlinking: /home/zck/workspace/http_to_ros/manual_control/install/robot_interfaces/share/robot_interfaces/cmake/rosidl_cmake-extras.cmake
-- Symlinking: /home/zck/workspace/http_to_ros/manual_control/install/robot_interfaces/share/robot_interfaces/cmake/ament_cmake_export_dependencies-extras.cmake
-- Symlinking: /home/zck/workspace/http_to_ros/manual_control/install/robot_interfaces/share/robot_interfaces/cmake/ament_cmake_export_include_directories-extras.cmake
-- Symlinking: /home/zck/workspace/http_to_ros/manual_control/install/robot_interfaces/share/robot_interfaces/cmake/ament_cmake_export_libraries-extras.cmake
-- Symlinking: /home/zck/workspace/http_to_ros/manual_control/install/robot_interfaces/share/robot_interfaces/cmake/ament_cmake_export_targets-extras.cmake
-- Symlinking: /home/zck/workspace/http_to_ros/manual_control/install/robot_interfaces/share/robot_interfaces/cmake/rosidl_cmake_export_typesupport_targets-extras.cmake
-- Symlinking: /home/zck/workspace/http_to_ros/manual_control/install/robot_interfaces/share/robot_interfaces/cmake/rosidl_cmake_export_typesupport_libraries-extras.cmake
-- Symlinking: /home/zck/workspace/http_to_ros/manual_control/install/robot_interfaces/share/robot_interfaces/cmake/robot_interfacesConfig.cmake
-- Symlinking: /home/zck/workspace/http_to_ros/manual_control/install/robot_interfaces/share/robot_interfaces/cmake/robot_interfacesConfig-version.cmake
-- Symlinking: /home/zck/workspace/http_to_ros/manual_control/install/robot_interfaces/share/robot_interfaces/package.xml
-- Installing: /home/zck/workspace/http_to_ros/manual_control/install/robot_interfaces/lib/librobot_interfaces__rosidl_generator_c.so
-- Set runtime path of "/home/zck/workspace/http_to_ros/manual_control/install/robot_interfaces/lib/librobot_interfaces__rosidl_generator_c.so" to ""
-- Installing: /home/zck/workspace/http_to_ros/manual_control/install/robot_interfaces/lib/librobot_interfaces__rosidl_typesupport_fastrtps_c.so
-- Set runtime path of "/home/zck/workspace/http_to_ros/manual_control/install/robot_interfaces/lib/librobot_interfaces__rosidl_typesupport_fastrtps_c.so" to ""
-- Installing: /home/zck/workspace/http_to_ros/manual_control/install/robot_interfaces/lib/librobot_interfaces__rosidl_typesupport_introspection_c.so
-- Set runtime path of "/home/zck/workspace/http_to_ros/manual_control/install/robot_interfaces/lib/librobot_interfaces__rosidl_typesupport_introspection_c.so" to ""
-- Installing: /home/zck/workspace/http_to_ros/manual_control/install/robot_interfaces/lib/librobot_interfaces__rosidl_typesupport_c.so
-- Set runtime path of "/home/zck/workspace/http_to_ros/manual_control/install/robot_interfaces/lib/librobot_interfaces__rosidl_typesupport_c.so" to ""
-- Installing: /home/zck/workspace/http_to_ros/manual_control/install/robot_interfaces/lib/librobot_interfaces__rosidl_typesupport_fastrtps_cpp.so
-- Set runtime path of "/home/zck/workspace/http_to_ros/manual_control/install/robot_interfaces/lib/librobot_interfaces__rosidl_typesupport_fastrtps_cpp.so" to ""
-- Installing: /home/zck/workspace/http_to_ros/manual_control/install/robot_interfaces/lib/librobot_interfaces__rosidl_typesupport_introspection_cpp.so
-- Set runtime path of "/home/zck/workspace/http_to_ros/manual_control/install/robot_interfaces/lib/librobot_interfaces__rosidl_typesupport_introspection_cpp.so" to ""
-- Installing: /home/zck/workspace/http_to_ros/manual_control/install/robot_interfaces/lib/librobot_interfaces__rosidl_typesupport_cpp.so
-- Set runtime path of "/home/zck/workspace/http_to_ros/manual_control/install/robot_interfaces/lib/librobot_interfaces__rosidl_typesupport_cpp.so" to ""
Listing '/home/zck/workspace/http_to_ros/manual_control/install/robot_interfaces/local/lib/python3.10/dist-packages/robot_interfaces'...
Compiling '/home/zck/workspace/http_to_ros/manual_control/install/robot_interfaces/local/lib/python3.10/dist-packages/robot_interfaces/__init__.py'...
Listing '/home/zck/workspace/http_to_ros/manual_control/install/robot_interfaces/local/lib/python3.10/dist-packages/robot_interfaces/action'...
Compiling '/home/zck/workspace/http_to_ros/manual_control/install/robot_interfaces/local/lib/python3.10/dist-packages/robot_interfaces/action/__init__.py'...
Compiling '/home/zck/workspace/http_to_ros/manual_control/install/robot_interfaces/local/lib/python3.10/dist-packages/robot_interfaces/action/_action_group_bridge.py'...
Listing '/home/zck/workspace/http_to_ros/manual_control/install/robot_interfaces/local/lib/python3.10/dist-packages/robot_interfaces/msg'...
Compiling '/home/zck/workspace/http_to_ros/manual_control/install/robot_interfaces/local/lib/python3.10/dist-packages/robot_interfaces/msg/__init__.py'...
Compiling '/home/zck/workspace/http_to_ros/manual_control/install/robot_interfaces/local/lib/python3.10/dist-packages/robot_interfaces/msg/_imu_data.py'...
Compiling '/home/zck/workspace/http_to_ros/manual_control/install/robot_interfaces/local/lib/python3.10/dist-packages/robot_interfaces/msg/_motor_can_command.py'...
Compiling '/home/zck/workspace/http_to_ros/manual_control/install/robot_interfaces/local/lib/python3.10/dist-packages/robot_interfaces/msg/_motor_state.py'...
Compiling '/home/zck/workspace/http_to_ros/manual_control/install/robot_interfaces/local/lib/python3.10/dist-packages/robot_interfaces/msg/_sensor_state.py'...
Listing '/home/zck/workspace/http_to_ros/manual_control/install/robot_interfaces/local/lib/python3.10/dist-packages/robot_interfaces/srv'...
Compiling '/home/zck/workspace/http_to_ros/manual_control/install/robot_interfaces/local/lib/python3.10/dist-packages/robot_interfaces/srv/__init__.py'...
Compiling '/home/zck/workspace/http_to_ros/manual_control/install/robot_interfaces/local/lib/python3.10/dist-packages/robot_interfaces/srv/_can_config_command.py'...
Compiling '/home/zck/workspace/http_to_ros/manual_control/install/robot_interfaces/local/lib/python3.10/dist-packages/robot_interfaces/srv/_joint_sensor_names.py'...
Compiling '/home/zck/workspace/http_to_ros/manual_control/install/robot_interfaces/local/lib/python3.10/dist-packages/robot_interfaces/srv/_motor_offset.py'...
-- Installing: /home/zck/workspace/http_to_ros/manual_control/install/robot_interfaces/lib/librobot_interfaces__rosidl_generator_py.so
-- Set runtime path of "/home/zck/workspace/http_to_ros/manual_control/install/robot_interfaces/lib/librobot_interfaces__rosidl_generator_py.so" to ""
-- Installing: /home/zck/workspace/http_to_ros/manual_control/install/robot_interfaces/share/robot_interfaces/cmake/export_robot_interfaces__rosidl_generator_cExport.cmake
-- Installing: /home/zck/workspace/http_to_ros/manual_control/install/robot_interfaces/share/robot_interfaces/cmake/export_robot_interfaces__rosidl_generator_cExport-noconfig.cmake
-- Installing: /home/zck/workspace/http_to_ros/manual_control/install/robot_interfaces/share/robot_interfaces/cmake/export_robot_interfaces__rosidl_typesupport_fastrtps_cExport.cmake
-- Installing: /home/zck/workspace/http_to_ros/manual_control/install/robot_interfaces/share/robot_interfaces/cmake/export_robot_interfaces__rosidl_typesupport_fastrtps_cExport-noconfig.cmake
-- Installing: /home/zck/workspace/http_to_ros/manual_control/install/robot_interfaces/share/robot_interfaces/cmake/robot_interfaces__rosidl_typesupport_introspection_cExport.cmake
-- Installing: /home/zck/workspace/http_to_ros/manual_control/install/robot_interfaces/share/robot_interfaces/cmake/robot_interfaces__rosidl_typesupport_introspection_cExport-noconfig.cmake
-- Installing: /home/zck/workspace/http_to_ros/manual_control/install/robot_interfaces/share/robot_interfaces/cmake/robot_interfaces__rosidl_typesupport_cExport.cmake
-- Installing: /home/zck/workspace/http_to_ros/manual_control/install/robot_interfaces/share/robot_interfaces/cmake/robot_interfaces__rosidl_typesupport_cExport-noconfig.cmake
-- Installing: /home/zck/workspace/http_to_ros/manual_control/install/robot_interfaces/share/robot_interfaces/cmake/export_robot_interfaces__rosidl_generator_cppExport.cmake
-- Installing: /home/zck/workspace/http_to_ros/manual_control/install/robot_interfaces/share/robot_interfaces/cmake/export_robot_interfaces__rosidl_typesupport_fastrtps_cppExport.cmake
-- Installing: /home/zck/workspace/http_to_ros/manual_control/install/robot_interfaces/share/robot_interfaces/cmake/export_robot_interfaces__rosidl_typesupport_fastrtps_cppExport-noconfig.cmake
-- Installing: /home/zck/workspace/http_to_ros/manual_control/install/robot_interfaces/share/robot_interfaces/cmake/robot_interfaces__rosidl_typesupport_introspection_cppExport.cmake
-- Installing: /home/zck/workspace/http_to_ros/manual_control/install/robot_interfaces/share/robot_interfaces/cmake/robot_interfaces__rosidl_typesupport_introspection_cppExport-noconfig.cmake
-- Installing: /home/zck/workspace/http_to_ros/manual_control/install/robot_interfaces/share/robot_interfaces/cmake/robot_interfaces__rosidl_typesupport_cppExport.cmake
-- Installing: /home/zck/workspace/http_to_ros/manual_control/install/robot_interfaces/share/robot_interfaces/cmake/robot_interfaces__rosidl_typesupport_cppExport-noconfig.cmake
-- Installing: /home/zck/workspace/http_to_ros/manual_control/install/robot_interfaces/share/robot_interfaces/cmake/export_robot_interfaces__rosidl_generator_pyExport.cmake
-- Installing: /home/zck/workspace/http_to_ros/manual_control/install/robot_interfaces/share/robot_interfaces/cmake/export_robot_interfaces__rosidl_generator_pyExport-noconfig.cmake
