[0.160s] Invoking command in '/home/zck/workspace/http_to_ros/manual_control/build/robot_interfaces': CMAKE_PREFIX_PATH=/opt/ros/humble /usr/bin/cmake /home/zck/workspace/http_to_ros/manual_control/src/robot_interfaces -DAMENT_CMAKE_SYMLINK_INSTALL=1 -DCMAKE_INSTALL_PREFIX=/home/zck/workspace/http_to_ros/manual_control/install/robot_interfaces
[0.203s] -- The C compiler identification is GNU 11.4.0
[0.252s] -- The CXX compiler identification is GNU 11.4.0
[0.258s] -- Detecting C compiler ABI info
[0.317s] -- Detecting C compiler ABI info - done
[0.324s] -- Check for working C compiler: /usr/bin/cc - skipped
[0.324s] -- Detecting C compile features
[0.325s] -- Detecting C compile features - done
[0.328s] -- Detecting CXX compiler ABI info
[0.389s] -- Detecting CXX compiler ABI info - done
[0.396s] -- Check for working CXX compiler: /usr/bin/c++ - skipped
[0.396s] -- Detecting CXX compile features
[0.396s] -- Detecting CXX compile features - done
[0.398s] -- Found ament_cmake: 1.3.12 (/opt/ros/humble/share/ament_cmake/cmake)
[0.499s] -- Found Python3: /usr/bin/python3 (found version "3.10.12") found components: Interpreter 
[0.548s] -- Override CMake install command with custom implementation using symlinks instead of copying resources
[0.566s] -- Found rosidl_default_generators: 1.2.0 (/opt/ros/humble/share/rosidl_default_generators/cmake)
[0.568s] -- Using all available rosidl_typesupport_c: rosidl_typesupport_fastrtps_c;rosidl_typesupport_introspection_c
[0.573s] -- Found rosidl_adapter: 3.1.7 (/opt/ros/humble/share/rosidl_adapter/cmake)
[0.608s] -- Using all available rosidl_typesupport_cpp: rosidl_typesupport_fastrtps_cpp;rosidl_typesupport_introspection_cpp
[0.638s] -- Found geometry_msgs: 4.9.0 (/opt/ros/humble/share/geometry_msgs/cmake)
[0.973s] -- Found ament_cmake_ros: 0.10.0 (/opt/ros/humble/share/ament_cmake_ros/cmake)
[1.174s] -- Using all available rosidl_typesupport_c: rosidl_typesupport_fastrtps_c;rosidl_typesupport_introspection_c
[1.433s] -- Using all available rosidl_typesupport_cpp: rosidl_typesupport_fastrtps_cpp;rosidl_typesupport_introspection_cpp
[1.447s] -- Found PythonInterp: /usr/bin/python3 (found suitable version "3.10.12", minimum required is "3.6") 
[1.448s] -- Found python_cmake_module: 0.10.0 (/opt/ros/humble/share/python_cmake_module/cmake)
[1.475s] -- Found PythonLibs: /usr/lib/x86_64-linux-gnu/libpython3.10.so (found suitable version "3.10.12", minimum required is "3.5") 
[1.475s] -- Using PYTHON_EXECUTABLE: /usr/bin/python3
[1.475s] -- Using PYTHON_INCLUDE_DIRS: /usr/include/python3.10
[1.475s] -- Using PYTHON_LIBRARIES: /usr/lib/x86_64-linux-gnu/libpython3.10.so
[1.491s] -- Found PythonExtra: .so  
[1.532s] -- Found ament_lint_auto: 0.12.14 (/opt/ros/humble/share/ament_lint_auto/cmake)
[1.541s] -- Added test 'lint_cmake' to check CMake code style
[1.541s] -- Added test 'xmllint' to check XML markup files
[1.543s] -- Configuring done
[1.570s] -- Generating done
[1.578s] -- Build files have been written to: /home/zck/workspace/http_to_ros/manual_control/build/robot_interfaces
[1.586s] Invoked command in '/home/zck/workspace/http_to_ros/manual_control/build/robot_interfaces' returned '0': CMAKE_PREFIX_PATH=/opt/ros/humble /usr/bin/cmake /home/zck/workspace/http_to_ros/manual_control/src/robot_interfaces -DAMENT_CMAKE_SYMLINK_INSTALL=1 -DCMAKE_INSTALL_PREFIX=/home/zck/workspace/http_to_ros/manual_control/install/robot_interfaces
[1.587s] Invoking command in '/home/zck/workspace/http_to_ros/manual_control/build/robot_interfaces': CMAKE_PREFIX_PATH=/opt/ros/humble /usr/bin/cmake --build /home/zck/workspace/http_to_ros/manual_control/build/robot_interfaces -- -j14 -l14
[1.617s] [  1%] [34m[1mGenerating C code for ROS interfaces[0m
[1.622s] [  2%] [34m[1mGenerating C++ code for ROS interfaces[0m
[1.626s] [  2%] Built target ament_cmake_python_symlink_robot_interfaces
[1.852s] running egg_info
[1.853s] creating robot_interfaces.egg-info
[1.853s] writing robot_interfaces.egg-info/PKG-INFO
[1.853s] writing dependency_links to robot_interfaces.egg-info/dependency_links.txt
[1.853s] writing top-level names to robot_interfaces.egg-info/top_level.txt
[1.853s] writing manifest file 'robot_interfaces.egg-info/SOURCES.txt'
[1.855s] reading manifest file 'robot_interfaces.egg-info/SOURCES.txt'
[1.856s] writing manifest file 'robot_interfaces.egg-info/SOURCES.txt'
[1.889s] [  2%] Built target ament_cmake_python_build_robot_interfaces_egg
[2.401s] [  2%] Built target robot_interfaces__cpp
[2.421s] [  3%] [34m[1mGenerating C++ type support for eProsima Fast-RTPS[0m
[2.421s] [  4%] [34m[1mGenerating C++ type support dispatch for ROS interfaces[0m
[2.431s] [  5%] [34m[1mGenerating C++ introspection for ROS interfaces[0m
[2.466s] [  6%] [32mBuilding C object CMakeFiles/robot_interfaces__rosidl_generator_c.dir/rosidl_generator_c/robot_interfaces/msg/detail/motor_can_command__functions.c.o[0m
[2.469s] [  8%] [32mBuilding C object CMakeFiles/robot_interfaces__rosidl_generator_c.dir/rosidl_generator_c/robot_interfaces/msg/detail/motor_state__functions.c.o[0m
[2.470s] [  9%] [32mBuilding C object CMakeFiles/robot_interfaces__rosidl_generator_c.dir/rosidl_generator_c/robot_interfaces/msg/detail/imu_data__functions.c.o[0m
[2.478s] [ 10%] [32mBuilding C object CMakeFiles/robot_interfaces__rosidl_generator_c.dir/rosidl_generator_c/robot_interfaces/srv/detail/motor_offset__functions.c.o[0m
[2.480s] [ 11%] [32mBuilding C object CMakeFiles/robot_interfaces__rosidl_generator_c.dir/rosidl_generator_c/robot_interfaces/action/detail/action_group_bridge__functions.c.o[0m
[2.481s] [ 12%] [32mBuilding C object CMakeFiles/robot_interfaces__rosidl_generator_c.dir/rosidl_generator_c/robot_interfaces/srv/detail/can_config_command__functions.c.o[0m
[2.482s] [ 13%] [32mBuilding C object CMakeFiles/robot_interfaces__rosidl_generator_c.dir/rosidl_generator_c/robot_interfaces/msg/detail/sensor_state__functions.c.o[0m
[2.487s] [ 14%] [32mBuilding C object CMakeFiles/robot_interfaces__rosidl_generator_c.dir/rosidl_generator_c/robot_interfaces/srv/detail/joint_sensor_names__functions.c.o[0m
[2.766s] [ 16%] [32m[1mLinking C shared library librobot_interfaces__rosidl_generator_c.so[0m
[2.892s] [ 16%] Built target robot_interfaces__rosidl_generator_c
[2.932s] [ 17%] [34m[1mGenerating C introspection for ROS interfaces[0m
[2.942s] [ 18%] [34m[1mGenerating C type support dispatch for ROS interfaces[0m
[2.942s] [ 19%] [34m[1mGenerating C type support for eProsima Fast-RTPS[0m
[3.178s] [ 20%] [32mBuilding CXX object CMakeFiles/robot_interfaces__rosidl_typesupport_cpp.dir/rosidl_typesupport_cpp/robot_interfaces/srv/can_config_command__type_support.cpp.o[0m
[3.187s] [ 21%] [32mBuilding CXX object CMakeFiles/robot_interfaces__rosidl_typesupport_cpp.dir/rosidl_typesupport_cpp/robot_interfaces/action/action_group_bridge__type_support.cpp.o[0m
[3.191s] [ 22%] [32mBuilding CXX object CMakeFiles/robot_interfaces__rosidl_typesupport_cpp.dir/rosidl_typesupport_cpp/robot_interfaces/msg/sensor_state__type_support.cpp.o[0m
[3.197s] [ 24%] [32mBuilding CXX object CMakeFiles/robot_interfaces__rosidl_typesupport_cpp.dir/rosidl_typesupport_cpp/robot_interfaces/srv/motor_offset__type_support.cpp.o[0m
[3.201s] [ 25%] [32mBuilding CXX object CMakeFiles/robot_interfaces__rosidl_typesupport_cpp.dir/rosidl_typesupport_cpp/robot_interfaces/msg/motor_state__type_support.cpp.o[0m
[3.201s] [ 26%] [32mBuilding CXX object CMakeFiles/robot_interfaces__rosidl_typesupport_cpp.dir/rosidl_typesupport_cpp/robot_interfaces/msg/imu_data__type_support.cpp.o[0m
[3.247s] [ 27%] [32mBuilding CXX object CMakeFiles/robot_interfaces__rosidl_typesupport_cpp.dir/rosidl_typesupport_cpp/robot_interfaces/msg/motor_can_command__type_support.cpp.o[0m
[3.253s] [ 28%] [32mBuilding CXX object CMakeFiles/robot_interfaces__rosidl_typesupport_cpp.dir/rosidl_typesupport_cpp/robot_interfaces/srv/joint_sensor_names__type_support.cpp.o[0m
[3.721s] [ 29%] [32mBuilding CXX object CMakeFiles/robot_interfaces__rosidl_typesupport_fastrtps_cpp.dir/rosidl_typesupport_fastrtps_cpp/robot_interfaces/msg/detail/dds_fastrtps/motor_can_command__type_support.cpp.o[0m
[3.735s] [ 31%] [32mBuilding CXX object CMakeFiles/robot_interfaces__rosidl_typesupport_fastrtps_cpp.dir/rosidl_typesupport_fastrtps_cpp/robot_interfaces/msg/detail/dds_fastrtps/sensor_state__type_support.cpp.o[0m
[3.737s] [ 32%] [32mBuilding CXX object CMakeFiles/robot_interfaces__rosidl_typesupport_fastrtps_cpp.dir/rosidl_typesupport_fastrtps_cpp/robot_interfaces/msg/detail/dds_fastrtps/imu_data__type_support.cpp.o[0m
[3.741s] [ 33%] [32mBuilding CXX object CMakeFiles/robot_interfaces__rosidl_typesupport_fastrtps_cpp.dir/rosidl_typesupport_fastrtps_cpp/robot_interfaces/srv/detail/dds_fastrtps/joint_sensor_names__type_support.cpp.o[0m
[3.793s] [ 34%] [32mBuilding CXX object CMakeFiles/robot_interfaces__rosidl_typesupport_fastrtps_cpp.dir/rosidl_typesupport_fastrtps_cpp/robot_interfaces/msg/detail/dds_fastrtps/motor_state__type_support.cpp.o[0m
[3.795s] [ 35%] [32mBuilding CXX object CMakeFiles/robot_interfaces__rosidl_typesupport_fastrtps_cpp.dir/rosidl_typesupport_fastrtps_cpp/robot_interfaces/srv/detail/dds_fastrtps/can_config_command__type_support.cpp.o[0m
[3.947s] [ 36%] [32mBuilding CXX object CMakeFiles/robot_interfaces__rosidl_typesupport_fastrtps_cpp.dir/rosidl_typesupport_fastrtps_cpp/robot_interfaces/srv/detail/dds_fastrtps/motor_offset__type_support.cpp.o[0m
[4.043s] [ 37%] [32mBuilding CXX object CMakeFiles/robot_interfaces__rosidl_typesupport_fastrtps_cpp.dir/rosidl_typesupport_fastrtps_cpp/robot_interfaces/action/detail/dds_fastrtps/action_group_bridge__type_support.cpp.o[0m
[4.413s] [ 39%] [32mBuilding C object CMakeFiles/robot_interfaces__rosidl_typesupport_introspection_c.dir/rosidl_typesupport_introspection_c/robot_interfaces/msg/detail/motor_state__type_support.c.o[0m
[4.413s] [ 40%] [32mBuilding C object CMakeFiles/robot_interfaces__rosidl_typesupport_introspection_c.dir/rosidl_typesupport_introspection_c/robot_interfaces/msg/detail/motor_can_command__type_support.c.o[0m
[4.446s] [ 41%] [32mBuilding C object CMakeFiles/robot_interfaces__rosidl_typesupport_introspection_c.dir/rosidl_typesupport_introspection_c/robot_interfaces/msg/detail/imu_data__type_support.c.o[0m
[4.516s] [ 42%] [32mBuilding C object CMakeFiles/robot_interfaces__rosidl_typesupport_introspection_c.dir/rosidl_typesupport_introspection_c/robot_interfaces/msg/detail/sensor_state__type_support.c.o[0m
[4.523s] [ 43%] [32mBuilding C object CMakeFiles/robot_interfaces__rosidl_typesupport_introspection_c.dir/rosidl_typesupport_introspection_c/robot_interfaces/srv/detail/can_config_command__type_support.c.o[0m
[4.549s] [ 44%] [32mBuilding C object CMakeFiles/robot_interfaces__rosidl_typesupport_introspection_c.dir/rosidl_typesupport_introspection_c/robot_interfaces/srv/detail/joint_sensor_names__type_support.c.o[0m
[4.624s] [ 45%] [32mBuilding C object CMakeFiles/robot_interfaces__rosidl_typesupport_introspection_c.dir/rosidl_typesupport_introspection_c/robot_interfaces/srv/detail/motor_offset__type_support.c.o[0m
[4.651s] [ 47%] [32mBuilding C object CMakeFiles/robot_interfaces__rosidl_typesupport_introspection_c.dir/rosidl_typesupport_introspection_c/robot_interfaces/action/detail/action_group_bridge__type_support.c.o[0m
[4.791s] [ 48%] [32m[1mLinking C shared library librobot_interfaces__rosidl_typesupport_introspection_c.so[0m
[4.806s] [ 49%] [32mBuilding CXX object CMakeFiles/robot_interfaces__rosidl_typesupport_c.dir/rosidl_typesupport_c/robot_interfaces/msg/motor_can_command__type_support.cpp.o[0m
[4.829s] [ 50%] [32mBuilding CXX object CMakeFiles/robot_interfaces__rosidl_typesupport_c.dir/rosidl_typesupport_c/robot_interfaces/srv/can_config_command__type_support.cpp.o[0m
[4.829s] [ 51%] [32mBuilding CXX object CMakeFiles/robot_interfaces__rosidl_typesupport_c.dir/rosidl_typesupport_c/robot_interfaces/msg/imu_data__type_support.cpp.o[0m
[4.830s] [ 52%] [32mBuilding CXX object CMakeFiles/robot_interfaces__rosidl_typesupport_c.dir/rosidl_typesupport_c/robot_interfaces/msg/sensor_state__type_support.cpp.o[0m
[4.832s] [ 54%] [32mBuilding CXX object CMakeFiles/robot_interfaces__rosidl_typesupport_c.dir/rosidl_typesupport_c/robot_interfaces/msg/motor_state__type_support.cpp.o[0m
[4.832s] [ 55%] [32mBuilding CXX object CMakeFiles/robot_interfaces__rosidl_typesupport_c.dir/rosidl_typesupport_c/robot_interfaces/srv/joint_sensor_names__type_support.cpp.o[0m
[4.887s] [ 55%] Built target robot_interfaces__rosidl_typesupport_introspection_c
[4.888s] [ 56%] [32mBuilding CXX object CMakeFiles/robot_interfaces__rosidl_typesupport_c.dir/rosidl_typesupport_c/robot_interfaces/srv/motor_offset__type_support.cpp.o[0m
[4.897s] [ 57%] [32mBuilding CXX object CMakeFiles/robot_interfaces__rosidl_typesupport_c.dir/rosidl_typesupport_c/robot_interfaces/action/action_group_bridge__type_support.cpp.o[0m
[5.020s] [ 58%] [32m[1mLinking CXX shared library librobot_interfaces__rosidl_typesupport_c.so[0m
[5.031s] [ 59%] [32m[1mLinking CXX shared library librobot_interfaces__rosidl_typesupport_fastrtps_cpp.so[0m
[5.038s] [ 60%] [32m[1mLinking CXX shared library librobot_interfaces__rosidl_typesupport_cpp.so[0m
[5.064s] [ 62%] [32mBuilding CXX object CMakeFiles/robot_interfaces__rosidl_typesupport_introspection_cpp.dir/rosidl_typesupport_introspection_cpp/robot_interfaces/msg/detail/motor_can_command__type_support.cpp.o[0m
[5.072s] [ 63%] [32mBuilding CXX object CMakeFiles/robot_interfaces__rosidl_typesupport_introspection_cpp.dir/rosidl_typesupport_introspection_cpp/robot_interfaces/msg/detail/imu_data__type_support.cpp.o[0m
[5.076s] [ 64%] [32mBuilding CXX object CMakeFiles/robot_interfaces__rosidl_typesupport_introspection_cpp.dir/rosidl_typesupport_introspection_cpp/robot_interfaces/srv/detail/can_config_command__type_support.cpp.o[0m
[5.076s] [ 65%] [32mBuilding CXX object CMakeFiles/robot_interfaces__rosidl_typesupport_introspection_cpp.dir/rosidl_typesupport_introspection_cpp/robot_interfaces/srv/detail/motor_offset__type_support.cpp.o[0m
[5.080s] [ 66%] [32mBuilding CXX object CMakeFiles/robot_interfaces__rosidl_typesupport_introspection_cpp.dir/rosidl_typesupport_introspection_cpp/robot_interfaces/msg/detail/sensor_state__type_support.cpp.o[0m
[5.083s] [ 67%] [32mBuilding CXX object CMakeFiles/robot_interfaces__rosidl_typesupport_introspection_cpp.dir/rosidl_typesupport_introspection_cpp/robot_interfaces/msg/detail/motor_state__type_support.cpp.o[0m
[5.084s] [ 68%] [32mBuilding CXX object CMakeFiles/robot_interfaces__rosidl_typesupport_introspection_cpp.dir/rosidl_typesupport_introspection_cpp/robot_interfaces/srv/detail/joint_sensor_names__type_support.cpp.o[0m
[5.098s] [ 70%] [32mBuilding CXX object CMakeFiles/robot_interfaces__rosidl_typesupport_introspection_cpp.dir/rosidl_typesupport_introspection_cpp/robot_interfaces/action/detail/action_group_bridge__type_support.cpp.o[0m
[5.175s] [ 70%] Built target robot_interfaces__rosidl_typesupport_cpp
[5.191s] [ 70%] Built target robot_interfaces__rosidl_typesupport_c
[5.323s] [ 70%] Built target robot_interfaces__rosidl_typesupport_fastrtps_cpp
[5.861s] [ 71%] [32mBuilding CXX object CMakeFiles/robot_interfaces__rosidl_typesupport_fastrtps_c.dir/rosidl_typesupport_fastrtps_c/robot_interfaces/msg/detail/motor_can_command__type_support_c.cpp.o[0m
[5.869s] [ 72%] [32mBuilding CXX object CMakeFiles/robot_interfaces__rosidl_typesupport_fastrtps_c.dir/rosidl_typesupport_fastrtps_c/robot_interfaces/srv/detail/can_config_command__type_support_c.cpp.o[0m
[5.878s] [ 73%] [32mBuilding CXX object CMakeFiles/robot_interfaces__rosidl_typesupport_fastrtps_c.dir/rosidl_typesupport_fastrtps_c/robot_interfaces/msg/detail/sensor_state__type_support_c.cpp.o[0m
[5.894s] [ 74%] [32mBuilding CXX object CMakeFiles/robot_interfaces__rosidl_typesupport_fastrtps_c.dir/rosidl_typesupport_fastrtps_c/robot_interfaces/msg/detail/imu_data__type_support_c.cpp.o[0m
[5.919s] [ 75%] [32mBuilding CXX object CMakeFiles/robot_interfaces__rosidl_typesupport_fastrtps_c.dir/rosidl_typesupport_fastrtps_c/robot_interfaces/srv/detail/joint_sensor_names__type_support_c.cpp.o[0m
[5.923s] [ 77%] [32mBuilding CXX object CMakeFiles/robot_interfaces__rosidl_typesupport_fastrtps_c.dir/rosidl_typesupport_fastrtps_c/robot_interfaces/msg/detail/motor_state__type_support_c.cpp.o[0m
[5.961s] [ 78%] [32mBuilding CXX object CMakeFiles/robot_interfaces__rosidl_typesupport_fastrtps_c.dir/rosidl_typesupport_fastrtps_c/robot_interfaces/srv/detail/motor_offset__type_support_c.cpp.o[0m
[5.972s] [ 79%] [32mBuilding CXX object CMakeFiles/robot_interfaces__rosidl_typesupport_fastrtps_c.dir/rosidl_typesupport_fastrtps_c/robot_interfaces/action/detail/action_group_bridge__type_support_c.cpp.o[0m
[6.073s] [ 80%] [32m[1mLinking CXX shared library librobot_interfaces__rosidl_typesupport_introspection_cpp.so[0m
[6.237s] [ 80%] Built target robot_interfaces__rosidl_typesupport_introspection_cpp
[6.502s] [ 81%] [32m[1mLinking CXX shared library librobot_interfaces__rosidl_typesupport_fastrtps_c.so[0m
[6.583s] [ 81%] Built target robot_interfaces__rosidl_typesupport_fastrtps_c
[6.600s] [ 81%] Built target robot_interfaces
[6.619s] [ 82%] [34m[1mGenerating Python code for ROS interfaces[0m
[7.868s] [ 82%] Built target robot_interfaces__py
[7.883s] [ 83%] [32mBuilding C object CMakeFiles/robot_interfaces__rosidl_generator_py.dir/rosidl_generator_py/robot_interfaces/msg/_motor_can_command_s.c.o[0m
[7.883s] [ 85%] [32mBuilding C object CMakeFiles/robot_interfaces__rosidl_generator_py.dir/rosidl_generator_py/robot_interfaces/srv/_can_config_command_s.c.o[0m
[7.885s] [ 88%] [32mBuilding C object CMakeFiles/robot_interfaces__rosidl_generator_py.dir/rosidl_generator_py/robot_interfaces/msg/_imu_data_s.c.o[0m
[7.885s] [ 88%] [32mBuilding C object CMakeFiles/robot_interfaces__rosidl_generator_py.dir/rosidl_generator_py/robot_interfaces/msg/_sensor_state_s.c.o[0m
[7.885s] [ 88%] [32mBuilding C object CMakeFiles/robot_interfaces__rosidl_generator_py.dir/rosidl_generator_py/robot_interfaces/msg/_motor_state_s.c.o[0m
[7.885s] [ 90%] [32mBuilding C object CMakeFiles/robot_interfaces__rosidl_generator_py.dir/rosidl_generator_py/robot_interfaces/srv/_motor_offset_s.c.o[0m
[7.885s] [ 90%] [32mBuilding C object CMakeFiles/robot_interfaces__rosidl_generator_py.dir/rosidl_generator_py/robot_interfaces/srv/_joint_sensor_names_s.c.o[0m
[7.886s] [ 91%] [32mBuilding C object CMakeFiles/robot_interfaces__rosidl_generator_py.dir/rosidl_generator_py/robot_interfaces/action/_action_group_bridge_s.c.o[0m
[8.040s] [ 93%] [32m[1mLinking C shared library rosidl_generator_py/robot_interfaces/librobot_interfaces__rosidl_generator_py.so[0m
[8.077s] [ 93%] Built target robot_interfaces__rosidl_generator_py
[8.095s] [ 94%] [32mBuilding C object CMakeFiles/robot_interfaces__rosidl_typesupport_introspection_c__pyext.dir/rosidl_generator_py/robot_interfaces/_robot_interfaces_s.ep.rosidl_typesupport_introspection_c.c.o[0m
[8.095s] [ 95%] [32mBuilding C object CMakeFiles/robot_interfaces__rosidl_typesupport_c__pyext.dir/rosidl_generator_py/robot_interfaces/_robot_interfaces_s.ep.rosidl_typesupport_c.c.o[0m
[8.095s] [ 96%] [32mBuilding C object CMakeFiles/robot_interfaces__rosidl_typesupport_fastrtps_c__pyext.dir/rosidl_generator_py/robot_interfaces/_robot_interfaces_s.ep.rosidl_typesupport_fastrtps_c.c.o[0m
[8.191s] [ 97%] [32m[1mLinking C shared library rosidl_generator_py/robot_interfaces/robot_interfaces_s__rosidl_typesupport_introspection_c.cpython-310-x86_64-linux-gnu.so[0m
[8.223s] [ 97%] Built target robot_interfaces__rosidl_typesupport_introspection_c__pyext
[8.234s] [ 98%] [32m[1mLinking C shared library rosidl_generator_py/robot_interfaces/robot_interfaces_s__rosidl_typesupport_c.cpython-310-x86_64-linux-gnu.so[0m
[8.234s] [100%] [32m[1mLinking C shared library rosidl_generator_py/robot_interfaces/robot_interfaces_s__rosidl_typesupport_fastrtps_c.cpython-310-x86_64-linux-gnu.so[0m
[8.271s] [100%] Built target robot_interfaces__rosidl_typesupport_fastrtps_c__pyext
[8.275s] [100%] Built target robot_interfaces__rosidl_typesupport_c__pyext
[8.284s] Invoked command in '/home/zck/workspace/http_to_ros/manual_control/build/robot_interfaces' returned '0': CMAKE_PREFIX_PATH=/opt/ros/humble /usr/bin/cmake --build /home/zck/workspace/http_to_ros/manual_control/build/robot_interfaces -- -j14 -l14
[8.286s] Invoking command in '/home/zck/workspace/http_to_ros/manual_control/build/robot_interfaces': CMAKE_PREFIX_PATH=/opt/ros/humble /usr/bin/cmake --install /home/zck/workspace/http_to_ros/manual_control/build/robot_interfaces
[8.292s] -- Install configuration: ""
[8.292s] -- Execute custom install script
[8.292s] -- Symlinking: /home/zck/workspace/http_to_ros/manual_control/install/robot_interfaces/share/ament_index/resource_index/rosidl_interfaces/robot_interfaces
[8.299s] -- Symlinking: /home/zck/workspace/http_to_ros/manual_control/install/robot_interfaces/include/robot_interfaces/robot_interfaces/action/action_group_bridge.h
[8.305s] -- Symlinking: /home/zck/workspace/http_to_ros/manual_control/install/robot_interfaces/include/robot_interfaces/robot_interfaces/action/detail/action_group_bridge__functions.h
[8.312s] -- Symlinking: /home/zck/workspace/http_to_ros/manual_control/install/robot_interfaces/include/robot_interfaces/robot_interfaces/action/detail/action_group_bridge__struct.h
[8.320s] -- Symlinking: /home/zck/workspace/http_to_ros/manual_control/install/robot_interfaces/include/robot_interfaces/robot_interfaces/action/detail/action_group_bridge__type_support.h
[8.326s] -- Symlinking: /home/zck/workspace/http_to_ros/manual_control/install/robot_interfaces/include/robot_interfaces/robot_interfaces/msg/detail/imu_data__functions.h
[8.331s] -- Symlinking: /home/zck/workspace/http_to_ros/manual_control/install/robot_interfaces/include/robot_interfaces/robot_interfaces/msg/detail/imu_data__struct.h
[8.337s] -- Symlinking: /home/zck/workspace/http_to_ros/manual_control/install/robot_interfaces/include/robot_interfaces/robot_interfaces/msg/detail/imu_data__type_support.h
[8.342s] -- Symlinking: /home/zck/workspace/http_to_ros/manual_control/install/robot_interfaces/include/robot_interfaces/robot_interfaces/msg/detail/motor_can_command__functions.h
[8.350s] -- Symlinking: /home/zck/workspace/http_to_ros/manual_control/install/robot_interfaces/include/robot_interfaces/robot_interfaces/msg/detail/motor_can_command__struct.h
[8.357s] -- Symlinking: /home/zck/workspace/http_to_ros/manual_control/install/robot_interfaces/include/robot_interfaces/robot_interfaces/msg/detail/motor_can_command__type_support.h
[8.364s] -- Symlinking: /home/zck/workspace/http_to_ros/manual_control/install/robot_interfaces/include/robot_interfaces/robot_interfaces/msg/detail/motor_state__functions.h
[8.369s] -- Symlinking: /home/zck/workspace/http_to_ros/manual_control/install/robot_interfaces/include/robot_interfaces/robot_interfaces/msg/detail/motor_state__struct.h
[8.373s] -- Symlinking: /home/zck/workspace/http_to_ros/manual_control/install/robot_interfaces/include/robot_interfaces/robot_interfaces/msg/detail/motor_state__type_support.h
[8.379s] -- Symlinking: /home/zck/workspace/http_to_ros/manual_control/install/robot_interfaces/include/robot_interfaces/robot_interfaces/msg/detail/sensor_state__functions.h
[8.386s] -- Symlinking: /home/zck/workspace/http_to_ros/manual_control/install/robot_interfaces/include/robot_interfaces/robot_interfaces/msg/detail/sensor_state__struct.h
[8.392s] -- Symlinking: /home/zck/workspace/http_to_ros/manual_control/install/robot_interfaces/include/robot_interfaces/robot_interfaces/msg/detail/sensor_state__type_support.h
[8.399s] -- Symlinking: /home/zck/workspace/http_to_ros/manual_control/install/robot_interfaces/include/robot_interfaces/robot_interfaces/msg/imu_data.h
[8.405s] -- Symlinking: /home/zck/workspace/http_to_ros/manual_control/install/robot_interfaces/include/robot_interfaces/robot_interfaces/msg/motor_can_command.h
[8.412s] -- Symlinking: /home/zck/workspace/http_to_ros/manual_control/install/robot_interfaces/include/robot_interfaces/robot_interfaces/msg/motor_state.h
[8.417s] -- Symlinking: /home/zck/workspace/http_to_ros/manual_control/install/robot_interfaces/include/robot_interfaces/robot_interfaces/msg/rosidl_generator_c__visibility_control.h
[8.423s] -- Symlinking: /home/zck/workspace/http_to_ros/manual_control/install/robot_interfaces/include/robot_interfaces/robot_interfaces/msg/sensor_state.h
[8.430s] -- Symlinking: /home/zck/workspace/http_to_ros/manual_control/install/robot_interfaces/include/robot_interfaces/robot_interfaces/srv/can_config_command.h
[8.437s] -- Symlinking: /home/zck/workspace/http_to_ros/manual_control/install/robot_interfaces/include/robot_interfaces/robot_interfaces/srv/detail/can_config_command__functions.h
[8.441s] -- Symlinking: /home/zck/workspace/http_to_ros/manual_control/install/robot_interfaces/include/robot_interfaces/robot_interfaces/srv/detail/can_config_command__struct.h
[8.448s] -- Symlinking: /home/zck/workspace/http_to_ros/manual_control/install/robot_interfaces/include/robot_interfaces/robot_interfaces/srv/detail/can_config_command__type_support.h
[8.455s] -- Symlinking: /home/zck/workspace/http_to_ros/manual_control/install/robot_interfaces/include/robot_interfaces/robot_interfaces/srv/detail/joint_sensor_names__functions.h
[8.462s] -- Symlinking: /home/zck/workspace/http_to_ros/manual_control/install/robot_interfaces/include/robot_interfaces/robot_interfaces/srv/detail/joint_sensor_names__struct.h
[8.469s] -- Symlinking: /home/zck/workspace/http_to_ros/manual_control/install/robot_interfaces/include/robot_interfaces/robot_interfaces/srv/detail/joint_sensor_names__type_support.h
[8.476s] -- Symlinking: /home/zck/workspace/http_to_ros/manual_control/install/robot_interfaces/include/robot_interfaces/robot_interfaces/srv/detail/motor_offset__functions.h
[8.483s] -- Symlinking: /home/zck/workspace/http_to_ros/manual_control/install/robot_interfaces/include/robot_interfaces/robot_interfaces/srv/detail/motor_offset__struct.h
[8.490s] -- Symlinking: /home/zck/workspace/http_to_ros/manual_control/install/robot_interfaces/include/robot_interfaces/robot_interfaces/srv/detail/motor_offset__type_support.h
[8.496s] -- Symlinking: /home/zck/workspace/http_to_ros/manual_control/install/robot_interfaces/include/robot_interfaces/robot_interfaces/srv/joint_sensor_names.h
[8.503s] -- Symlinking: /home/zck/workspace/http_to_ros/manual_control/install/robot_interfaces/include/robot_interfaces/robot_interfaces/srv/motor_offset.h
[8.510s] -- Symlinking: /home/zck/workspace/http_to_ros/manual_control/install/robot_interfaces/share/robot_interfaces/environment/library_path.sh
[8.515s] -- Symlinking: /home/zck/workspace/http_to_ros/manual_control/install/robot_interfaces/share/robot_interfaces/environment/library_path.dsv
[8.521s] -- Symlinking: /home/zck/workspace/http_to_ros/manual_control/install/robot_interfaces/include/robot_interfaces/robot_interfaces/action/detail/action_group_bridge__rosidl_typesupport_fastrtps_c.h
[8.527s] -- Symlinking: /home/zck/workspace/http_to_ros/manual_control/install/robot_interfaces/include/robot_interfaces/robot_interfaces/msg/detail/imu_data__rosidl_typesupport_fastrtps_c.h
[8.532s] -- Symlinking: /home/zck/workspace/http_to_ros/manual_control/install/robot_interfaces/include/robot_interfaces/robot_interfaces/msg/detail/motor_can_command__rosidl_typesupport_fastrtps_c.h
[8.539s] -- Symlinking: /home/zck/workspace/http_to_ros/manual_control/install/robot_interfaces/include/robot_interfaces/robot_interfaces/msg/detail/motor_state__rosidl_typesupport_fastrtps_c.h
[8.544s] -- Symlinking: /home/zck/workspace/http_to_ros/manual_control/install/robot_interfaces/include/robot_interfaces/robot_interfaces/msg/detail/sensor_state__rosidl_typesupport_fastrtps_c.h
[8.550s] -- Symlinking: /home/zck/workspace/http_to_ros/manual_control/install/robot_interfaces/include/robot_interfaces/robot_interfaces/msg/rosidl_typesupport_fastrtps_c__visibility_control.h
[8.557s] -- Symlinking: /home/zck/workspace/http_to_ros/manual_control/install/robot_interfaces/include/robot_interfaces/robot_interfaces/srv/detail/can_config_command__rosidl_typesupport_fastrtps_c.h
[8.563s] -- Symlinking: /home/zck/workspace/http_to_ros/manual_control/install/robot_interfaces/include/robot_interfaces/robot_interfaces/srv/detail/joint_sensor_names__rosidl_typesupport_fastrtps_c.h
[8.570s] -- Symlinking: /home/zck/workspace/http_to_ros/manual_control/install/robot_interfaces/include/robot_interfaces/robot_interfaces/srv/detail/motor_offset__rosidl_typesupport_fastrtps_c.h
[8.578s] -- Symlinking: /home/zck/workspace/http_to_ros/manual_control/install/robot_interfaces/include/robot_interfaces/robot_interfaces/action/detail/action_group_bridge__rosidl_typesupport_introspection_c.h
[8.585s] -- Symlinking: /home/zck/workspace/http_to_ros/manual_control/install/robot_interfaces/include/robot_interfaces/robot_interfaces/msg/detail/imu_data__rosidl_typesupport_introspection_c.h
[8.591s] -- Symlinking: /home/zck/workspace/http_to_ros/manual_control/install/robot_interfaces/include/robot_interfaces/robot_interfaces/msg/detail/motor_can_command__rosidl_typesupport_introspection_c.h
[8.597s] -- Symlinking: /home/zck/workspace/http_to_ros/manual_control/install/robot_interfaces/include/robot_interfaces/robot_interfaces/msg/detail/motor_state__rosidl_typesupport_introspection_c.h
[8.604s] -- Symlinking: /home/zck/workspace/http_to_ros/manual_control/install/robot_interfaces/include/robot_interfaces/robot_interfaces/msg/detail/sensor_state__rosidl_typesupport_introspection_c.h
[8.611s] -- Symlinking: /home/zck/workspace/http_to_ros/manual_control/install/robot_interfaces/include/robot_interfaces/robot_interfaces/msg/rosidl_typesupport_introspection_c__visibility_control.h
[8.617s] -- Symlinking: /home/zck/workspace/http_to_ros/manual_control/install/robot_interfaces/include/robot_interfaces/robot_interfaces/srv/detail/can_config_command__rosidl_typesupport_introspection_c.h
[8.625s] -- Symlinking: /home/zck/workspace/http_to_ros/manual_control/install/robot_interfaces/include/robot_interfaces/robot_interfaces/srv/detail/joint_sensor_names__rosidl_typesupport_introspection_c.h
[8.630s] -- Symlinking: /home/zck/workspace/http_to_ros/manual_control/install/robot_interfaces/include/robot_interfaces/robot_interfaces/srv/detail/motor_offset__rosidl_typesupport_introspection_c.h
[8.636s] -- Symlinking: /home/zck/workspace/http_to_ros/manual_control/install/robot_interfaces/include/robot_interfaces/robot_interfaces/action/action_group_bridge.hpp
[8.641s] -- Symlinking: /home/zck/workspace/http_to_ros/manual_control/install/robot_interfaces/include/robot_interfaces/robot_interfaces/action/detail/action_group_bridge__builder.hpp
[8.648s] -- Symlinking: /home/zck/workspace/http_to_ros/manual_control/install/robot_interfaces/include/robot_interfaces/robot_interfaces/action/detail/action_group_bridge__struct.hpp
[8.655s] -- Symlinking: /home/zck/workspace/http_to_ros/manual_control/install/robot_interfaces/include/robot_interfaces/robot_interfaces/action/detail/action_group_bridge__traits.hpp
[8.662s] -- Symlinking: /home/zck/workspace/http_to_ros/manual_control/install/robot_interfaces/include/robot_interfaces/robot_interfaces/action/detail/action_group_bridge__type_support.hpp
[8.670s] -- Symlinking: /home/zck/workspace/http_to_ros/manual_control/install/robot_interfaces/include/robot_interfaces/robot_interfaces/msg/detail/imu_data__builder.hpp
[8.679s] -- Symlinking: /home/zck/workspace/http_to_ros/manual_control/install/robot_interfaces/include/robot_interfaces/robot_interfaces/msg/detail/imu_data__struct.hpp
[8.687s] -- Symlinking: /home/zck/workspace/http_to_ros/manual_control/install/robot_interfaces/include/robot_interfaces/robot_interfaces/msg/detail/imu_data__traits.hpp
[8.694s] -- Symlinking: /home/zck/workspace/http_to_ros/manual_control/install/robot_interfaces/include/robot_interfaces/robot_interfaces/msg/detail/imu_data__type_support.hpp
[8.701s] -- Symlinking: /home/zck/workspace/http_to_ros/manual_control/install/robot_interfaces/include/robot_interfaces/robot_interfaces/msg/detail/motor_can_command__builder.hpp
[8.708s] -- Symlinking: /home/zck/workspace/http_to_ros/manual_control/install/robot_interfaces/include/robot_interfaces/robot_interfaces/msg/detail/motor_can_command__struct.hpp
[8.715s] -- Symlinking: /home/zck/workspace/http_to_ros/manual_control/install/robot_interfaces/include/robot_interfaces/robot_interfaces/msg/detail/motor_can_command__traits.hpp
[8.722s] -- Symlinking: /home/zck/workspace/http_to_ros/manual_control/install/robot_interfaces/include/robot_interfaces/robot_interfaces/msg/detail/motor_can_command__type_support.hpp
[8.730s] -- Symlinking: /home/zck/workspace/http_to_ros/manual_control/install/robot_interfaces/include/robot_interfaces/robot_interfaces/msg/detail/motor_state__builder.hpp
[8.736s] -- Symlinking: /home/zck/workspace/http_to_ros/manual_control/install/robot_interfaces/include/robot_interfaces/robot_interfaces/msg/detail/motor_state__struct.hpp
[8.743s] -- Symlinking: /home/zck/workspace/http_to_ros/manual_control/install/robot_interfaces/include/robot_interfaces/robot_interfaces/msg/detail/motor_state__traits.hpp
[8.749s] -- Symlinking: /home/zck/workspace/http_to_ros/manual_control/install/robot_interfaces/include/robot_interfaces/robot_interfaces/msg/detail/motor_state__type_support.hpp
[8.754s] -- Symlinking: /home/zck/workspace/http_to_ros/manual_control/install/robot_interfaces/include/robot_interfaces/robot_interfaces/msg/detail/sensor_state__builder.hpp
[8.760s] -- Symlinking: /home/zck/workspace/http_to_ros/manual_control/install/robot_interfaces/include/robot_interfaces/robot_interfaces/msg/detail/sensor_state__struct.hpp
[8.767s] -- Symlinking: /home/zck/workspace/http_to_ros/manual_control/install/robot_interfaces/include/robot_interfaces/robot_interfaces/msg/detail/sensor_state__traits.hpp
[8.772s] -- Symlinking: /home/zck/workspace/http_to_ros/manual_control/install/robot_interfaces/include/robot_interfaces/robot_interfaces/msg/detail/sensor_state__type_support.hpp
[8.778s] -- Symlinking: /home/zck/workspace/http_to_ros/manual_control/install/robot_interfaces/include/robot_interfaces/robot_interfaces/msg/imu_data.hpp
[8.786s] -- Symlinking: /home/zck/workspace/http_to_ros/manual_control/install/robot_interfaces/include/robot_interfaces/robot_interfaces/msg/motor_can_command.hpp
[8.794s] -- Symlinking: /home/zck/workspace/http_to_ros/manual_control/install/robot_interfaces/include/robot_interfaces/robot_interfaces/msg/motor_state.hpp
[8.799s] -- Symlinking: /home/zck/workspace/http_to_ros/manual_control/install/robot_interfaces/include/robot_interfaces/robot_interfaces/msg/rosidl_generator_cpp__visibility_control.hpp
[8.806s] -- Symlinking: /home/zck/workspace/http_to_ros/manual_control/install/robot_interfaces/include/robot_interfaces/robot_interfaces/msg/sensor_state.hpp
[8.813s] -- Symlinking: /home/zck/workspace/http_to_ros/manual_control/install/robot_interfaces/include/robot_interfaces/robot_interfaces/srv/can_config_command.hpp
[8.820s] -- Symlinking: /home/zck/workspace/http_to_ros/manual_control/install/robot_interfaces/include/robot_interfaces/robot_interfaces/srv/detail/can_config_command__builder.hpp
[8.827s] -- Symlinking: /home/zck/workspace/http_to_ros/manual_control/install/robot_interfaces/include/robot_interfaces/robot_interfaces/srv/detail/can_config_command__struct.hpp
[8.834s] -- Symlinking: /home/zck/workspace/http_to_ros/manual_control/install/robot_interfaces/include/robot_interfaces/robot_interfaces/srv/detail/can_config_command__traits.hpp
[8.840s] -- Symlinking: /home/zck/workspace/http_to_ros/manual_control/install/robot_interfaces/include/robot_interfaces/robot_interfaces/srv/detail/can_config_command__type_support.hpp
[8.846s] -- Symlinking: /home/zck/workspace/http_to_ros/manual_control/install/robot_interfaces/include/robot_interfaces/robot_interfaces/srv/detail/joint_sensor_names__builder.hpp
[8.854s] -- Symlinking: /home/zck/workspace/http_to_ros/manual_control/install/robot_interfaces/include/robot_interfaces/robot_interfaces/srv/detail/joint_sensor_names__struct.hpp
[8.862s] -- Symlinking: /home/zck/workspace/http_to_ros/manual_control/install/robot_interfaces/include/robot_interfaces/robot_interfaces/srv/detail/joint_sensor_names__traits.hpp
[8.869s] -- Symlinking: /home/zck/workspace/http_to_ros/manual_control/install/robot_interfaces/include/robot_interfaces/robot_interfaces/srv/detail/joint_sensor_names__type_support.hpp
[8.874s] -- Symlinking: /home/zck/workspace/http_to_ros/manual_control/install/robot_interfaces/include/robot_interfaces/robot_interfaces/srv/detail/motor_offset__builder.hpp
[8.879s] -- Symlinking: /home/zck/workspace/http_to_ros/manual_control/install/robot_interfaces/include/robot_interfaces/robot_interfaces/srv/detail/motor_offset__struct.hpp
[8.886s] -- Symlinking: /home/zck/workspace/http_to_ros/manual_control/install/robot_interfaces/include/robot_interfaces/robot_interfaces/srv/detail/motor_offset__traits.hpp
[8.892s] -- Symlinking: /home/zck/workspace/http_to_ros/manual_control/install/robot_interfaces/include/robot_interfaces/robot_interfaces/srv/detail/motor_offset__type_support.hpp
[8.897s] -- Symlinking: /home/zck/workspace/http_to_ros/manual_control/install/robot_interfaces/include/robot_interfaces/robot_interfaces/srv/joint_sensor_names.hpp
[8.902s] -- Symlinking: /home/zck/workspace/http_to_ros/manual_control/install/robot_interfaces/include/robot_interfaces/robot_interfaces/srv/motor_offset.hpp
[8.908s] -- Symlinking: /home/zck/workspace/http_to_ros/manual_control/install/robot_interfaces/include/robot_interfaces/robot_interfaces/action/detail/action_group_bridge__rosidl_typesupport_fastrtps_cpp.hpp
[8.913s] -- Symlinking: /home/zck/workspace/http_to_ros/manual_control/install/robot_interfaces/include/robot_interfaces/robot_interfaces/msg/detail/imu_data__rosidl_typesupport_fastrtps_cpp.hpp
[8.919s] -- Symlinking: /home/zck/workspace/http_to_ros/manual_control/install/robot_interfaces/include/robot_interfaces/robot_interfaces/msg/detail/motor_can_command__rosidl_typesupport_fastrtps_cpp.hpp
[8.925s] -- Symlinking: /home/zck/workspace/http_to_ros/manual_control/install/robot_interfaces/include/robot_interfaces/robot_interfaces/msg/detail/motor_state__rosidl_typesupport_fastrtps_cpp.hpp
[8.931s] -- Symlinking: /home/zck/workspace/http_to_ros/manual_control/install/robot_interfaces/include/robot_interfaces/robot_interfaces/msg/detail/sensor_state__rosidl_typesupport_fastrtps_cpp.hpp
[8.938s] -- Symlinking: /home/zck/workspace/http_to_ros/manual_control/install/robot_interfaces/include/robot_interfaces/robot_interfaces/msg/rosidl_typesupport_fastrtps_cpp__visibility_control.h
[8.944s] -- Symlinking: /home/zck/workspace/http_to_ros/manual_control/install/robot_interfaces/include/robot_interfaces/robot_interfaces/srv/detail/can_config_command__rosidl_typesupport_fastrtps_cpp.hpp
[8.951s] -- Symlinking: /home/zck/workspace/http_to_ros/manual_control/install/robot_interfaces/include/robot_interfaces/robot_interfaces/srv/detail/joint_sensor_names__rosidl_typesupport_fastrtps_cpp.hpp
[8.958s] -- Symlinking: /home/zck/workspace/http_to_ros/manual_control/install/robot_interfaces/include/robot_interfaces/robot_interfaces/srv/detail/motor_offset__rosidl_typesupport_fastrtps_cpp.hpp
[8.965s] -- Symlinking: /home/zck/workspace/http_to_ros/manual_control/install/robot_interfaces/include/robot_interfaces/robot_interfaces/action/detail/action_group_bridge__rosidl_typesupport_introspection_cpp.hpp
[8.972s] -- Symlinking: /home/zck/workspace/http_to_ros/manual_control/install/robot_interfaces/include/robot_interfaces/robot_interfaces/msg/detail/imu_data__rosidl_typesupport_introspection_cpp.hpp
[8.979s] -- Symlinking: /home/zck/workspace/http_to_ros/manual_control/install/robot_interfaces/include/robot_interfaces/robot_interfaces/msg/detail/motor_can_command__rosidl_typesupport_introspection_cpp.hpp
[8.986s] -- Symlinking: /home/zck/workspace/http_to_ros/manual_control/install/robot_interfaces/include/robot_interfaces/robot_interfaces/msg/detail/motor_state__rosidl_typesupport_introspection_cpp.hpp
[8.994s] -- Symlinking: /home/zck/workspace/http_to_ros/manual_control/install/robot_interfaces/include/robot_interfaces/robot_interfaces/msg/detail/sensor_state__rosidl_typesupport_introspection_cpp.hpp
[8.999s] -- Symlinking: /home/zck/workspace/http_to_ros/manual_control/install/robot_interfaces/include/robot_interfaces/robot_interfaces/srv/detail/can_config_command__rosidl_typesupport_introspection_cpp.hpp
[9.006s] -- Symlinking: /home/zck/workspace/http_to_ros/manual_control/install/robot_interfaces/include/robot_interfaces/robot_interfaces/srv/detail/joint_sensor_names__rosidl_typesupport_introspection_cpp.hpp
[9.012s] -- Symlinking: /home/zck/workspace/http_to_ros/manual_control/install/robot_interfaces/include/robot_interfaces/robot_interfaces/srv/detail/motor_offset__rosidl_typesupport_introspection_cpp.hpp
[9.018s] -- Symlinking: /home/zck/workspace/http_to_ros/manual_control/install/robot_interfaces/share/robot_interfaces/environment/pythonpath.sh
[9.024s] -- Symlinking: /home/zck/workspace/http_to_ros/manual_control/install/robot_interfaces/share/robot_interfaces/environment/pythonpath.dsv
[9.030s] -- Symlinking: /home/zck/workspace/http_to_ros/manual_control/install/robot_interfaces/local/lib/python3.10/dist-packages/robot_interfaces-0.0.0-py3.10.egg-info/PKG-INFO
[9.037s] -- Symlinking: /home/zck/workspace/http_to_ros/manual_control/install/robot_interfaces/local/lib/python3.10/dist-packages/robot_interfaces-0.0.0-py3.10.egg-info/SOURCES.txt
[9.042s] -- Symlinking: /home/zck/workspace/http_to_ros/manual_control/install/robot_interfaces/local/lib/python3.10/dist-packages/robot_interfaces-0.0.0-py3.10.egg-info/dependency_links.txt
[9.050s] -- Symlinking: /home/zck/workspace/http_to_ros/manual_control/install/robot_interfaces/local/lib/python3.10/dist-packages/robot_interfaces-0.0.0-py3.10.egg-info/top_level.txt
[9.057s] -- Symlinking: /home/zck/workspace/http_to_ros/manual_control/install/robot_interfaces/local/lib/python3.10/dist-packages/robot_interfaces/__init__.py
[9.062s] -- Symlinking: /home/zck/workspace/http_to_ros/manual_control/install/robot_interfaces/local/lib/python3.10/dist-packages/robot_interfaces/_robot_interfaces_s.ep.rosidl_typesupport_c.c
[9.070s] -- Symlinking: /home/zck/workspace/http_to_ros/manual_control/install/robot_interfaces/local/lib/python3.10/dist-packages/robot_interfaces/_robot_interfaces_s.ep.rosidl_typesupport_fastrtps_c.c
[9.078s] -- Symlinking: /home/zck/workspace/http_to_ros/manual_control/install/robot_interfaces/local/lib/python3.10/dist-packages/robot_interfaces/_robot_interfaces_s.ep.rosidl_typesupport_introspection_c.c
[9.084s] -- Symlinking: /home/zck/workspace/http_to_ros/manual_control/install/robot_interfaces/local/lib/python3.10/dist-packages/robot_interfaces/action/__init__.py
[9.091s] -- Symlinking: /home/zck/workspace/http_to_ros/manual_control/install/robot_interfaces/local/lib/python3.10/dist-packages/robot_interfaces/action/_action_group_bridge.py
[9.098s] -- Symlinking: /home/zck/workspace/http_to_ros/manual_control/install/robot_interfaces/local/lib/python3.10/dist-packages/robot_interfaces/action/_action_group_bridge_s.c
[9.104s] -- Symlinking: /home/zck/workspace/http_to_ros/manual_control/install/robot_interfaces/local/lib/python3.10/dist-packages/robot_interfaces/librobot_interfaces__rosidl_generator_py.so
[9.109s] -- Symlinking: /home/zck/workspace/http_to_ros/manual_control/install/robot_interfaces/local/lib/python3.10/dist-packages/robot_interfaces/msg/__init__.py
[9.115s] -- Symlinking: /home/zck/workspace/http_to_ros/manual_control/install/robot_interfaces/local/lib/python3.10/dist-packages/robot_interfaces/msg/_imu_data.py
[9.121s] -- Symlinking: /home/zck/workspace/http_to_ros/manual_control/install/robot_interfaces/local/lib/python3.10/dist-packages/robot_interfaces/msg/_imu_data_s.c
[9.129s] -- Symlinking: /home/zck/workspace/http_to_ros/manual_control/install/robot_interfaces/local/lib/python3.10/dist-packages/robot_interfaces/msg/_motor_can_command.py
[9.136s] -- Symlinking: /home/zck/workspace/http_to_ros/manual_control/install/robot_interfaces/local/lib/python3.10/dist-packages/robot_interfaces/msg/_motor_can_command_s.c
[9.142s] -- Symlinking: /home/zck/workspace/http_to_ros/manual_control/install/robot_interfaces/local/lib/python3.10/dist-packages/robot_interfaces/msg/_motor_state.py
[9.149s] -- Symlinking: /home/zck/workspace/http_to_ros/manual_control/install/robot_interfaces/local/lib/python3.10/dist-packages/robot_interfaces/msg/_motor_state_s.c
[9.155s] -- Symlinking: /home/zck/workspace/http_to_ros/manual_control/install/robot_interfaces/local/lib/python3.10/dist-packages/robot_interfaces/msg/_sensor_state.py
[9.163s] -- Symlinking: /home/zck/workspace/http_to_ros/manual_control/install/robot_interfaces/local/lib/python3.10/dist-packages/robot_interfaces/msg/_sensor_state_s.c
[9.169s] -- Symlinking: /home/zck/workspace/http_to_ros/manual_control/install/robot_interfaces/local/lib/python3.10/dist-packages/robot_interfaces/robot_interfaces_s__rosidl_typesupport_c.cpython-310-x86_64-linux-gnu.so
[9.176s] -- Symlinking: /home/zck/workspace/http_to_ros/manual_control/install/robot_interfaces/local/lib/python3.10/dist-packages/robot_interfaces/robot_interfaces_s__rosidl_typesupport_fastrtps_c.cpython-310-x86_64-linux-gnu.so
[9.184s] -- Symlinking: /home/zck/workspace/http_to_ros/manual_control/install/robot_interfaces/local/lib/python3.10/dist-packages/robot_interfaces/robot_interfaces_s__rosidl_typesupport_introspection_c.cpython-310-x86_64-linux-gnu.so
[9.191s] -- Symlinking: /home/zck/workspace/http_to_ros/manual_control/install/robot_interfaces/local/lib/python3.10/dist-packages/robot_interfaces/srv/__init__.py
[9.197s] -- Symlinking: /home/zck/workspace/http_to_ros/manual_control/install/robot_interfaces/local/lib/python3.10/dist-packages/robot_interfaces/srv/_can_config_command.py
[9.204s] -- Symlinking: /home/zck/workspace/http_to_ros/manual_control/install/robot_interfaces/local/lib/python3.10/dist-packages/robot_interfaces/srv/_can_config_command_s.c
[9.211s] -- Symlinking: /home/zck/workspace/http_to_ros/manual_control/install/robot_interfaces/local/lib/python3.10/dist-packages/robot_interfaces/srv/_joint_sensor_names.py
[9.216s] -- Symlinking: /home/zck/workspace/http_to_ros/manual_control/install/robot_interfaces/local/lib/python3.10/dist-packages/robot_interfaces/srv/_joint_sensor_names_s.c
[9.222s] -- Symlinking: /home/zck/workspace/http_to_ros/manual_control/install/robot_interfaces/local/lib/python3.10/dist-packages/robot_interfaces/srv/_motor_offset.py
[9.227s] -- Symlinking: /home/zck/workspace/http_to_ros/manual_control/install/robot_interfaces/local/lib/python3.10/dist-packages/robot_interfaces/srv/_motor_offset_s.c
[9.234s] -- Up-to-date symlink: /home/zck/workspace/http_to_ros/manual_control/install/robot_interfaces/local/lib/python3.10/dist-packages/robot_interfaces/robot_interfaces_s__rosidl_typesupport_fastrtps_c.cpython-310-x86_64-linux-gnu.so
[9.234s] -- Up-to-date symlink: /home/zck/workspace/http_to_ros/manual_control/install/robot_interfaces/local/lib/python3.10/dist-packages/robot_interfaces/robot_interfaces_s__rosidl_typesupport_introspection_c.cpython-310-x86_64-linux-gnu.so
[9.234s] -- Up-to-date symlink: /home/zck/workspace/http_to_ros/manual_control/install/robot_interfaces/local/lib/python3.10/dist-packages/robot_interfaces/robot_interfaces_s__rosidl_typesupport_c.cpython-310-x86_64-linux-gnu.so
[9.235s] -- Symlinking: /home/zck/workspace/http_to_ros/manual_control/install/robot_interfaces/share/robot_interfaces/msg/MotorCanCommand.idl
[9.240s] -- Symlinking: /home/zck/workspace/http_to_ros/manual_control/install/robot_interfaces/share/robot_interfaces/msg/MotorState.idl
[9.246s] -- Symlinking: /home/zck/workspace/http_to_ros/manual_control/install/robot_interfaces/share/robot_interfaces/msg/ImuData.idl
[9.251s] -- Symlinking: /home/zck/workspace/http_to_ros/manual_control/install/robot_interfaces/share/robot_interfaces/msg/SensorState.idl
[9.257s] -- Symlinking: /home/zck/workspace/http_to_ros/manual_control/install/robot_interfaces/share/robot_interfaces/srv/CanConfigCommand.idl
[9.264s] -- Symlinking: /home/zck/workspace/http_to_ros/manual_control/install/robot_interfaces/share/robot_interfaces/srv/JointSensorNames.idl
[9.270s] -- Symlinking: /home/zck/workspace/http_to_ros/manual_control/install/robot_interfaces/share/robot_interfaces/srv/MotorOffset.idl
[9.277s] -- Symlinking: /home/zck/workspace/http_to_ros/manual_control/install/robot_interfaces/share/robot_interfaces/action/ActionGroupBridge.idl
[9.284s] -- Symlinking: /home/zck/workspace/http_to_ros/manual_control/install/robot_interfaces/share/robot_interfaces/msg/MotorCanCommand.msg
[9.292s] -- Symlinking: /home/zck/workspace/http_to_ros/manual_control/install/robot_interfaces/share/robot_interfaces/msg/MotorState.msg
[9.297s] -- Symlinking: /home/zck/workspace/http_to_ros/manual_control/install/robot_interfaces/share/robot_interfaces/msg/ImuData.msg
[9.302s] -- Symlinking: /home/zck/workspace/http_to_ros/manual_control/install/robot_interfaces/share/robot_interfaces/msg/SensorState.msg
[9.306s] -- Symlinking: /home/zck/workspace/http_to_ros/manual_control/install/robot_interfaces/share/robot_interfaces/srv/CanConfigCommand.srv
[9.312s] -- Symlinking: /home/zck/workspace/http_to_ros/manual_control/install/robot_interfaces/share/robot_interfaces/srv/CanConfigCommand_Request.msg
[9.318s] -- Symlinking: /home/zck/workspace/http_to_ros/manual_control/install/robot_interfaces/share/robot_interfaces/srv/CanConfigCommand_Response.msg
[9.323s] -- Symlinking: /home/zck/workspace/http_to_ros/manual_control/install/robot_interfaces/share/robot_interfaces/srv/JointSensorNames.srv
[9.331s] -- Symlinking: /home/zck/workspace/http_to_ros/manual_control/install/robot_interfaces/share/robot_interfaces/srv/JointSensorNames_Request.msg
[9.338s] -- Symlinking: /home/zck/workspace/http_to_ros/manual_control/install/robot_interfaces/share/robot_interfaces/srv/JointSensorNames_Response.msg
[9.344s] -- Symlinking: /home/zck/workspace/http_to_ros/manual_control/install/robot_interfaces/share/robot_interfaces/srv/MotorOffset.srv
[9.349s] -- Symlinking: /home/zck/workspace/http_to_ros/manual_control/install/robot_interfaces/share/robot_interfaces/srv/MotorOffset_Request.msg
[9.356s] -- Symlinking: /home/zck/workspace/http_to_ros/manual_control/install/robot_interfaces/share/robot_interfaces/srv/MotorOffset_Response.msg
[9.363s] -- Symlinking: /home/zck/workspace/http_to_ros/manual_control/install/robot_interfaces/share/robot_interfaces/action/ActionGroupBridge.action
[9.369s] -- Symlinking: /home/zck/workspace/http_to_ros/manual_control/install/robot_interfaces/share/ament_index/resource_index/package_run_dependencies/robot_interfaces
[9.376s] -- Symlinking: /home/zck/workspace/http_to_ros/manual_control/install/robot_interfaces/share/ament_index/resource_index/parent_prefix_path/robot_interfaces
[9.383s] -- Symlinking: /home/zck/workspace/http_to_ros/manual_control/install/robot_interfaces/share/robot_interfaces/environment/ament_prefix_path.sh
[9.391s] -- Symlinking: /home/zck/workspace/http_to_ros/manual_control/install/robot_interfaces/share/robot_interfaces/environment/ament_prefix_path.dsv
[9.397s] -- Symlinking: /home/zck/workspace/http_to_ros/manual_control/install/robot_interfaces/share/robot_interfaces/environment/path.sh
[9.404s] -- Symlinking: /home/zck/workspace/http_to_ros/manual_control/install/robot_interfaces/share/robot_interfaces/environment/path.dsv
[9.411s] -- Symlinking: /home/zck/workspace/http_to_ros/manual_control/install/robot_interfaces/share/robot_interfaces/local_setup.bash
[9.418s] -- Symlinking: /home/zck/workspace/http_to_ros/manual_control/install/robot_interfaces/share/robot_interfaces/local_setup.sh
[9.427s] -- Symlinking: /home/zck/workspace/http_to_ros/manual_control/install/robot_interfaces/share/robot_interfaces/local_setup.zsh
[9.435s] -- Symlinking: /home/zck/workspace/http_to_ros/manual_control/install/robot_interfaces/share/robot_interfaces/local_setup.dsv
[9.443s] -- Symlinking: /home/zck/workspace/http_to_ros/manual_control/install/robot_interfaces/share/robot_interfaces/package.dsv
[9.450s] -- Symlinking: /home/zck/workspace/http_to_ros/manual_control/install/robot_interfaces/share/ament_index/resource_index/packages/robot_interfaces
[9.459s] -- Symlinking: /home/zck/workspace/http_to_ros/manual_control/install/robot_interfaces/share/robot_interfaces/cmake/rosidl_cmake-extras.cmake
[9.466s] -- Symlinking: /home/zck/workspace/http_to_ros/manual_control/install/robot_interfaces/share/robot_interfaces/cmake/ament_cmake_export_dependencies-extras.cmake
[9.474s] -- Symlinking: /home/zck/workspace/http_to_ros/manual_control/install/robot_interfaces/share/robot_interfaces/cmake/ament_cmake_export_include_directories-extras.cmake
[9.481s] -- Symlinking: /home/zck/workspace/http_to_ros/manual_control/install/robot_interfaces/share/robot_interfaces/cmake/ament_cmake_export_libraries-extras.cmake
[9.489s] -- Symlinking: /home/zck/workspace/http_to_ros/manual_control/install/robot_interfaces/share/robot_interfaces/cmake/ament_cmake_export_targets-extras.cmake
[9.497s] -- Symlinking: /home/zck/workspace/http_to_ros/manual_control/install/robot_interfaces/share/robot_interfaces/cmake/rosidl_cmake_export_typesupport_targets-extras.cmake
[9.505s] -- Symlinking: /home/zck/workspace/http_to_ros/manual_control/install/robot_interfaces/share/robot_interfaces/cmake/rosidl_cmake_export_typesupport_libraries-extras.cmake
[9.512s] -- Symlinking: /home/zck/workspace/http_to_ros/manual_control/install/robot_interfaces/share/robot_interfaces/cmake/robot_interfacesConfig.cmake
[9.519s] -- Symlinking: /home/zck/workspace/http_to_ros/manual_control/install/robot_interfaces/share/robot_interfaces/cmake/robot_interfacesConfig-version.cmake
[9.527s] -- Symlinking: /home/zck/workspace/http_to_ros/manual_control/install/robot_interfaces/share/robot_interfaces/package.xml
[9.535s] -- Installing: /home/zck/workspace/http_to_ros/manual_control/install/robot_interfaces/lib/librobot_interfaces__rosidl_generator_c.so
[9.535s] -- Set runtime path of "/home/zck/workspace/http_to_ros/manual_control/install/robot_interfaces/lib/librobot_interfaces__rosidl_generator_c.so" to ""
[9.535s] -- Installing: /home/zck/workspace/http_to_ros/manual_control/install/robot_interfaces/lib/librobot_interfaces__rosidl_typesupport_fastrtps_c.so
[9.536s] -- Set runtime path of "/home/zck/workspace/http_to_ros/manual_control/install/robot_interfaces/lib/librobot_interfaces__rosidl_typesupport_fastrtps_c.so" to ""
[9.536s] -- Installing: /home/zck/workspace/http_to_ros/manual_control/install/robot_interfaces/lib/librobot_interfaces__rosidl_typesupport_introspection_c.so
[9.536s] -- Set runtime path of "/home/zck/workspace/http_to_ros/manual_control/install/robot_interfaces/lib/librobot_interfaces__rosidl_typesupport_introspection_c.so" to ""
[9.536s] -- Installing: /home/zck/workspace/http_to_ros/manual_control/install/robot_interfaces/lib/librobot_interfaces__rosidl_typesupport_c.so
[9.536s] -- Set runtime path of "/home/zck/workspace/http_to_ros/manual_control/install/robot_interfaces/lib/librobot_interfaces__rosidl_typesupport_c.so" to ""
[9.536s] -- Installing: /home/zck/workspace/http_to_ros/manual_control/install/robot_interfaces/lib/librobot_interfaces__rosidl_typesupport_fastrtps_cpp.so
[9.537s] -- Set runtime path of "/home/zck/workspace/http_to_ros/manual_control/install/robot_interfaces/lib/librobot_interfaces__rosidl_typesupport_fastrtps_cpp.so" to ""
[9.537s] -- Installing: /home/zck/workspace/http_to_ros/manual_control/install/robot_interfaces/lib/librobot_interfaces__rosidl_typesupport_introspection_cpp.so
[9.537s] -- Set runtime path of "/home/zck/workspace/http_to_ros/manual_control/install/robot_interfaces/lib/librobot_interfaces__rosidl_typesupport_introspection_cpp.so" to ""
[9.537s] -- Installing: /home/zck/workspace/http_to_ros/manual_control/install/robot_interfaces/lib/librobot_interfaces__rosidl_typesupport_cpp.so
[9.537s] -- Set runtime path of "/home/zck/workspace/http_to_ros/manual_control/install/robot_interfaces/lib/librobot_interfaces__rosidl_typesupport_cpp.so" to ""
[9.573s] Listing '/home/zck/workspace/http_to_ros/manual_control/install/robot_interfaces/local/lib/python3.10/dist-packages/robot_interfaces'...
[9.573s] Compiling '/home/zck/workspace/http_to_ros/manual_control/install/robot_interfaces/local/lib/python3.10/dist-packages/robot_interfaces/__init__.py'...
[9.573s] Listing '/home/zck/workspace/http_to_ros/manual_control/install/robot_interfaces/local/lib/python3.10/dist-packages/robot_interfaces/action'...
[9.573s] Compiling '/home/zck/workspace/http_to_ros/manual_control/install/robot_interfaces/local/lib/python3.10/dist-packages/robot_interfaces/action/__init__.py'...
[9.573s] Compiling '/home/zck/workspace/http_to_ros/manual_control/install/robot_interfaces/local/lib/python3.10/dist-packages/robot_interfaces/action/_action_group_bridge.py'...
[9.574s] Listing '/home/zck/workspace/http_to_ros/manual_control/install/robot_interfaces/local/lib/python3.10/dist-packages/robot_interfaces/msg'...
[9.574s] Compiling '/home/zck/workspace/http_to_ros/manual_control/install/robot_interfaces/local/lib/python3.10/dist-packages/robot_interfaces/msg/__init__.py'...
[9.574s] Compiling '/home/zck/workspace/http_to_ros/manual_control/install/robot_interfaces/local/lib/python3.10/dist-packages/robot_interfaces/msg/_imu_data.py'...
[9.574s] Compiling '/home/zck/workspace/http_to_ros/manual_control/install/robot_interfaces/local/lib/python3.10/dist-packages/robot_interfaces/msg/_motor_can_command.py'...
[9.574s] Compiling '/home/zck/workspace/http_to_ros/manual_control/install/robot_interfaces/local/lib/python3.10/dist-packages/robot_interfaces/msg/_motor_state.py'...
[9.574s] Compiling '/home/zck/workspace/http_to_ros/manual_control/install/robot_interfaces/local/lib/python3.10/dist-packages/robot_interfaces/msg/_sensor_state.py'...
[9.574s] Listing '/home/zck/workspace/http_to_ros/manual_control/install/robot_interfaces/local/lib/python3.10/dist-packages/robot_interfaces/srv'...
[9.574s] Compiling '/home/zck/workspace/http_to_ros/manual_control/install/robot_interfaces/local/lib/python3.10/dist-packages/robot_interfaces/srv/__init__.py'...
[9.574s] Compiling '/home/zck/workspace/http_to_ros/manual_control/install/robot_interfaces/local/lib/python3.10/dist-packages/robot_interfaces/srv/_can_config_command.py'...
[9.574s] Compiling '/home/zck/workspace/http_to_ros/manual_control/install/robot_interfaces/local/lib/python3.10/dist-packages/robot_interfaces/srv/_joint_sensor_names.py'...
[9.574s] Compiling '/home/zck/workspace/http_to_ros/manual_control/install/robot_interfaces/local/lib/python3.10/dist-packages/robot_interfaces/srv/_motor_offset.py'...
[9.577s] -- Installing: /home/zck/workspace/http_to_ros/manual_control/install/robot_interfaces/lib/librobot_interfaces__rosidl_generator_py.so
[9.577s] -- Set runtime path of "/home/zck/workspace/http_to_ros/manual_control/install/robot_interfaces/lib/librobot_interfaces__rosidl_generator_py.so" to ""
[9.577s] -- Installing: /home/zck/workspace/http_to_ros/manual_control/install/robot_interfaces/share/robot_interfaces/cmake/export_robot_interfaces__rosidl_generator_cExport.cmake
[9.577s] -- Installing: /home/zck/workspace/http_to_ros/manual_control/install/robot_interfaces/share/robot_interfaces/cmake/export_robot_interfaces__rosidl_generator_cExport-noconfig.cmake
[9.577s] -- Installing: /home/zck/workspace/http_to_ros/manual_control/install/robot_interfaces/share/robot_interfaces/cmake/export_robot_interfaces__rosidl_typesupport_fastrtps_cExport.cmake
[9.577s] -- Installing: /home/zck/workspace/http_to_ros/manual_control/install/robot_interfaces/share/robot_interfaces/cmake/export_robot_interfaces__rosidl_typesupport_fastrtps_cExport-noconfig.cmake
[9.578s] -- Installing: /home/zck/workspace/http_to_ros/manual_control/install/robot_interfaces/share/robot_interfaces/cmake/robot_interfaces__rosidl_typesupport_introspection_cExport.cmake
[9.578s] -- Installing: /home/zck/workspace/http_to_ros/manual_control/install/robot_interfaces/share/robot_interfaces/cmake/robot_interfaces__rosidl_typesupport_introspection_cExport-noconfig.cmake
[9.578s] -- Installing: /home/zck/workspace/http_to_ros/manual_control/install/robot_interfaces/share/robot_interfaces/cmake/robot_interfaces__rosidl_typesupport_cExport.cmake
[9.578s] -- Installing: /home/zck/workspace/http_to_ros/manual_control/install/robot_interfaces/share/robot_interfaces/cmake/robot_interfaces__rosidl_typesupport_cExport-noconfig.cmake
[9.578s] -- Installing: /home/zck/workspace/http_to_ros/manual_control/install/robot_interfaces/share/robot_interfaces/cmake/export_robot_interfaces__rosidl_generator_cppExport.cmake
[9.578s] -- Installing: /home/zck/workspace/http_to_ros/manual_control/install/robot_interfaces/share/robot_interfaces/cmake/export_robot_interfaces__rosidl_typesupport_fastrtps_cppExport.cmake
[9.578s] -- Installing: /home/zck/workspace/http_to_ros/manual_control/install/robot_interfaces/share/robot_interfaces/cmake/export_robot_interfaces__rosidl_typesupport_fastrtps_cppExport-noconfig.cmake
[9.578s] -- Installing: /home/zck/workspace/http_to_ros/manual_control/install/robot_interfaces/share/robot_interfaces/cmake/robot_interfaces__rosidl_typesupport_introspection_cppExport.cmake
[9.579s] -- Installing: /home/zck/workspace/http_to_ros/manual_control/install/robot_interfaces/share/robot_interfaces/cmake/robot_interfaces__rosidl_typesupport_introspection_cppExport-noconfig.cmake
[9.579s] -- Installing: /home/zck/workspace/http_to_ros/manual_control/install/robot_interfaces/share/robot_interfaces/cmake/robot_interfaces__rosidl_typesupport_cppExport.cmake
[9.579s] -- Installing: /home/zck/workspace/http_to_ros/manual_control/install/robot_interfaces/share/robot_interfaces/cmake/robot_interfaces__rosidl_typesupport_cppExport-noconfig.cmake
[9.579s] -- Installing: /home/zck/workspace/http_to_ros/manual_control/install/robot_interfaces/share/robot_interfaces/cmake/export_robot_interfaces__rosidl_generator_pyExport.cmake
[9.579s] -- Installing: /home/zck/workspace/http_to_ros/manual_control/install/robot_interfaces/share/robot_interfaces/cmake/export_robot_interfaces__rosidl_generator_pyExport-noconfig.cmake
[9.582s] Invoked command in '/home/zck/workspace/http_to_ros/manual_control/build/robot_interfaces' returned '0': CMAKE_PREFIX_PATH=/opt/ros/humble /usr/bin/cmake --install /home/zck/workspace/http_to_ros/manual_control/build/robot_interfaces
