[0.455s] Invoking command in '/home/zck/workspace/http_to_ros/manual_control/build/robot_control': PYTHONPATH=/home/zck/workspace/http_to_ros/manual_control/build/robot_control/prefix_override:/usr/lib/python3/dist-packages/colcon_core/task/python/colcon_distutils_commands:/home/zck/workspace/http_to_ros/manual_control/install/robot_control/lib/python3.10/site-packages:${PYTHONPATH} /usr/bin/python3 -W ignore:setup.py install is deprecated -W ignore:easy_install command is deprecated setup.py develop --editable --build-directory /home/zck/workspace/http_to_ros/manual_control/build/robot_control/build --no-deps symlink_data
[0.706s] running develop
[0.858s] running egg_info
[0.858s] creating robot_control.egg-info
[0.858s] writing robot_control.egg-info/PKG-INFO
[0.859s] writing dependency_links to robot_control.egg-info/dependency_links.txt
[0.859s] writing entry points to robot_control.egg-info/entry_points.txt
[0.859s] writing requirements to robot_control.egg-info/requires.txt
[0.859s] writing top-level names to robot_control.egg-info/top_level.txt
[0.859s] writing manifest file 'robot_control.egg-info/SOURCES.txt'
[0.861s] reading manifest file 'robot_control.egg-info/SOURCES.txt'
[0.862s] writing manifest file 'robot_control.egg-info/SOURCES.txt'
[0.863s] running build_ext
[0.863s] Creating /home/zck/workspace/http_to_ros/manual_control/install/robot_control/lib/python3.10/site-packages/robot-control.egg-link (link to .)
[0.864s] Installing http_control script to /home/zck/workspace/http_to_ros/manual_control/install/robot_control/lib/robot_control
[0.864s] 
[0.864s] Installed /home/zck/workspace/http_to_ros/manual_control/build/robot_control
[0.864s] running symlink_data
[0.864s] creating /home/zck/workspace/http_to_ros/manual_control/install/robot_control/share/ament_index
[0.864s] creating /home/zck/workspace/http_to_ros/manual_control/install/robot_control/share/ament_index/resource_index
[0.864s] creating /home/zck/workspace/http_to_ros/manual_control/install/robot_control/share/ament_index/resource_index/packages
[0.864s] symbolically linking /home/zck/workspace/http_to_ros/manual_control/build/robot_control/resource/robot_control -> /home/zck/workspace/http_to_ros/manual_control/install/robot_control/share/ament_index/resource_index/packages
[0.865s] symbolically linking /home/zck/workspace/http_to_ros/manual_control/build/robot_control/package.xml -> /home/zck/workspace/http_to_ros/manual_control/install/robot_control/share/robot_control
[0.905s] Invoked command in '/home/zck/workspace/http_to_ros/manual_control/build/robot_control' returned '0': PYTHONPATH=/home/zck/workspace/http_to_ros/manual_control/build/robot_control/prefix_override:/usr/lib/python3/dist-packages/colcon_core/task/python/colcon_distutils_commands:/home/zck/workspace/http_to_ros/manual_control/install/robot_control/lib/python3.10/site-packages:${PYTHONPATH} /usr/bin/python3 -W ignore:setup.py install is deprecated -W ignore:easy_install command is deprecated setup.py develop --editable --build-directory /home/zck/workspace/http_to_ros/manual_control/build/robot_control/build --no-deps symlink_data
