[0.091s] DEBUG:colcon:Command line arguments: ['/usr/bin/colcon', 'build', '--symlink-install']
[0.091s] DEBUG:colcon:Parsed command line arguments: Namespace(log_base=None, log_level=None, verb_name='build', build_base='build', install_base='install', merge_install=False, symlink_install=True, test_result_base=None, continue_on_error=False, executor='parallel', parallel_workers=14, event_handlers=None, ignore_user_meta=False, metas=['./colcon.meta'], base_paths=['.'], packages_ignore=None, packages_ignore_regex=None, paths=None, packages_up_to=None, packages_up_to_regex=None, packages_above=None, packages_above_and_dependencies=None, packages_above_depth=None, packages_select_by_dep=None, packages_skip_by_dep=None, packages_skip_up_to=None, packages_select_build_failed=False, packages_skip_build_finished=False, packages_select_test_failures=False, packages_skip_test_passed=False, packages_select=None, packages_skip=None, packages_select_regex=None, packages_skip_regex=None, packages_start=None, packages_end=None, allow_overriding=[], cmake_args=None, cmake_target=None, cmake_target_skip_unavailable=False, cmake_clean_cache=False, cmake_clean_first=False, cmake_force_configure=False, ament_cmake_args=None, catkin_cmake_args=None, catkin_skip_building_tests=False, verb_parser=<colcon_defaults.argument_parser.defaults.DefaultArgumentsDecorator object at 0x776140c74040>, verb_extension=<colcon_core.verb.build.BuildVerb object at 0x776140c37670>, main=<bound method BuildVerb.main of <colcon_core.verb.build.BuildVerb object at 0x776140c37670>>)
[0.215s] Level 1:colcon.colcon_core.package_discovery:discover_packages(colcon_meta) check parameters
[0.215s] Level 1:colcon.colcon_core.package_discovery:discover_packages(recursive) check parameters
[0.215s] Level 1:colcon.colcon_core.package_discovery:discover_packages(ignore) check parameters
[0.215s] Level 1:colcon.colcon_core.package_discovery:discover_packages(path) check parameters
[0.215s] Level 1:colcon.colcon_core.package_discovery:discover_packages(colcon_meta) discover
[0.215s] Level 1:colcon.colcon_core.package_discovery:discover_packages(recursive) discover
[0.215s] INFO:colcon.colcon_core.package_discovery:Crawling recursively for packages in '/home/zck/workspace/http_to_ros/manual_control'
[0.215s] Level 1:colcon.colcon_core.package_identification:_identify(.) by extensions ['ignore', 'ignore_ament_install']
[0.215s] Level 1:colcon.colcon_core.package_identification:_identify(.) by extension 'ignore'
[0.215s] Level 1:colcon.colcon_core.package_identification:_identify(.) by extension 'ignore_ament_install'
[0.215s] Level 1:colcon.colcon_core.package_identification:_identify(.) by extensions ['colcon_pkg']
[0.215s] Level 1:colcon.colcon_core.package_identification:_identify(.) by extension 'colcon_pkg'
[0.215s] Level 1:colcon.colcon_core.package_identification:_identify(.) by extensions ['colcon_meta']
[0.215s] Level 1:colcon.colcon_core.package_identification:_identify(.) by extension 'colcon_meta'
[0.215s] Level 1:colcon.colcon_core.package_identification:_identify(.) by extensions ['ros']
[0.215s] Level 1:colcon.colcon_core.package_identification:_identify(.) by extension 'ros'
[0.223s] Level 1:colcon.colcon_core.package_identification:_identify(.) by extensions ['cmake', 'python']
[0.223s] Level 1:colcon.colcon_core.package_identification:_identify(.) by extension 'cmake'
[0.223s] Level 1:colcon.colcon_core.package_identification:_identify(.) by extension 'python'
[0.223s] Level 1:colcon.colcon_core.package_identification:_identify(.) by extensions ['python_setup_py']
[0.223s] Level 1:colcon.colcon_core.package_identification:_identify(.) by extension 'python_setup_py'
[0.223s] Level 1:colcon.colcon_core.package_identification:_identify(build) by extensions ['ignore', 'ignore_ament_install']
[0.223s] Level 1:colcon.colcon_core.package_identification:_identify(build) by extension 'ignore'
[0.223s] Level 1:colcon.colcon_core.package_identification:_identify(build) ignored
[0.223s] Level 1:colcon.colcon_core.package_identification:_identify(install) by extensions ['ignore', 'ignore_ament_install']
[0.223s] Level 1:colcon.colcon_core.package_identification:_identify(install) by extension 'ignore'
[0.223s] Level 1:colcon.colcon_core.package_identification:_identify(install) ignored
[0.223s] Level 1:colcon.colcon_core.package_identification:_identify(log) by extensions ['ignore', 'ignore_ament_install']
[0.223s] Level 1:colcon.colcon_core.package_identification:_identify(log) by extension 'ignore'
[0.223s] Level 1:colcon.colcon_core.package_identification:_identify(log) ignored
[0.223s] Level 1:colcon.colcon_core.package_identification:_identify(src) by extensions ['ignore', 'ignore_ament_install']
[0.223s] Level 1:colcon.colcon_core.package_identification:_identify(src) by extension 'ignore'
[0.223s] Level 1:colcon.colcon_core.package_identification:_identify(src) by extension 'ignore_ament_install'
[0.223s] Level 1:colcon.colcon_core.package_identification:_identify(src) by extensions ['colcon_pkg']
[0.223s] Level 1:colcon.colcon_core.package_identification:_identify(src) by extension 'colcon_pkg'
[0.223s] Level 1:colcon.colcon_core.package_identification:_identify(src) by extensions ['colcon_meta']
[0.223s] Level 1:colcon.colcon_core.package_identification:_identify(src) by extension 'colcon_meta'
[0.223s] Level 1:colcon.colcon_core.package_identification:_identify(src) by extensions ['ros']
[0.223s] Level 1:colcon.colcon_core.package_identification:_identify(src) by extension 'ros'
[0.223s] Level 1:colcon.colcon_core.package_identification:_identify(src) by extensions ['cmake', 'python']
[0.223s] Level 1:colcon.colcon_core.package_identification:_identify(src) by extension 'cmake'
[0.223s] Level 1:colcon.colcon_core.package_identification:_identify(src) by extension 'python'
[0.223s] Level 1:colcon.colcon_core.package_identification:_identify(src) by extensions ['python_setup_py']
[0.223s] Level 1:colcon.colcon_core.package_identification:_identify(src) by extension 'python_setup_py'
[0.223s] Level 1:colcon.colcon_core.package_identification:_identify(src/bodyctrl_msgs) by extensions ['ignore', 'ignore_ament_install']
[0.223s] Level 1:colcon.colcon_core.package_identification:_identify(src/bodyctrl_msgs) by extension 'ignore'
[0.223s] Level 1:colcon.colcon_core.package_identification:_identify(src/bodyctrl_msgs) by extension 'ignore_ament_install'
[0.223s] Level 1:colcon.colcon_core.package_identification:_identify(src/bodyctrl_msgs) by extensions ['colcon_pkg']
[0.223s] Level 1:colcon.colcon_core.package_identification:_identify(src/bodyctrl_msgs) by extension 'colcon_pkg'
[0.224s] Level 1:colcon.colcon_core.package_identification:_identify(src/bodyctrl_msgs) by extensions ['colcon_meta']
[0.224s] Level 1:colcon.colcon_core.package_identification:_identify(src/bodyctrl_msgs) by extension 'colcon_meta'
[0.224s] Level 1:colcon.colcon_core.package_identification:_identify(src/bodyctrl_msgs) by extensions ['ros']
[0.224s] Level 1:colcon.colcon_core.package_identification:_identify(src/bodyctrl_msgs) by extension 'ros'
[0.225s] DEBUG:colcon.colcon_core.package_identification:Package 'src/bodyctrl_msgs' with type 'ros.ament_cmake' and name 'bodyctrl_msgs'
[0.225s] Level 1:colcon.colcon_core.package_identification:_identify(src/robot_control) by extensions ['ignore', 'ignore_ament_install']
[0.225s] Level 1:colcon.colcon_core.package_identification:_identify(src/robot_control) by extension 'ignore'
[0.225s] Level 1:colcon.colcon_core.package_identification:_identify(src/robot_control) by extension 'ignore_ament_install'
[0.226s] Level 1:colcon.colcon_core.package_identification:_identify(src/robot_control) by extensions ['colcon_pkg']
[0.226s] Level 1:colcon.colcon_core.package_identification:_identify(src/robot_control) by extension 'colcon_pkg'
[0.226s] Level 1:colcon.colcon_core.package_identification:_identify(src/robot_control) by extensions ['colcon_meta']
[0.226s] Level 1:colcon.colcon_core.package_identification:_identify(src/robot_control) by extension 'colcon_meta'
[0.226s] Level 1:colcon.colcon_core.package_identification:_identify(src/robot_control) by extensions ['ros']
[0.226s] Level 1:colcon.colcon_core.package_identification:_identify(src/robot_control) by extension 'ros'
[0.226s] DEBUG:colcon.colcon_core.package_identification:Package 'src/robot_control' with type 'ros.ament_python' and name 'robot_control'
[0.226s] Level 1:colcon.colcon_core.package_identification:_identify(src/robot_interfaces) by extensions ['ignore', 'ignore_ament_install']
[0.226s] Level 1:colcon.colcon_core.package_identification:_identify(src/robot_interfaces) by extension 'ignore'
[0.226s] Level 1:colcon.colcon_core.package_identification:_identify(src/robot_interfaces) by extension 'ignore_ament_install'
[0.226s] Level 1:colcon.colcon_core.package_identification:_identify(src/robot_interfaces) by extensions ['colcon_pkg']
[0.226s] Level 1:colcon.colcon_core.package_identification:_identify(src/robot_interfaces) by extension 'colcon_pkg'
[0.226s] Level 1:colcon.colcon_core.package_identification:_identify(src/robot_interfaces) by extensions ['colcon_meta']
[0.226s] Level 1:colcon.colcon_core.package_identification:_identify(src/robot_interfaces) by extension 'colcon_meta'
[0.226s] Level 1:colcon.colcon_core.package_identification:_identify(src/robot_interfaces) by extensions ['ros']
[0.226s] Level 1:colcon.colcon_core.package_identification:_identify(src/robot_interfaces) by extension 'ros'
[0.227s] DEBUG:colcon.colcon_core.package_identification:Package 'src/robot_interfaces' with type 'ros.ament_cmake' and name 'robot_interfaces'
[0.227s] Level 1:colcon.colcon_core.package_identification:_identify(src/robot_msg) by extensions ['ignore', 'ignore_ament_install']
[0.227s] Level 1:colcon.colcon_core.package_identification:_identify(src/robot_msg) by extension 'ignore'
[0.227s] Level 1:colcon.colcon_core.package_identification:_identify(src/robot_msg) by extension 'ignore_ament_install'
[0.227s] Level 1:colcon.colcon_core.package_identification:_identify(src/robot_msg) by extensions ['colcon_pkg']
[0.227s] Level 1:colcon.colcon_core.package_identification:_identify(src/robot_msg) by extension 'colcon_pkg'
[0.227s] Level 1:colcon.colcon_core.package_identification:_identify(src/robot_msg) by extensions ['colcon_meta']
[0.227s] Level 1:colcon.colcon_core.package_identification:_identify(src/robot_msg) by extension 'colcon_meta'
[0.227s] Level 1:colcon.colcon_core.package_identification:_identify(src/robot_msg) by extensions ['ros']
[0.227s] Level 1:colcon.colcon_core.package_identification:_identify(src/robot_msg) by extension 'ros'
[0.227s] DEBUG:colcon.colcon_core.package_identification:Package 'src/robot_msg' with type 'ros.ament_cmake' and name 'robot_msg'
[0.227s] Level 1:colcon.colcon_core.package_discovery:discover_packages(recursive) using defaults
[0.227s] Level 1:colcon.colcon_core.package_discovery:discover_packages(ignore) discover
[0.227s] Level 1:colcon.colcon_core.package_discovery:discover_packages(ignore) using defaults
[0.227s] Level 1:colcon.colcon_core.package_discovery:discover_packages(path) discover
[0.227s] Level 1:colcon.colcon_core.package_discovery:discover_packages(path) using defaults
[0.249s] Level 1:colcon.colcon_core.package_discovery:discover_packages(prefix_path) check parameters
[0.249s] Level 1:colcon.colcon_core.package_discovery:discover_packages(prefix_path) discover
[0.251s] DEBUG:colcon.colcon_installed_package_information.package_discovery:Found 276 installed packages in /opt/ros/humble
[0.251s] Level 1:colcon.colcon_core.package_discovery:discover_packages(prefix_path) using defaults
[0.272s] Level 5:colcon.colcon_core.verb:set package 'bodyctrl_msgs' build argument 'cmake_args' from command line to 'None'
[0.272s] Level 5:colcon.colcon_core.verb:set package 'bodyctrl_msgs' build argument 'cmake_target' from command line to 'None'
[0.272s] Level 5:colcon.colcon_core.verb:set package 'bodyctrl_msgs' build argument 'cmake_target_skip_unavailable' from command line to 'False'
[0.272s] Level 5:colcon.colcon_core.verb:set package 'bodyctrl_msgs' build argument 'cmake_clean_cache' from command line to 'False'
[0.272s] Level 5:colcon.colcon_core.verb:set package 'bodyctrl_msgs' build argument 'cmake_clean_first' from command line to 'False'
[0.272s] Level 5:colcon.colcon_core.verb:set package 'bodyctrl_msgs' build argument 'cmake_force_configure' from command line to 'False'
[0.272s] Level 5:colcon.colcon_core.verb:set package 'bodyctrl_msgs' build argument 'ament_cmake_args' from command line to 'None'
[0.272s] Level 5:colcon.colcon_core.verb:set package 'bodyctrl_msgs' build argument 'catkin_cmake_args' from command line to 'None'
[0.272s] Level 5:colcon.colcon_core.verb:set package 'bodyctrl_msgs' build argument 'catkin_skip_building_tests' from command line to 'False'
[0.272s] DEBUG:colcon.colcon_core.verb:Building package 'bodyctrl_msgs' with the following arguments: {'ament_cmake_args': None, 'build_base': '/home/zck/workspace/http_to_ros/manual_control/build/bodyctrl_msgs', 'catkin_cmake_args': None, 'catkin_skip_building_tests': False, 'cmake_args': None, 'cmake_clean_cache': False, 'cmake_clean_first': False, 'cmake_force_configure': False, 'cmake_target': None, 'cmake_target_skip_unavailable': False, 'install_base': '/home/zck/workspace/http_to_ros/manual_control/install/bodyctrl_msgs', 'merge_install': False, 'path': '/home/zck/workspace/http_to_ros/manual_control/src/bodyctrl_msgs', 'symlink_install': True, 'test_result_base': None}
[0.273s] Level 5:colcon.colcon_core.verb:set package 'robot_control' build argument 'cmake_args' from command line to 'None'
[0.273s] Level 5:colcon.colcon_core.verb:set package 'robot_control' build argument 'cmake_target' from command line to 'None'
[0.273s] Level 5:colcon.colcon_core.verb:set package 'robot_control' build argument 'cmake_target_skip_unavailable' from command line to 'False'
[0.273s] Level 5:colcon.colcon_core.verb:set package 'robot_control' build argument 'cmake_clean_cache' from command line to 'False'
[0.273s] Level 5:colcon.colcon_core.verb:set package 'robot_control' build argument 'cmake_clean_first' from command line to 'False'
[0.273s] Level 5:colcon.colcon_core.verb:set package 'robot_control' build argument 'cmake_force_configure' from command line to 'False'
[0.273s] Level 5:colcon.colcon_core.verb:set package 'robot_control' build argument 'ament_cmake_args' from command line to 'None'
[0.273s] Level 5:colcon.colcon_core.verb:set package 'robot_control' build argument 'catkin_cmake_args' from command line to 'None'
[0.273s] Level 5:colcon.colcon_core.verb:set package 'robot_control' build argument 'catkin_skip_building_tests' from command line to 'False'
[0.273s] DEBUG:colcon.colcon_core.verb:Building package 'robot_control' with the following arguments: {'ament_cmake_args': None, 'build_base': '/home/zck/workspace/http_to_ros/manual_control/build/robot_control', 'catkin_cmake_args': None, 'catkin_skip_building_tests': False, 'cmake_args': None, 'cmake_clean_cache': False, 'cmake_clean_first': False, 'cmake_force_configure': False, 'cmake_target': None, 'cmake_target_skip_unavailable': False, 'install_base': '/home/zck/workspace/http_to_ros/manual_control/install/robot_control', 'merge_install': False, 'path': '/home/zck/workspace/http_to_ros/manual_control/src/robot_control', 'symlink_install': True, 'test_result_base': None}
[0.273s] Level 5:colcon.colcon_core.verb:set package 'robot_interfaces' build argument 'cmake_args' from command line to 'None'
[0.273s] Level 5:colcon.colcon_core.verb:set package 'robot_interfaces' build argument 'cmake_target' from command line to 'None'
[0.273s] Level 5:colcon.colcon_core.verb:set package 'robot_interfaces' build argument 'cmake_target_skip_unavailable' from command line to 'False'
[0.273s] Level 5:colcon.colcon_core.verb:set package 'robot_interfaces' build argument 'cmake_clean_cache' from command line to 'False'
[0.273s] Level 5:colcon.colcon_core.verb:set package 'robot_interfaces' build argument 'cmake_clean_first' from command line to 'False'
[0.273s] Level 5:colcon.colcon_core.verb:set package 'robot_interfaces' build argument 'cmake_force_configure' from command line to 'False'
[0.273s] Level 5:colcon.colcon_core.verb:set package 'robot_interfaces' build argument 'ament_cmake_args' from command line to 'None'
[0.273s] Level 5:colcon.colcon_core.verb:set package 'robot_interfaces' build argument 'catkin_cmake_args' from command line to 'None'
[0.273s] Level 5:colcon.colcon_core.verb:set package 'robot_interfaces' build argument 'catkin_skip_building_tests' from command line to 'False'
[0.273s] DEBUG:colcon.colcon_core.verb:Building package 'robot_interfaces' with the following arguments: {'ament_cmake_args': None, 'build_base': '/home/zck/workspace/http_to_ros/manual_control/build/robot_interfaces', 'catkin_cmake_args': None, 'catkin_skip_building_tests': False, 'cmake_args': None, 'cmake_clean_cache': False, 'cmake_clean_first': False, 'cmake_force_configure': False, 'cmake_target': None, 'cmake_target_skip_unavailable': False, 'install_base': '/home/zck/workspace/http_to_ros/manual_control/install/robot_interfaces', 'merge_install': False, 'path': '/home/zck/workspace/http_to_ros/manual_control/src/robot_interfaces', 'symlink_install': True, 'test_result_base': None}
[0.273s] Level 5:colcon.colcon_core.verb:set package 'robot_msg' build argument 'cmake_args' from command line to 'None'
[0.273s] Level 5:colcon.colcon_core.verb:set package 'robot_msg' build argument 'cmake_target' from command line to 'None'
[0.273s] Level 5:colcon.colcon_core.verb:set package 'robot_msg' build argument 'cmake_target_skip_unavailable' from command line to 'False'
[0.273s] Level 5:colcon.colcon_core.verb:set package 'robot_msg' build argument 'cmake_clean_cache' from command line to 'False'
[0.273s] Level 5:colcon.colcon_core.verb:set package 'robot_msg' build argument 'cmake_clean_first' from command line to 'False'
[0.273s] Level 5:colcon.colcon_core.verb:set package 'robot_msg' build argument 'cmake_force_configure' from command line to 'False'
[0.273s] Level 5:colcon.colcon_core.verb:set package 'robot_msg' build argument 'ament_cmake_args' from command line to 'None'
[0.273s] Level 5:colcon.colcon_core.verb:set package 'robot_msg' build argument 'catkin_cmake_args' from command line to 'None'
[0.273s] Level 5:colcon.colcon_core.verb:set package 'robot_msg' build argument 'catkin_skip_building_tests' from command line to 'False'
[0.273s] DEBUG:colcon.colcon_core.verb:Building package 'robot_msg' with the following arguments: {'ament_cmake_args': None, 'build_base': '/home/zck/workspace/http_to_ros/manual_control/build/robot_msg', 'catkin_cmake_args': None, 'catkin_skip_building_tests': False, 'cmake_args': None, 'cmake_clean_cache': False, 'cmake_clean_first': False, 'cmake_force_configure': False, 'cmake_target': None, 'cmake_target_skip_unavailable': False, 'install_base': '/home/zck/workspace/http_to_ros/manual_control/install/robot_msg', 'merge_install': False, 'path': '/home/zck/workspace/http_to_ros/manual_control/src/robot_msg', 'symlink_install': True, 'test_result_base': None}
[0.273s] INFO:colcon.colcon_core.executor:Executing jobs using 'parallel' executor
[0.274s] DEBUG:colcon.colcon_parallel_executor.executor.parallel:run_until_complete
[0.274s] INFO:colcon.colcon_ros.task.ament_cmake.build:Building ROS package in '/home/zck/workspace/http_to_ros/manual_control/src/bodyctrl_msgs' with build type 'ament_cmake'
[0.274s] INFO:colcon.colcon_cmake.task.cmake.build:Building CMake package in '/home/zck/workspace/http_to_ros/manual_control/src/bodyctrl_msgs'
[0.276s] INFO:colcon.colcon_core.plugin_system:Skipping extension 'colcon_core.shell.bat': Not used on non-Windows systems
[0.276s] INFO:colcon.colcon_core.shell:Skip shell extension 'powershell' for command environment: Not usable outside of PowerShell
[0.276s] DEBUG:colcon.colcon_core.shell:Skip shell extension 'dsv' for command environment
[0.278s] INFO:colcon.colcon_ros.task.ament_python.build:Building ROS package in '/home/zck/workspace/http_to_ros/manual_control/src/robot_control' with build type 'ament_python'
[0.278s] Level 1:colcon.colcon_core.shell:create_environment_hook('robot_control', 'ament_prefix_path')
[0.278s] INFO:colcon.colcon_core.shell:Creating environment hook '/home/zck/workspace/http_to_ros/manual_control/install/robot_control/share/robot_control/hook/ament_prefix_path.ps1'
[0.279s] INFO:colcon.colcon_core.shell:Creating environment descriptor '/home/zck/workspace/http_to_ros/manual_control/install/robot_control/share/robot_control/hook/ament_prefix_path.dsv'
[0.279s] INFO:colcon.colcon_core.shell:Creating environment hook '/home/zck/workspace/http_to_ros/manual_control/install/robot_control/share/robot_control/hook/ament_prefix_path.sh'
[0.280s] INFO:colcon.colcon_core.shell:Skip shell extension 'powershell' for command environment: Not usable outside of PowerShell
[0.280s] DEBUG:colcon.colcon_core.shell:Skip shell extension 'dsv' for command environment
[0.281s] INFO:colcon.colcon_ros.task.ament_cmake.build:Building ROS package in '/home/zck/workspace/http_to_ros/manual_control/src/robot_interfaces' with build type 'ament_cmake'
[0.281s] INFO:colcon.colcon_cmake.task.cmake.build:Building CMake package in '/home/zck/workspace/http_to_ros/manual_control/src/robot_interfaces'
[0.281s] INFO:colcon.colcon_core.shell:Skip shell extension 'powershell' for command environment: Not usable outside of PowerShell
[0.281s] DEBUG:colcon.colcon_core.shell:Skip shell extension 'dsv' for command environment
[0.283s] INFO:colcon.colcon_ros.task.ament_cmake.build:Building ROS package in '/home/zck/workspace/http_to_ros/manual_control/src/robot_msg' with build type 'ament_cmake'
[0.283s] INFO:colcon.colcon_cmake.task.cmake.build:Building CMake package in '/home/zck/workspace/http_to_ros/manual_control/src/robot_msg'
[0.283s] INFO:colcon.colcon_core.shell:Skip shell extension 'powershell' for command environment: Not usable outside of PowerShell
[0.283s] DEBUG:colcon.colcon_core.shell:Skip shell extension 'dsv' for command environment
[0.288s] DEBUG:colcon.colcon_core.event_handler.log_command:Invoking command in '/home/zck/workspace/http_to_ros/manual_control/build/bodyctrl_msgs': CMAKE_PREFIX_PATH=/opt/ros/humble /usr/bin/cmake /home/zck/workspace/http_to_ros/manual_control/src/bodyctrl_msgs -DAMENT_CMAKE_SYMLINK_INSTALL=1 -DCMAKE_INSTALL_PREFIX=/home/zck/workspace/http_to_ros/manual_control/install/bodyctrl_msgs
[0.437s] INFO:colcon.colcon_core.task.python.build:Building Python package in '/home/zck/workspace/http_to_ros/manual_control/src/robot_control'
[0.437s] INFO:colcon.colcon_core.shell:Skip shell extension 'powershell' for command environment: Not usable outside of PowerShell
[0.437s] DEBUG:colcon.colcon_core.shell:Skip shell extension 'dsv' for command environment
[0.442s] DEBUG:colcon.colcon_core.event_handler.log_command:Invoking command in '/home/zck/workspace/http_to_ros/manual_control/build/robot_interfaces': CMAKE_PREFIX_PATH=/opt/ros/humble /usr/bin/cmake /home/zck/workspace/http_to_ros/manual_control/src/robot_interfaces -DAMENT_CMAKE_SYMLINK_INSTALL=1 -DCMAKE_INSTALL_PREFIX=/home/zck/workspace/http_to_ros/manual_control/install/robot_interfaces
[0.444s] DEBUG:colcon.colcon_core.event_handler.log_command:Invoking command in '/home/zck/workspace/http_to_ros/manual_control/build/robot_msg': CMAKE_PREFIX_PATH=/opt/ros/humble /usr/bin/cmake /home/zck/workspace/http_to_ros/manual_control/src/robot_msg -DAMENT_CMAKE_SYMLINK_INSTALL=1 -DCMAKE_INSTALL_PREFIX=/home/zck/workspace/http_to_ros/manual_control/install/robot_msg
[0.734s] DEBUG:colcon.colcon_core.event_handler.log_command:Invoking command in '/home/zck/workspace/http_to_ros/manual_control/build/robot_control': PYTHONPATH=/home/zck/workspace/http_to_ros/manual_control/build/robot_control/prefix_override:/usr/lib/python3/dist-packages/colcon_core/task/python/colcon_distutils_commands:/home/zck/workspace/http_to_ros/manual_control/install/robot_control/lib/python3.10/site-packages:${PYTHONPATH} /usr/bin/python3 -W ignore:setup.py install is deprecated -W ignore:easy_install command is deprecated setup.py develop --editable --build-directory /home/zck/workspace/http_to_ros/manual_control/build/robot_control/build --no-deps symlink_data
[1.183s] Level 1:colcon.colcon_core.shell:create_environment_hook('robot_control', 'pythonpath_develop')
[1.183s] INFO:colcon.colcon_core.shell:Creating environment hook '/home/zck/workspace/http_to_ros/manual_control/build/robot_control/share/robot_control/hook/pythonpath_develop.ps1'
[1.184s] DEBUG:colcon.colcon_core.event_handler.log_command:Invoked command in '/home/zck/workspace/http_to_ros/manual_control/build/robot_control' returned '0': PYTHONPATH=/home/zck/workspace/http_to_ros/manual_control/build/robot_control/prefix_override:/usr/lib/python3/dist-packages/colcon_core/task/python/colcon_distutils_commands:/home/zck/workspace/http_to_ros/manual_control/install/robot_control/lib/python3.10/site-packages:${PYTHONPATH} /usr/bin/python3 -W ignore:setup.py install is deprecated -W ignore:easy_install command is deprecated setup.py develop --editable --build-directory /home/zck/workspace/http_to_ros/manual_control/build/robot_control/build --no-deps symlink_data
[1.184s] INFO:colcon.colcon_core.shell:Creating environment descriptor '/home/zck/workspace/http_to_ros/manual_control/build/robot_control/share/robot_control/hook/pythonpath_develop.dsv'
[1.185s] INFO:colcon.colcon_core.shell:Creating environment hook '/home/zck/workspace/http_to_ros/manual_control/build/robot_control/share/robot_control/hook/pythonpath_develop.sh'
[1.189s] Level 1:colcon.colcon_core.environment:checking '/home/zck/workspace/http_to_ros/manual_control/install/robot_control' for CMake module files
[1.189s] Level 1:colcon.colcon_core.environment:checking '/home/zck/workspace/http_to_ros/manual_control/install/robot_control' for CMake config files
[1.189s] Level 1:colcon.colcon_core.environment:checking '/home/zck/workspace/http_to_ros/manual_control/install/robot_control/lib'
[1.189s] Level 1:colcon.colcon_core.environment:checking '/home/zck/workspace/http_to_ros/manual_control/install/robot_control/bin'
[1.189s] Level 1:colcon.colcon_core.environment:checking '/home/zck/workspace/http_to_ros/manual_control/install/robot_control/lib/pkgconfig/robot_control.pc'
[1.190s] Level 1:colcon.colcon_core.environment:checking '/home/zck/workspace/http_to_ros/manual_control/install/robot_control/lib/python3.10/site-packages'
[1.190s] Level 1:colcon.colcon_core.shell:create_environment_hook('robot_control', 'pythonpath')
[1.190s] INFO:colcon.colcon_core.shell:Creating environment hook '/home/zck/workspace/http_to_ros/manual_control/install/robot_control/share/robot_control/hook/pythonpath.ps1'
[1.190s] INFO:colcon.colcon_core.shell:Creating environment descriptor '/home/zck/workspace/http_to_ros/manual_control/install/robot_control/share/robot_control/hook/pythonpath.dsv'
[1.190s] INFO:colcon.colcon_core.shell:Creating environment hook '/home/zck/workspace/http_to_ros/manual_control/install/robot_control/share/robot_control/hook/pythonpath.sh'
[1.191s] Level 1:colcon.colcon_core.environment:checking '/home/zck/workspace/http_to_ros/manual_control/install/robot_control/bin'
[1.191s] Level 1:colcon.colcon_core.environment:create_environment_scripts_only(robot_control)
[1.192s] INFO:colcon.colcon_core.shell:Creating package script '/home/zck/workspace/http_to_ros/manual_control/install/robot_control/share/robot_control/package.ps1'
[1.192s] INFO:colcon.colcon_core.shell:Creating package descriptor '/home/zck/workspace/http_to_ros/manual_control/install/robot_control/share/robot_control/package.dsv'
[1.193s] INFO:colcon.colcon_core.shell:Creating package script '/home/zck/workspace/http_to_ros/manual_control/install/robot_control/share/robot_control/package.sh'
[1.194s] INFO:colcon.colcon_core.shell:Creating package script '/home/zck/workspace/http_to_ros/manual_control/install/robot_control/share/robot_control/package.bash'
[1.195s] INFO:colcon.colcon_core.shell:Creating package script '/home/zck/workspace/http_to_ros/manual_control/install/robot_control/share/robot_control/package.zsh'
[1.195s] Level 1:colcon.colcon_core.environment:create_file_with_runtime_dependencies(/home/zck/workspace/http_to_ros/manual_control/install/robot_control/share/colcon-core/packages/robot_control)
[1.683s] DEBUG:colcon.colcon_core.event_handler.log_command:Invoked command in '/home/zck/workspace/http_to_ros/manual_control/build/robot_msg' returned '0': CMAKE_PREFIX_PATH=/opt/ros/humble /usr/bin/cmake /home/zck/workspace/http_to_ros/manual_control/src/robot_msg -DAMENT_CMAKE_SYMLINK_INSTALL=1 -DCMAKE_INSTALL_PREFIX=/home/zck/workspace/http_to_ros/manual_control/install/robot_msg
[1.685s] DEBUG:colcon.colcon_core.event_handler.log_command:Invoking command in '/home/zck/workspace/http_to_ros/manual_control/build/robot_msg': CMAKE_PREFIX_PATH=/opt/ros/humble /usr/bin/cmake --build /home/zck/workspace/http_to_ros/manual_control/build/robot_msg -- -j14 -l14
[1.740s] DEBUG:colcon.colcon_core.event_handler.log_command:Invoked command in '/home/zck/workspace/http_to_ros/manual_control/build/bodyctrl_msgs' returned '0': CMAKE_PREFIX_PATH=/opt/ros/humble /usr/bin/cmake /home/zck/workspace/http_to_ros/manual_control/src/bodyctrl_msgs -DAMENT_CMAKE_SYMLINK_INSTALL=1 -DCMAKE_INSTALL_PREFIX=/home/zck/workspace/http_to_ros/manual_control/install/bodyctrl_msgs
[1.741s] DEBUG:colcon.colcon_core.event_handler.log_command:Invoking command in '/home/zck/workspace/http_to_ros/manual_control/build/bodyctrl_msgs': CMAKE_PREFIX_PATH=/opt/ros/humble /usr/bin/cmake --build /home/zck/workspace/http_to_ros/manual_control/build/bodyctrl_msgs -- -j14 -l14
[1.868s] DEBUG:colcon.colcon_core.event_handler.log_command:Invoked command in '/home/zck/workspace/http_to_ros/manual_control/build/robot_interfaces' returned '0': CMAKE_PREFIX_PATH=/opt/ros/humble /usr/bin/cmake /home/zck/workspace/http_to_ros/manual_control/src/robot_interfaces -DAMENT_CMAKE_SYMLINK_INSTALL=1 -DCMAKE_INSTALL_PREFIX=/home/zck/workspace/http_to_ros/manual_control/install/robot_interfaces
[1.869s] DEBUG:colcon.colcon_core.event_handler.log_command:Invoking command in '/home/zck/workspace/http_to_ros/manual_control/build/robot_interfaces': CMAKE_PREFIX_PATH=/opt/ros/humble /usr/bin/cmake --build /home/zck/workspace/http_to_ros/manual_control/build/robot_interfaces -- -j14 -l14
[7.260s] DEBUG:colcon.colcon_core.event_handler.log_command:Invoked command in '/home/zck/workspace/http_to_ros/manual_control/build/bodyctrl_msgs' returned '0': CMAKE_PREFIX_PATH=/opt/ros/humble /usr/bin/cmake --build /home/zck/workspace/http_to_ros/manual_control/build/bodyctrl_msgs -- -j14 -l14
[7.268s] DEBUG:colcon.colcon_core.event_handler.log_command:Invoking command in '/home/zck/workspace/http_to_ros/manual_control/build/bodyctrl_msgs': CMAKE_PREFIX_PATH=/opt/ros/humble /usr/bin/cmake --install /home/zck/workspace/http_to_ros/manual_control/build/bodyctrl_msgs
[7.940s] DEBUG:colcon.colcon_core.event_handler.log_command:Invoked command in '/home/zck/workspace/http_to_ros/manual_control/build/robot_msg' returned '0': CMAKE_PREFIX_PATH=/opt/ros/humble /usr/bin/cmake --build /home/zck/workspace/http_to_ros/manual_control/build/robot_msg -- -j14 -l14
[7.941s] DEBUG:colcon.colcon_core.event_handler.log_command:Invoking command in '/home/zck/workspace/http_to_ros/manual_control/build/robot_msg': CMAKE_PREFIX_PATH=/opt/ros/humble /usr/bin/cmake --install /home/zck/workspace/http_to_ros/manual_control/build/robot_msg
[8.129s] Level 1:colcon.colcon_core.environment:create_environment_scripts_only(bodyctrl_msgs)
[8.129s] Level 1:colcon.colcon_core.environment:checking '/home/zck/workspace/http_to_ros/manual_control/install/bodyctrl_msgs' for CMake module files
[8.130s] Level 1:colcon.colcon_core.environment:checking '/home/zck/workspace/http_to_ros/manual_control/install/bodyctrl_msgs' for CMake config files
[8.131s] Level 1:colcon.colcon_core.shell:create_environment_hook('bodyctrl_msgs', 'cmake_prefix_path')
[8.132s] INFO:colcon.colcon_core.shell:Creating environment hook '/home/zck/workspace/http_to_ros/manual_control/install/bodyctrl_msgs/share/bodyctrl_msgs/hook/cmake_prefix_path.ps1'
[8.132s] DEBUG:colcon.colcon_core.event_handler.log_command:Invoked command in '/home/zck/workspace/http_to_ros/manual_control/build/bodyctrl_msgs' returned '0': CMAKE_PREFIX_PATH=/opt/ros/humble /usr/bin/cmake --install /home/zck/workspace/http_to_ros/manual_control/build/bodyctrl_msgs
[8.134s] INFO:colcon.colcon_core.shell:Creating environment descriptor '/home/zck/workspace/http_to_ros/manual_control/install/bodyctrl_msgs/share/bodyctrl_msgs/hook/cmake_prefix_path.dsv'
[8.135s] INFO:colcon.colcon_core.shell:Creating environment hook '/home/zck/workspace/http_to_ros/manual_control/install/bodyctrl_msgs/share/bodyctrl_msgs/hook/cmake_prefix_path.sh'
[8.136s] Level 1:colcon.colcon_core.environment:checking '/home/zck/workspace/http_to_ros/manual_control/install/bodyctrl_msgs/lib'
[8.136s] Level 1:colcon.colcon_core.shell:create_environment_hook('bodyctrl_msgs', 'ld_library_path_lib')
[8.137s] INFO:colcon.colcon_core.shell:Creating environment hook '/home/zck/workspace/http_to_ros/manual_control/install/bodyctrl_msgs/share/bodyctrl_msgs/hook/ld_library_path_lib.ps1'
[8.138s] INFO:colcon.colcon_core.shell:Creating environment descriptor '/home/zck/workspace/http_to_ros/manual_control/install/bodyctrl_msgs/share/bodyctrl_msgs/hook/ld_library_path_lib.dsv'
[8.139s] INFO:colcon.colcon_core.shell:Creating environment hook '/home/zck/workspace/http_to_ros/manual_control/install/bodyctrl_msgs/share/bodyctrl_msgs/hook/ld_library_path_lib.sh'
[8.140s] Level 1:colcon.colcon_core.environment:checking '/home/zck/workspace/http_to_ros/manual_control/install/bodyctrl_msgs/bin'
[8.141s] Level 1:colcon.colcon_core.environment:checking '/home/zck/workspace/http_to_ros/manual_control/install/bodyctrl_msgs/lib/pkgconfig/bodyctrl_msgs.pc'
[8.141s] Level 1:colcon.colcon_core.environment:checking '/home/zck/workspace/http_to_ros/manual_control/install/bodyctrl_msgs/lib/python3.10/site-packages'
[8.141s] Level 1:colcon.colcon_core.environment:checking '/home/zck/workspace/http_to_ros/manual_control/install/bodyctrl_msgs/bin'
[8.142s] INFO:colcon.colcon_core.shell:Creating package script '/home/zck/workspace/http_to_ros/manual_control/install/bodyctrl_msgs/share/bodyctrl_msgs/package.ps1'
[8.143s] INFO:colcon.colcon_core.shell:Creating package descriptor '/home/zck/workspace/http_to_ros/manual_control/install/bodyctrl_msgs/share/bodyctrl_msgs/package.dsv'
[8.143s] INFO:colcon.colcon_core.shell:Creating package script '/home/zck/workspace/http_to_ros/manual_control/install/bodyctrl_msgs/share/bodyctrl_msgs/package.sh'
[8.143s] INFO:colcon.colcon_core.shell:Creating package script '/home/zck/workspace/http_to_ros/manual_control/install/bodyctrl_msgs/share/bodyctrl_msgs/package.bash'
[8.143s] INFO:colcon.colcon_core.shell:Creating package script '/home/zck/workspace/http_to_ros/manual_control/install/bodyctrl_msgs/share/bodyctrl_msgs/package.zsh'
[8.144s] Level 1:colcon.colcon_core.environment:create_file_with_runtime_dependencies(/home/zck/workspace/http_to_ros/manual_control/install/bodyctrl_msgs/share/colcon-core/packages/bodyctrl_msgs)
[8.145s] Level 1:colcon.colcon_core.environment:create_environment_scripts_only(bodyctrl_msgs)
[8.145s] Level 1:colcon.colcon_core.environment:checking '/home/zck/workspace/http_to_ros/manual_control/install/bodyctrl_msgs' for CMake module files
[8.146s] Level 1:colcon.colcon_core.environment:checking '/home/zck/workspace/http_to_ros/manual_control/install/bodyctrl_msgs' for CMake config files
[8.146s] Level 1:colcon.colcon_core.shell:create_environment_hook('bodyctrl_msgs', 'cmake_prefix_path')
[8.147s] INFO:colcon.colcon_core.shell:Creating environment hook '/home/zck/workspace/http_to_ros/manual_control/install/bodyctrl_msgs/share/bodyctrl_msgs/hook/cmake_prefix_path.ps1'
[8.147s] INFO:colcon.colcon_core.shell:Creating environment descriptor '/home/zck/workspace/http_to_ros/manual_control/install/bodyctrl_msgs/share/bodyctrl_msgs/hook/cmake_prefix_path.dsv'
[8.148s] INFO:colcon.colcon_core.shell:Creating environment hook '/home/zck/workspace/http_to_ros/manual_control/install/bodyctrl_msgs/share/bodyctrl_msgs/hook/cmake_prefix_path.sh'
[8.148s] Level 1:colcon.colcon_core.environment:checking '/home/zck/workspace/http_to_ros/manual_control/install/bodyctrl_msgs/lib'
[8.148s] Level 1:colcon.colcon_core.shell:create_environment_hook('bodyctrl_msgs', 'ld_library_path_lib')
[8.149s] INFO:colcon.colcon_core.shell:Creating environment hook '/home/zck/workspace/http_to_ros/manual_control/install/bodyctrl_msgs/share/bodyctrl_msgs/hook/ld_library_path_lib.ps1'
[8.149s] INFO:colcon.colcon_core.shell:Creating environment descriptor '/home/zck/workspace/http_to_ros/manual_control/install/bodyctrl_msgs/share/bodyctrl_msgs/hook/ld_library_path_lib.dsv'
[8.150s] INFO:colcon.colcon_core.shell:Creating environment hook '/home/zck/workspace/http_to_ros/manual_control/install/bodyctrl_msgs/share/bodyctrl_msgs/hook/ld_library_path_lib.sh'
[8.150s] Level 1:colcon.colcon_core.environment:checking '/home/zck/workspace/http_to_ros/manual_control/install/bodyctrl_msgs/bin'
[8.150s] Level 1:colcon.colcon_core.environment:checking '/home/zck/workspace/http_to_ros/manual_control/install/bodyctrl_msgs/lib/pkgconfig/bodyctrl_msgs.pc'
[8.150s] Level 1:colcon.colcon_core.environment:checking '/home/zck/workspace/http_to_ros/manual_control/install/bodyctrl_msgs/lib/python3.10/site-packages'
[8.150s] Level 1:colcon.colcon_core.environment:checking '/home/zck/workspace/http_to_ros/manual_control/install/bodyctrl_msgs/bin'
[8.151s] INFO:colcon.colcon_core.shell:Creating package script '/home/zck/workspace/http_to_ros/manual_control/install/bodyctrl_msgs/share/bodyctrl_msgs/package.ps1'
[8.151s] INFO:colcon.colcon_core.shell:Creating package descriptor '/home/zck/workspace/http_to_ros/manual_control/install/bodyctrl_msgs/share/bodyctrl_msgs/package.dsv'
[8.151s] INFO:colcon.colcon_core.shell:Creating package script '/home/zck/workspace/http_to_ros/manual_control/install/bodyctrl_msgs/share/bodyctrl_msgs/package.sh'
[8.151s] INFO:colcon.colcon_core.shell:Creating package script '/home/zck/workspace/http_to_ros/manual_control/install/bodyctrl_msgs/share/bodyctrl_msgs/package.bash'
[8.152s] INFO:colcon.colcon_core.shell:Creating package script '/home/zck/workspace/http_to_ros/manual_control/install/bodyctrl_msgs/share/bodyctrl_msgs/package.zsh'
[8.152s] Level 1:colcon.colcon_core.environment:create_file_with_runtime_dependencies(/home/zck/workspace/http_to_ros/manual_control/install/bodyctrl_msgs/share/colcon-core/packages/bodyctrl_msgs)
[8.566s] DEBUG:colcon.colcon_core.event_handler.log_command:Invoked command in '/home/zck/workspace/http_to_ros/manual_control/build/robot_interfaces' returned '0': CMAKE_PREFIX_PATH=/opt/ros/humble /usr/bin/cmake --build /home/zck/workspace/http_to_ros/manual_control/build/robot_interfaces -- -j14 -l14
[8.567s] DEBUG:colcon.colcon_core.event_handler.log_command:Invoking command in '/home/zck/workspace/http_to_ros/manual_control/build/robot_interfaces': CMAKE_PREFIX_PATH=/opt/ros/humble /usr/bin/cmake --install /home/zck/workspace/http_to_ros/manual_control/build/robot_interfaces
[9.484s] Level 1:colcon.colcon_core.environment:create_environment_scripts_only(robot_msg)
[9.485s] Level 1:colcon.colcon_core.environment:checking '/home/zck/workspace/http_to_ros/manual_control/install/robot_msg' for CMake module files
[9.485s] DEBUG:colcon.colcon_core.event_handler.log_command:Invoked command in '/home/zck/workspace/http_to_ros/manual_control/build/robot_msg' returned '0': CMAKE_PREFIX_PATH=/opt/ros/humble /usr/bin/cmake --install /home/zck/workspace/http_to_ros/manual_control/build/robot_msg
[9.486s] Level 1:colcon.colcon_core.environment:checking '/home/zck/workspace/http_to_ros/manual_control/install/robot_msg' for CMake config files
[9.487s] Level 1:colcon.colcon_core.shell:create_environment_hook('robot_msg', 'cmake_prefix_path')
[9.487s] INFO:colcon.colcon_core.shell:Creating environment hook '/home/zck/workspace/http_to_ros/manual_control/install/robot_msg/share/robot_msg/hook/cmake_prefix_path.ps1'
[9.488s] INFO:colcon.colcon_core.shell:Creating environment descriptor '/home/zck/workspace/http_to_ros/manual_control/install/robot_msg/share/robot_msg/hook/cmake_prefix_path.dsv'
[9.488s] INFO:colcon.colcon_core.shell:Creating environment hook '/home/zck/workspace/http_to_ros/manual_control/install/robot_msg/share/robot_msg/hook/cmake_prefix_path.sh'
[9.488s] Level 1:colcon.colcon_core.environment:checking '/home/zck/workspace/http_to_ros/manual_control/install/robot_msg/lib'
[9.488s] Level 1:colcon.colcon_core.shell:create_environment_hook('robot_msg', 'ld_library_path_lib')
[9.488s] INFO:colcon.colcon_core.shell:Creating environment hook '/home/zck/workspace/http_to_ros/manual_control/install/robot_msg/share/robot_msg/hook/ld_library_path_lib.ps1'
[9.489s] INFO:colcon.colcon_core.shell:Creating environment descriptor '/home/zck/workspace/http_to_ros/manual_control/install/robot_msg/share/robot_msg/hook/ld_library_path_lib.dsv'
[9.489s] INFO:colcon.colcon_core.shell:Creating environment hook '/home/zck/workspace/http_to_ros/manual_control/install/robot_msg/share/robot_msg/hook/ld_library_path_lib.sh'
[9.489s] Level 1:colcon.colcon_core.environment:checking '/home/zck/workspace/http_to_ros/manual_control/install/robot_msg/bin'
[9.489s] Level 1:colcon.colcon_core.environment:checking '/home/zck/workspace/http_to_ros/manual_control/install/robot_msg/lib/pkgconfig/robot_msg.pc'
[9.489s] Level 1:colcon.colcon_core.environment:checking '/home/zck/workspace/http_to_ros/manual_control/install/robot_msg/lib/python3.10/site-packages'
[9.489s] Level 1:colcon.colcon_core.environment:checking '/home/zck/workspace/http_to_ros/manual_control/install/robot_msg/bin'
[9.489s] INFO:colcon.colcon_core.shell:Creating package script '/home/zck/workspace/http_to_ros/manual_control/install/robot_msg/share/robot_msg/package.ps1'
[9.490s] INFO:colcon.colcon_core.shell:Creating package descriptor '/home/zck/workspace/http_to_ros/manual_control/install/robot_msg/share/robot_msg/package.dsv'
[9.490s] INFO:colcon.colcon_core.shell:Creating package script '/home/zck/workspace/http_to_ros/manual_control/install/robot_msg/share/robot_msg/package.sh'
[9.490s] INFO:colcon.colcon_core.shell:Creating package script '/home/zck/workspace/http_to_ros/manual_control/install/robot_msg/share/robot_msg/package.bash'
[9.490s] INFO:colcon.colcon_core.shell:Creating package script '/home/zck/workspace/http_to_ros/manual_control/install/robot_msg/share/robot_msg/package.zsh'
[9.490s] Level 1:colcon.colcon_core.environment:create_file_with_runtime_dependencies(/home/zck/workspace/http_to_ros/manual_control/install/robot_msg/share/colcon-core/packages/robot_msg)
[9.491s] Level 1:colcon.colcon_core.environment:create_environment_scripts_only(robot_msg)
[9.491s] Level 1:colcon.colcon_core.environment:checking '/home/zck/workspace/http_to_ros/manual_control/install/robot_msg' for CMake module files
[9.491s] Level 1:colcon.colcon_core.environment:checking '/home/zck/workspace/http_to_ros/manual_control/install/robot_msg' for CMake config files
[9.492s] Level 1:colcon.colcon_core.shell:create_environment_hook('robot_msg', 'cmake_prefix_path')
[9.492s] INFO:colcon.colcon_core.shell:Creating environment hook '/home/zck/workspace/http_to_ros/manual_control/install/robot_msg/share/robot_msg/hook/cmake_prefix_path.ps1'
[9.492s] INFO:colcon.colcon_core.shell:Creating environment descriptor '/home/zck/workspace/http_to_ros/manual_control/install/robot_msg/share/robot_msg/hook/cmake_prefix_path.dsv'
[9.492s] INFO:colcon.colcon_core.shell:Creating environment hook '/home/zck/workspace/http_to_ros/manual_control/install/robot_msg/share/robot_msg/hook/cmake_prefix_path.sh'
[9.493s] Level 1:colcon.colcon_core.environment:checking '/home/zck/workspace/http_to_ros/manual_control/install/robot_msg/lib'
[9.493s] Level 1:colcon.colcon_core.shell:create_environment_hook('robot_msg', 'ld_library_path_lib')
[9.493s] INFO:colcon.colcon_core.shell:Creating environment hook '/home/zck/workspace/http_to_ros/manual_control/install/robot_msg/share/robot_msg/hook/ld_library_path_lib.ps1'
[9.493s] INFO:colcon.colcon_core.shell:Creating environment descriptor '/home/zck/workspace/http_to_ros/manual_control/install/robot_msg/share/robot_msg/hook/ld_library_path_lib.dsv'
[9.493s] INFO:colcon.colcon_core.shell:Creating environment hook '/home/zck/workspace/http_to_ros/manual_control/install/robot_msg/share/robot_msg/hook/ld_library_path_lib.sh'
[9.494s] Level 1:colcon.colcon_core.environment:checking '/home/zck/workspace/http_to_ros/manual_control/install/robot_msg/bin'
[9.494s] Level 1:colcon.colcon_core.environment:checking '/home/zck/workspace/http_to_ros/manual_control/install/robot_msg/lib/pkgconfig/robot_msg.pc'
[9.494s] Level 1:colcon.colcon_core.environment:checking '/home/zck/workspace/http_to_ros/manual_control/install/robot_msg/lib/python3.10/site-packages'
[9.494s] Level 1:colcon.colcon_core.environment:checking '/home/zck/workspace/http_to_ros/manual_control/install/robot_msg/bin'
[9.494s] INFO:colcon.colcon_core.shell:Creating package script '/home/zck/workspace/http_to_ros/manual_control/install/robot_msg/share/robot_msg/package.ps1'
[9.494s] INFO:colcon.colcon_core.shell:Creating package descriptor '/home/zck/workspace/http_to_ros/manual_control/install/robot_msg/share/robot_msg/package.dsv'
[9.495s] INFO:colcon.colcon_core.shell:Creating package script '/home/zck/workspace/http_to_ros/manual_control/install/robot_msg/share/robot_msg/package.sh'
[9.495s] INFO:colcon.colcon_core.shell:Creating package script '/home/zck/workspace/http_to_ros/manual_control/install/robot_msg/share/robot_msg/package.bash'
[9.495s] INFO:colcon.colcon_core.shell:Creating package script '/home/zck/workspace/http_to_ros/manual_control/install/robot_msg/share/robot_msg/package.zsh'
[9.495s] Level 1:colcon.colcon_core.environment:create_file_with_runtime_dependencies(/home/zck/workspace/http_to_ros/manual_control/install/robot_msg/share/colcon-core/packages/robot_msg)
[9.862s] Level 1:colcon.colcon_core.environment:create_environment_scripts_only(robot_interfaces)
[9.863s] Level 1:colcon.colcon_core.environment:checking '/home/zck/workspace/http_to_ros/manual_control/install/robot_interfaces' for CMake module files
[9.863s] DEBUG:colcon.colcon_core.event_handler.log_command:Invoked command in '/home/zck/workspace/http_to_ros/manual_control/build/robot_interfaces' returned '0': CMAKE_PREFIX_PATH=/opt/ros/humble /usr/bin/cmake --install /home/zck/workspace/http_to_ros/manual_control/build/robot_interfaces
[9.863s] Level 1:colcon.colcon_core.environment:checking '/home/zck/workspace/http_to_ros/manual_control/install/robot_interfaces' for CMake config files
[9.865s] Level 1:colcon.colcon_core.shell:create_environment_hook('robot_interfaces', 'cmake_prefix_path')
[9.865s] INFO:colcon.colcon_core.shell:Creating environment hook '/home/zck/workspace/http_to_ros/manual_control/install/robot_interfaces/share/robot_interfaces/hook/cmake_prefix_path.ps1'
[9.866s] INFO:colcon.colcon_core.shell:Creating environment descriptor '/home/zck/workspace/http_to_ros/manual_control/install/robot_interfaces/share/robot_interfaces/hook/cmake_prefix_path.dsv'
[9.866s] INFO:colcon.colcon_core.shell:Creating environment hook '/home/zck/workspace/http_to_ros/manual_control/install/robot_interfaces/share/robot_interfaces/hook/cmake_prefix_path.sh'
[9.866s] Level 1:colcon.colcon_core.environment:checking '/home/zck/workspace/http_to_ros/manual_control/install/robot_interfaces/lib'
[9.866s] Level 1:colcon.colcon_core.shell:create_environment_hook('robot_interfaces', 'ld_library_path_lib')
[9.867s] INFO:colcon.colcon_core.shell:Creating environment hook '/home/zck/workspace/http_to_ros/manual_control/install/robot_interfaces/share/robot_interfaces/hook/ld_library_path_lib.ps1'
[9.867s] INFO:colcon.colcon_core.shell:Creating environment descriptor '/home/zck/workspace/http_to_ros/manual_control/install/robot_interfaces/share/robot_interfaces/hook/ld_library_path_lib.dsv'
[9.867s] INFO:colcon.colcon_core.shell:Creating environment hook '/home/zck/workspace/http_to_ros/manual_control/install/robot_interfaces/share/robot_interfaces/hook/ld_library_path_lib.sh'
[9.867s] Level 1:colcon.colcon_core.environment:checking '/home/zck/workspace/http_to_ros/manual_control/install/robot_interfaces/bin'
[9.867s] Level 1:colcon.colcon_core.environment:checking '/home/zck/workspace/http_to_ros/manual_control/install/robot_interfaces/lib/pkgconfig/robot_interfaces.pc'
[9.867s] Level 1:colcon.colcon_core.environment:checking '/home/zck/workspace/http_to_ros/manual_control/install/robot_interfaces/lib/python3.10/site-packages'
[9.867s] Level 1:colcon.colcon_core.environment:checking '/home/zck/workspace/http_to_ros/manual_control/install/robot_interfaces/bin'
[9.868s] INFO:colcon.colcon_core.shell:Creating package script '/home/zck/workspace/http_to_ros/manual_control/install/robot_interfaces/share/robot_interfaces/package.ps1'
[9.868s] INFO:colcon.colcon_core.shell:Creating package descriptor '/home/zck/workspace/http_to_ros/manual_control/install/robot_interfaces/share/robot_interfaces/package.dsv'
[9.868s] INFO:colcon.colcon_core.shell:Creating package script '/home/zck/workspace/http_to_ros/manual_control/install/robot_interfaces/share/robot_interfaces/package.sh'
[9.868s] INFO:colcon.colcon_core.shell:Creating package script '/home/zck/workspace/http_to_ros/manual_control/install/robot_interfaces/share/robot_interfaces/package.bash'
[9.868s] INFO:colcon.colcon_core.shell:Creating package script '/home/zck/workspace/http_to_ros/manual_control/install/robot_interfaces/share/robot_interfaces/package.zsh'
[9.869s] Level 1:colcon.colcon_core.environment:create_file_with_runtime_dependencies(/home/zck/workspace/http_to_ros/manual_control/install/robot_interfaces/share/colcon-core/packages/robot_interfaces)
[9.869s] Level 1:colcon.colcon_core.environment:create_environment_scripts_only(robot_interfaces)
[9.869s] Level 1:colcon.colcon_core.environment:checking '/home/zck/workspace/http_to_ros/manual_control/install/robot_interfaces' for CMake module files
[9.869s] Level 1:colcon.colcon_core.environment:checking '/home/zck/workspace/http_to_ros/manual_control/install/robot_interfaces' for CMake config files
[9.870s] Level 1:colcon.colcon_core.shell:create_environment_hook('robot_interfaces', 'cmake_prefix_path')
[9.870s] INFO:colcon.colcon_core.shell:Creating environment hook '/home/zck/workspace/http_to_ros/manual_control/install/robot_interfaces/share/robot_interfaces/hook/cmake_prefix_path.ps1'
[9.870s] INFO:colcon.colcon_core.shell:Creating environment descriptor '/home/zck/workspace/http_to_ros/manual_control/install/robot_interfaces/share/robot_interfaces/hook/cmake_prefix_path.dsv'
[9.870s] INFO:colcon.colcon_core.shell:Creating environment hook '/home/zck/workspace/http_to_ros/manual_control/install/robot_interfaces/share/robot_interfaces/hook/cmake_prefix_path.sh'
[9.871s] Level 1:colcon.colcon_core.environment:checking '/home/zck/workspace/http_to_ros/manual_control/install/robot_interfaces/lib'
[9.871s] Level 1:colcon.colcon_core.shell:create_environment_hook('robot_interfaces', 'ld_library_path_lib')
[9.871s] INFO:colcon.colcon_core.shell:Creating environment hook '/home/zck/workspace/http_to_ros/manual_control/install/robot_interfaces/share/robot_interfaces/hook/ld_library_path_lib.ps1'
[9.871s] INFO:colcon.colcon_core.shell:Creating environment descriptor '/home/zck/workspace/http_to_ros/manual_control/install/robot_interfaces/share/robot_interfaces/hook/ld_library_path_lib.dsv'
[9.871s] INFO:colcon.colcon_core.shell:Creating environment hook '/home/zck/workspace/http_to_ros/manual_control/install/robot_interfaces/share/robot_interfaces/hook/ld_library_path_lib.sh'
[9.871s] Level 1:colcon.colcon_core.environment:checking '/home/zck/workspace/http_to_ros/manual_control/install/robot_interfaces/bin'
[9.871s] Level 1:colcon.colcon_core.environment:checking '/home/zck/workspace/http_to_ros/manual_control/install/robot_interfaces/lib/pkgconfig/robot_interfaces.pc'
[9.871s] Level 1:colcon.colcon_core.environment:checking '/home/zck/workspace/http_to_ros/manual_control/install/robot_interfaces/lib/python3.10/site-packages'
[9.871s] Level 1:colcon.colcon_core.environment:checking '/home/zck/workspace/http_to_ros/manual_control/install/robot_interfaces/bin'
[9.872s] INFO:colcon.colcon_core.shell:Creating package script '/home/zck/workspace/http_to_ros/manual_control/install/robot_interfaces/share/robot_interfaces/package.ps1'
[9.872s] INFO:colcon.colcon_core.shell:Creating package descriptor '/home/zck/workspace/http_to_ros/manual_control/install/robot_interfaces/share/robot_interfaces/package.dsv'
[9.872s] INFO:colcon.colcon_core.shell:Creating package script '/home/zck/workspace/http_to_ros/manual_control/install/robot_interfaces/share/robot_interfaces/package.sh'
[9.872s] INFO:colcon.colcon_core.shell:Creating package script '/home/zck/workspace/http_to_ros/manual_control/install/robot_interfaces/share/robot_interfaces/package.bash'
[9.873s] INFO:colcon.colcon_core.shell:Creating package script '/home/zck/workspace/http_to_ros/manual_control/install/robot_interfaces/share/robot_interfaces/package.zsh'
[9.873s] Level 1:colcon.colcon_core.environment:create_file_with_runtime_dependencies(/home/zck/workspace/http_to_ros/manual_control/install/robot_interfaces/share/colcon-core/packages/robot_interfaces)
[9.873s] DEBUG:colcon.colcon_parallel_executor.executor.parallel:closing loop
[9.873s] DEBUG:colcon.colcon_parallel_executor.executor.parallel:loop closed
[9.873s] DEBUG:colcon.colcon_parallel_executor.executor.parallel:run_until_complete finished with '0'
[9.873s] DEBUG:colcon.colcon_core.event_reactor:joining thread
[9.879s] INFO:colcon.colcon_core.plugin_system:Skipping extension 'colcon_notification.desktop_notification.terminal_notifier': Not used on non-Darwin systems
[9.879s] INFO:colcon.colcon_core.plugin_system:Skipping extension 'colcon_notification.desktop_notification.win32': Not used on non-Windows systems
[9.879s] INFO:colcon.colcon_notification.desktop_notification:Sending desktop notification using 'notify2'
[9.890s] DEBUG:colcon.colcon_core.event_reactor:joined thread
[9.891s] INFO:colcon.colcon_core.shell:Creating prefix script '/home/zck/workspace/http_to_ros/manual_control/install/local_setup.ps1'
[9.891s] INFO:colcon.colcon_core.shell:Creating prefix util module '/home/zck/workspace/http_to_ros/manual_control/install/_local_setup_util_ps1.py'
[9.892s] INFO:colcon.colcon_core.shell:Creating prefix chain script '/home/zck/workspace/http_to_ros/manual_control/install/setup.ps1'
[9.893s] INFO:colcon.colcon_core.shell:Creating prefix script '/home/zck/workspace/http_to_ros/manual_control/install/local_setup.sh'
[9.893s] INFO:colcon.colcon_core.shell:Creating prefix util module '/home/zck/workspace/http_to_ros/manual_control/install/_local_setup_util_sh.py'
[9.893s] INFO:colcon.colcon_core.shell:Creating prefix chain script '/home/zck/workspace/http_to_ros/manual_control/install/setup.sh'
[9.894s] INFO:colcon.colcon_core.shell:Creating prefix script '/home/zck/workspace/http_to_ros/manual_control/install/local_setup.bash'
[9.894s] INFO:colcon.colcon_core.shell:Creating prefix chain script '/home/zck/workspace/http_to_ros/manual_control/install/setup.bash'
[9.895s] INFO:colcon.colcon_core.shell:Creating prefix script '/home/zck/workspace/http_to_ros/manual_control/install/local_setup.zsh'
[9.895s] INFO:colcon.colcon_core.shell:Creating prefix chain script '/home/zck/workspace/http_to_ros/manual_control/install/setup.zsh'
