[0.013s] Invoking command in '/home/zck/workspace/http_to_ros/manual_control/build/bodyctrl_msgs': CMAKE_PREFIX_PATH=/opt/ros/humble /usr/bin/cmake /home/zck/workspace/http_to_ros/manual_control/src/bodyctrl_msgs -DAMENT_CMAKE_SYMLINK_INSTALL=1 -DCMAKE_INSTALL_PREFIX=/home/zck/workspace/http_to_ros/manual_control/install/bodyctrl_msgs
[0.167s] -- The C compiler identification is GNU 11.4.0
[0.168s] -- The CXX compiler identification is GNU 11.4.0
[0.168s] -- Detecting C compiler ABI info
[0.223s] -- Detecting C compiler ABI info - done
[0.230s] -- Check for working C compiler: /usr/bin/cc - skipped
[0.230s] -- Detecting C compile features
[0.230s] -- Detecting C compile features - done
[0.234s] -- Detecting CXX compiler ABI info
[0.298s] -- Detecting CXX compiler ABI info - done
[0.305s] -- Check for working CXX compiler: /usr/bin/c++ - skipped
[0.306s] -- Detecting CXX compile features
[0.306s] -- Detecting CXX compile features - done
[0.309s] -- Found ament_cmake: 1.3.12 (/opt/ros/humble/share/ament_cmake/cmake)
[0.456s] -- Found Python3: /usr/bin/python3 (found version "3.10.12") found components: Interpreter 
[0.528s] -- Override CMake install command with custom implementation using symlinks instead of copying resources
[0.546s] -- Found ament_lint_auto: 0.12.14 (/opt/ros/humble/share/ament_lint_auto/cmake)
[0.597s] -- Found rosidl_default_generators: 1.2.0 (/opt/ros/humble/share/rosidl_default_generators/cmake)
[0.599s] -- Using all available rosidl_typesupport_c: rosidl_typesupport_fastrtps_c;rosidl_typesupport_introspection_c
[0.602s] -- Found rosidl_adapter: 3.1.7 (/opt/ros/humble/share/rosidl_adapter/cmake)
[0.623s] -- Using all available rosidl_typesupport_cpp: rosidl_typesupport_fastrtps_cpp;rosidl_typesupport_introspection_cpp
[0.642s] -- Found geometry_msgs: 4.9.0 (/opt/ros/humble/share/geometry_msgs/cmake)
[0.855s] -- Found ament_cmake_ros: 0.10.0 (/opt/ros/humble/share/ament_cmake_ros/cmake)
[1.034s] -- Using all available rosidl_typesupport_c: rosidl_typesupport_fastrtps_c;rosidl_typesupport_introspection_c
[1.286s] -- Using all available rosidl_typesupport_cpp: rosidl_typesupport_fastrtps_cpp;rosidl_typesupport_introspection_cpp
[1.305s] -- Found PythonInterp: /usr/bin/python3 (found suitable version "3.10.12", minimum required is "3.6") 
[1.306s] -- Found python_cmake_module: 0.10.0 (/opt/ros/humble/share/python_cmake_module/cmake)
[1.330s] -- Found PythonLibs: /usr/lib/x86_64-linux-gnu/libpython3.10.so (found suitable version "3.10.12", minimum required is "3.5") 
[1.330s] -- Using PYTHON_EXECUTABLE: /usr/bin/python3
[1.330s] -- Using PYTHON_INCLUDE_DIRS: /usr/include/python3.10
[1.331s] -- Using PYTHON_LIBRARIES: /usr/lib/x86_64-linux-gnu/libpython3.10.so
[1.348s] -- Found PythonExtra: .so  
[1.399s] -- Added test 'lint_cmake' to check CMake code style
[1.400s] -- Added test 'xmllint' to check XML markup files
[1.404s] -- Configuring done
[1.438s] -- Generating done
[1.449s] -- Build files have been written to: /home/zck/workspace/http_to_ros/manual_control/build/bodyctrl_msgs
[1.465s] Invoked command in '/home/zck/workspace/http_to_ros/manual_control/build/bodyctrl_msgs' returned '0': CMAKE_PREFIX_PATH=/opt/ros/humble /usr/bin/cmake /home/zck/workspace/http_to_ros/manual_control/src/bodyctrl_msgs -DAMENT_CMAKE_SYMLINK_INSTALL=1 -DCMAKE_INSTALL_PREFIX=/home/zck/workspace/http_to_ros/manual_control/install/bodyctrl_msgs
[1.466s] Invoking command in '/home/zck/workspace/http_to_ros/manual_control/build/bodyctrl_msgs': CMAKE_PREFIX_PATH=/opt/ros/humble /usr/bin/cmake --build /home/zck/workspace/http_to_ros/manual_control/build/bodyctrl_msgs -- -j14 -l14
[1.506s] [  1%] [34m[1mGenerating C code for ROS interfaces[0m
[1.516s] [  3%] [34m[1mGenerating C++ code for ROS interfaces[0m
[1.518s] [  3%] Built target ament_cmake_python_symlink_bodyctrl_msgs
[1.699s] running egg_info
[1.699s] creating bodyctrl_msgs.egg-info
[1.699s] writing bodyctrl_msgs.egg-info/PKG-INFO
[1.700s] writing dependency_links to bodyctrl_msgs.egg-info/dependency_links.txt
[1.700s] writing top-level names to bodyctrl_msgs.egg-info/top_level.txt
[1.700s] writing manifest file 'bodyctrl_msgs.egg-info/SOURCES.txt'
[1.702s] reading manifest file 'bodyctrl_msgs.egg-info/SOURCES.txt'
[1.703s] writing manifest file 'bodyctrl_msgs.egg-info/SOURCES.txt'
[1.742s] [  3%] Built target ament_cmake_python_build_bodyctrl_msgs_egg
[1.985s] [  3%] Built target bodyctrl_msgs__cpp
[1.994s] [  5%] [34m[1mGenerating C++ type support dispatch for ROS interfaces[0m
[1.994s] [  9%] [34m[1mGenerating C++ type support for eProsima Fast-RTPS[0m
[1.994s] [  9%] [34m[1mGenerating C++ introspection for ROS interfaces[0m
[1.999s] [ 10%] [32mBuilding C object CMakeFiles/bodyctrl_msgs__rosidl_generator_c.dir/rosidl_generator_c/bodyctrl_msgs/msg/detail/motor_status__functions.c.o[0m
[1.999s] [ 14%] [32mBuilding C object CMakeFiles/bodyctrl_msgs__rosidl_generator_c.dir/rosidl_generator_c/bodyctrl_msgs/msg/detail/set_motor_position__functions.c.o[0m
[1.999s] [ 14%] [32mBuilding C object CMakeFiles/bodyctrl_msgs__rosidl_generator_c.dir/rosidl_generator_c/bodyctrl_msgs/msg/detail/cmd_set_motor_position__functions.c.o[0m
[2.000s] [ 16%] [32mBuilding C object CMakeFiles/bodyctrl_msgs__rosidl_generator_c.dir/rosidl_generator_c/bodyctrl_msgs/msg/detail/motor_status_msg__functions.c.o[0m
[2.057s] [ 18%] [32m[1mLinking C shared library libbodyctrl_msgs__rosidl_generator_c.so[0m
[2.092s] [ 18%] Built target bodyctrl_msgs__rosidl_generator_c
[2.101s] [ 20%] [34m[1mGenerating C introspection for ROS interfaces[0m
[2.105s] [ 21%] [34m[1mGenerating C type support dispatch for ROS interfaces[0m
[2.106s] [ 23%] [34m[1mGenerating C type support for eProsima Fast-RTPS[0m
[2.476s] [ 25%] [32mBuilding CXX object CMakeFiles/bodyctrl_msgs__rosidl_typesupport_introspection_cpp.dir/rosidl_typesupport_introspection_cpp/bodyctrl_msgs/msg/detail/motor_status_msg__type_support.cpp.o[0m
[2.478s] [ 27%] [32mBuilding CXX object CMakeFiles/bodyctrl_msgs__rosidl_typesupport_introspection_cpp.dir/rosidl_typesupport_introspection_cpp/bodyctrl_msgs/msg/detail/motor_status__type_support.cpp.o[0m
[2.487s] [ 29%] [32mBuilding CXX object CMakeFiles/bodyctrl_msgs__rosidl_typesupport_introspection_cpp.dir/rosidl_typesupport_introspection_cpp/bodyctrl_msgs/msg/detail/cmd_set_motor_position__type_support.cpp.o[0m
[2.490s] [ 30%] [32mBuilding CXX object CMakeFiles/bodyctrl_msgs__rosidl_typesupport_cpp.dir/rosidl_typesupport_cpp/bodyctrl_msgs/msg/motor_status_msg__type_support.cpp.o[0m
[2.497s] [ 32%] [32mBuilding CXX object CMakeFiles/bodyctrl_msgs__rosidl_typesupport_cpp.dir/rosidl_typesupport_cpp/bodyctrl_msgs/msg/motor_status__type_support.cpp.o[0m
[2.498s] [ 34%] [32mBuilding CXX object CMakeFiles/bodyctrl_msgs__rosidl_typesupport_cpp.dir/rosidl_typesupport_cpp/bodyctrl_msgs/msg/set_motor_position__type_support.cpp.o[0m
[2.509s] [ 36%] [32mBuilding CXX object CMakeFiles/bodyctrl_msgs__rosidl_typesupport_cpp.dir/rosidl_typesupport_cpp/bodyctrl_msgs/msg/cmd_set_motor_position__type_support.cpp.o[0m
[2.510s] [ 38%] [32mBuilding CXX object CMakeFiles/bodyctrl_msgs__rosidl_typesupport_introspection_cpp.dir/rosidl_typesupport_introspection_cpp/bodyctrl_msgs/msg/detail/set_motor_position__type_support.cpp.o[0m
[2.662s] [ 40%] [32mBuilding CXX object CMakeFiles/bodyctrl_msgs__rosidl_typesupport_c.dir/rosidl_typesupport_c/bodyctrl_msgs/msg/motor_status__type_support.cpp.o[0m
[2.667s] [ 41%] [32mBuilding CXX object CMakeFiles/bodyctrl_msgs__rosidl_typesupport_c.dir/rosidl_typesupport_c/bodyctrl_msgs/msg/cmd_set_motor_position__type_support.cpp.o[0m
[2.669s] [ 43%] [32mBuilding CXX object CMakeFiles/bodyctrl_msgs__rosidl_typesupport_c.dir/rosidl_typesupport_c/bodyctrl_msgs/msg/motor_status_msg__type_support.cpp.o[0m
[2.684s] [ 45%] [32mBuilding CXX object CMakeFiles/bodyctrl_msgs__rosidl_typesupport_fastrtps_c.dir/rosidl_typesupport_fastrtps_c/bodyctrl_msgs/msg/detail/cmd_set_motor_position__type_support_c.cpp.o[0m
[2.745s] [ 47%] [32mBuilding CXX object CMakeFiles/bodyctrl_msgs__rosidl_typesupport_fastrtps_cpp.dir/rosidl_typesupport_fastrtps_cpp/bodyctrl_msgs/msg/detail/dds_fastrtps/cmd_set_motor_position__type_support.cpp.o[0m
[2.770s] [ 49%] [32mBuilding CXX object CMakeFiles/bodyctrl_msgs__rosidl_typesupport_fastrtps_cpp.dir/rosidl_typesupport_fastrtps_cpp/bodyctrl_msgs/msg/detail/dds_fastrtps/motor_status__type_support.cpp.o[0m
[2.770s] [ 50%] [32mBuilding CXX object CMakeFiles/bodyctrl_msgs__rosidl_typesupport_fastrtps_c.dir/rosidl_typesupport_fastrtps_c/bodyctrl_msgs/msg/detail/motor_status__type_support_c.cpp.o[0m
[2.772s] [ 52%] [32mBuilding CXX object CMakeFiles/bodyctrl_msgs__rosidl_typesupport_c.dir/rosidl_typesupport_c/bodyctrl_msgs/msg/set_motor_position__type_support.cpp.o[0m
[2.869s] [ 54%] [32m[1mLinking CXX shared library libbodyctrl_msgs__rosidl_typesupport_c.so[0m
[3.020s] [ 56%] [32mBuilding C object CMakeFiles/bodyctrl_msgs__rosidl_typesupport_introspection_c.dir/rosidl_typesupport_introspection_c/bodyctrl_msgs/msg/detail/cmd_set_motor_position__type_support.c.o[0m
[3.027s] [ 56%] Built target bodyctrl_msgs__rosidl_typesupport_c
[3.038s] [ 58%] [32mBuilding CXX object CMakeFiles/bodyctrl_msgs__rosidl_typesupport_fastrtps_cpp.dir/rosidl_typesupport_fastrtps_cpp/bodyctrl_msgs/msg/detail/dds_fastrtps/motor_status_msg__type_support.cpp.o[0m
[3.059s] [ 60%] [32mBuilding C object CMakeFiles/bodyctrl_msgs__rosidl_typesupport_introspection_c.dir/rosidl_typesupport_introspection_c/bodyctrl_msgs/msg/detail/motor_status__type_support.c.o[0m
[3.059s] [ 61%] [32mBuilding CXX object CMakeFiles/bodyctrl_msgs__rosidl_typesupport_fastrtps_c.dir/rosidl_typesupport_fastrtps_c/bodyctrl_msgs/msg/detail/motor_status_msg__type_support_c.cpp.o[0m
[3.158s] [ 63%] [32mBuilding CXX object CMakeFiles/bodyctrl_msgs__rosidl_typesupport_fastrtps_c.dir/rosidl_typesupport_fastrtps_c/bodyctrl_msgs/msg/detail/set_motor_position__type_support_c.cpp.o[0m
[3.191s] [ 65%] [32mBuilding CXX object CMakeFiles/bodyctrl_msgs__rosidl_typesupport_fastrtps_cpp.dir/rosidl_typesupport_fastrtps_cpp/bodyctrl_msgs/msg/detail/dds_fastrtps/set_motor_position__type_support.cpp.o[0m
[3.229s] [ 67%] [32mBuilding C object CMakeFiles/bodyctrl_msgs__rosidl_typesupport_introspection_c.dir/rosidl_typesupport_introspection_c/bodyctrl_msgs/msg/detail/motor_status_msg__type_support.c.o[0m
[3.314s] [ 69%] [32mBuilding C object CMakeFiles/bodyctrl_msgs__rosidl_typesupport_introspection_c.dir/rosidl_typesupport_introspection_c/bodyctrl_msgs/msg/detail/set_motor_position__type_support.c.o[0m
[3.554s] [ 70%] [32m[1mLinking C shared library libbodyctrl_msgs__rosidl_typesupport_introspection_c.so[0m
[3.664s] [ 70%] Built target bodyctrl_msgs__rosidl_typesupport_introspection_c
[3.917s] [ 72%] [32m[1mLinking CXX shared library libbodyctrl_msgs__rosidl_typesupport_introspection_cpp.so[0m
[4.094s] [ 72%] Built target bodyctrl_msgs__rosidl_typesupport_introspection_cpp
[4.237s] [ 74%] [32m[1mLinking CXX shared library libbodyctrl_msgs__rosidl_typesupport_cpp.so[0m
[4.463s] [ 74%] Built target bodyctrl_msgs__rosidl_typesupport_cpp
[4.978s] [ 76%] [32m[1mLinking CXX shared library libbodyctrl_msgs__rosidl_typesupport_fastrtps_cpp.so[0m
[5.338s] [ 78%] [32m[1mLinking CXX shared library libbodyctrl_msgs__rosidl_typesupport_fastrtps_c.so[0m
[5.533s] [ 78%] Built target bodyctrl_msgs__rosidl_typesupport_fastrtps_cpp
[5.617s] [ 78%] Built target bodyctrl_msgs__rosidl_typesupport_fastrtps_c
[5.728s] [ 78%] Built target bodyctrl_msgs
[5.785s] [ 80%] [34m[1mGenerating Python code for ROS interfaces[0m
[6.649s] [ 80%] Built target bodyctrl_msgs__py
[6.670s] [ 87%] [32mBuilding C object CMakeFiles/bodyctrl_msgs__rosidl_generator_py.dir/rosidl_generator_py/bodyctrl_msgs/msg/_motor_status_s.c.o[0m
[6.670s] [ 87%] [32mBuilding C object CMakeFiles/bodyctrl_msgs__rosidl_generator_py.dir/rosidl_generator_py/bodyctrl_msgs/msg/_cmd_set_motor_position_s.c.o[0m
[6.670s] [ 87%] [32mBuilding C object CMakeFiles/bodyctrl_msgs__rosidl_generator_py.dir/rosidl_generator_py/bodyctrl_msgs/msg/_set_motor_position_s.c.o[0m
[6.670s] [ 87%] [32mBuilding C object CMakeFiles/bodyctrl_msgs__rosidl_generator_py.dir/rosidl_generator_py/bodyctrl_msgs/msg/_motor_status_msg_s.c.o[0m
[6.784s] [ 89%] [32m[1mLinking C shared library rosidl_generator_py/bodyctrl_msgs/libbodyctrl_msgs__rosidl_generator_py.so[0m
[6.825s] [ 89%] Built target bodyctrl_msgs__rosidl_generator_py
[6.843s] [ 92%] [32mBuilding C object CMakeFiles/bodyctrl_msgs__rosidl_typesupport_c__pyext.dir/rosidl_generator_py/bodyctrl_msgs/_bodyctrl_msgs_s.ep.rosidl_typesupport_c.c.o[0m
[6.843s] [ 92%] [32mBuilding C object CMakeFiles/bodyctrl_msgs__rosidl_typesupport_introspection_c__pyext.dir/rosidl_generator_py/bodyctrl_msgs/_bodyctrl_msgs_s.ep.rosidl_typesupport_introspection_c.c.o[0m
[6.843s] [ 94%] [32mBuilding C object CMakeFiles/bodyctrl_msgs__rosidl_typesupport_fastrtps_c__pyext.dir/rosidl_generator_py/bodyctrl_msgs/_bodyctrl_msgs_s.ep.rosidl_typesupport_fastrtps_c.c.o[0m
[6.917s] [ 96%] [32m[1mLinking C shared library rosidl_generator_py/bodyctrl_msgs/bodyctrl_msgs_s__rosidl_typesupport_introspection_c.cpython-310-x86_64-linux-gnu.so[0m
[6.939s] [ 98%] [32m[1mLinking C shared library rosidl_generator_py/bodyctrl_msgs/bodyctrl_msgs_s__rosidl_typesupport_fastrtps_c.cpython-310-x86_64-linux-gnu.so[0m
[6.939s] [100%] [32m[1mLinking C shared library rosidl_generator_py/bodyctrl_msgs/bodyctrl_msgs_s__rosidl_typesupport_c.cpython-310-x86_64-linux-gnu.so[0m
[6.954s] [100%] Built target bodyctrl_msgs__rosidl_typesupport_introspection_c__pyext
[6.976s] [100%] Built target bodyctrl_msgs__rosidl_typesupport_fastrtps_c__pyext
[6.976s] [100%] Built target bodyctrl_msgs__rosidl_typesupport_c__pyext
[6.985s] Invoked command in '/home/zck/workspace/http_to_ros/manual_control/build/bodyctrl_msgs' returned '0': CMAKE_PREFIX_PATH=/opt/ros/humble /usr/bin/cmake --build /home/zck/workspace/http_to_ros/manual_control/build/bodyctrl_msgs -- -j14 -l14
[6.993s] Invoking command in '/home/zck/workspace/http_to_ros/manual_control/build/bodyctrl_msgs': CMAKE_PREFIX_PATH=/opt/ros/humble /usr/bin/cmake --install /home/zck/workspace/http_to_ros/manual_control/build/bodyctrl_msgs
[6.998s] -- Install configuration: ""
[6.998s] -- Execute custom install script
[6.998s] -- Symlinking: /home/zck/workspace/http_to_ros/manual_control/install/bodyctrl_msgs/share/ament_index/resource_index/rosidl_interfaces/bodyctrl_msgs
[7.006s] -- Symlinking: /home/zck/workspace/http_to_ros/manual_control/install/bodyctrl_msgs/include/bodyctrl_msgs/bodyctrl_msgs/msg/cmd_set_motor_position.h
[7.012s] -- Symlinking: /home/zck/workspace/http_to_ros/manual_control/install/bodyctrl_msgs/include/bodyctrl_msgs/bodyctrl_msgs/msg/detail/cmd_set_motor_position__functions.h
[7.019s] -- Symlinking: /home/zck/workspace/http_to_ros/manual_control/install/bodyctrl_msgs/include/bodyctrl_msgs/bodyctrl_msgs/msg/detail/cmd_set_motor_position__struct.h
[7.024s] -- Symlinking: /home/zck/workspace/http_to_ros/manual_control/install/bodyctrl_msgs/include/bodyctrl_msgs/bodyctrl_msgs/msg/detail/cmd_set_motor_position__type_support.h
[7.032s] -- Symlinking: /home/zck/workspace/http_to_ros/manual_control/install/bodyctrl_msgs/include/bodyctrl_msgs/bodyctrl_msgs/msg/detail/motor_status__functions.h
[7.043s] -- Symlinking: /home/zck/workspace/http_to_ros/manual_control/install/bodyctrl_msgs/include/bodyctrl_msgs/bodyctrl_msgs/msg/detail/motor_status__struct.h
[7.049s] -- Symlinking: /home/zck/workspace/http_to_ros/manual_control/install/bodyctrl_msgs/include/bodyctrl_msgs/bodyctrl_msgs/msg/detail/motor_status__type_support.h
[7.056s] -- Symlinking: /home/zck/workspace/http_to_ros/manual_control/install/bodyctrl_msgs/include/bodyctrl_msgs/bodyctrl_msgs/msg/detail/motor_status_msg__functions.h
[7.064s] -- Symlinking: /home/zck/workspace/http_to_ros/manual_control/install/bodyctrl_msgs/include/bodyctrl_msgs/bodyctrl_msgs/msg/detail/motor_status_msg__struct.h
[7.071s] -- Symlinking: /home/zck/workspace/http_to_ros/manual_control/install/bodyctrl_msgs/include/bodyctrl_msgs/bodyctrl_msgs/msg/detail/motor_status_msg__type_support.h
[7.078s] -- Symlinking: /home/zck/workspace/http_to_ros/manual_control/install/bodyctrl_msgs/include/bodyctrl_msgs/bodyctrl_msgs/msg/detail/set_motor_position__functions.h
[7.084s] -- Symlinking: /home/zck/workspace/http_to_ros/manual_control/install/bodyctrl_msgs/include/bodyctrl_msgs/bodyctrl_msgs/msg/detail/set_motor_position__struct.h
[7.091s] -- Symlinking: /home/zck/workspace/http_to_ros/manual_control/install/bodyctrl_msgs/include/bodyctrl_msgs/bodyctrl_msgs/msg/detail/set_motor_position__type_support.h
[7.099s] -- Symlinking: /home/zck/workspace/http_to_ros/manual_control/install/bodyctrl_msgs/include/bodyctrl_msgs/bodyctrl_msgs/msg/motor_status.h
[7.104s] -- Symlinking: /home/zck/workspace/http_to_ros/manual_control/install/bodyctrl_msgs/include/bodyctrl_msgs/bodyctrl_msgs/msg/motor_status_msg.h
[7.112s] -- Symlinking: /home/zck/workspace/http_to_ros/manual_control/install/bodyctrl_msgs/include/bodyctrl_msgs/bodyctrl_msgs/msg/rosidl_generator_c__visibility_control.h
[7.118s] -- Symlinking: /home/zck/workspace/http_to_ros/manual_control/install/bodyctrl_msgs/include/bodyctrl_msgs/bodyctrl_msgs/msg/set_motor_position.h
[7.126s] -- Symlinking: /home/zck/workspace/http_to_ros/manual_control/install/bodyctrl_msgs/share/bodyctrl_msgs/environment/library_path.sh
[7.132s] -- Symlinking: /home/zck/workspace/http_to_ros/manual_control/install/bodyctrl_msgs/share/bodyctrl_msgs/environment/library_path.dsv
[7.140s] -- Symlinking: /home/zck/workspace/http_to_ros/manual_control/install/bodyctrl_msgs/include/bodyctrl_msgs/bodyctrl_msgs/msg/detail/cmd_set_motor_position__rosidl_typesupport_fastrtps_c.h
[7.147s] -- Symlinking: /home/zck/workspace/http_to_ros/manual_control/install/bodyctrl_msgs/include/bodyctrl_msgs/bodyctrl_msgs/msg/detail/motor_status__rosidl_typesupport_fastrtps_c.h
[7.155s] -- Symlinking: /home/zck/workspace/http_to_ros/manual_control/install/bodyctrl_msgs/include/bodyctrl_msgs/bodyctrl_msgs/msg/detail/motor_status_msg__rosidl_typesupport_fastrtps_c.h
[7.163s] -- Symlinking: /home/zck/workspace/http_to_ros/manual_control/install/bodyctrl_msgs/include/bodyctrl_msgs/bodyctrl_msgs/msg/detail/set_motor_position__rosidl_typesupport_fastrtps_c.h
[7.170s] -- Symlinking: /home/zck/workspace/http_to_ros/manual_control/install/bodyctrl_msgs/include/bodyctrl_msgs/bodyctrl_msgs/msg/rosidl_typesupport_fastrtps_c__visibility_control.h
[7.178s] -- Symlinking: /home/zck/workspace/http_to_ros/manual_control/install/bodyctrl_msgs/include/bodyctrl_msgs/bodyctrl_msgs/msg/detail/cmd_set_motor_position__rosidl_typesupport_introspection_c.h
[7.185s] -- Symlinking: /home/zck/workspace/http_to_ros/manual_control/install/bodyctrl_msgs/include/bodyctrl_msgs/bodyctrl_msgs/msg/detail/motor_status__rosidl_typesupport_introspection_c.h
[7.192s] -- Symlinking: /home/zck/workspace/http_to_ros/manual_control/install/bodyctrl_msgs/include/bodyctrl_msgs/bodyctrl_msgs/msg/detail/motor_status_msg__rosidl_typesupport_introspection_c.h
[7.199s] -- Symlinking: /home/zck/workspace/http_to_ros/manual_control/install/bodyctrl_msgs/include/bodyctrl_msgs/bodyctrl_msgs/msg/detail/set_motor_position__rosidl_typesupport_introspection_c.h
[7.204s] -- Symlinking: /home/zck/workspace/http_to_ros/manual_control/install/bodyctrl_msgs/include/bodyctrl_msgs/bodyctrl_msgs/msg/rosidl_typesupport_introspection_c__visibility_control.h
[7.212s] -- Symlinking: /home/zck/workspace/http_to_ros/manual_control/install/bodyctrl_msgs/include/bodyctrl_msgs/bodyctrl_msgs/msg/cmd_set_motor_position.hpp
[7.220s] -- Symlinking: /home/zck/workspace/http_to_ros/manual_control/install/bodyctrl_msgs/include/bodyctrl_msgs/bodyctrl_msgs/msg/detail/cmd_set_motor_position__builder.hpp
[7.226s] -- Symlinking: /home/zck/workspace/http_to_ros/manual_control/install/bodyctrl_msgs/include/bodyctrl_msgs/bodyctrl_msgs/msg/detail/cmd_set_motor_position__struct.hpp
[7.233s] -- Symlinking: /home/zck/workspace/http_to_ros/manual_control/install/bodyctrl_msgs/include/bodyctrl_msgs/bodyctrl_msgs/msg/detail/cmd_set_motor_position__traits.hpp
[7.239s] -- Symlinking: /home/zck/workspace/http_to_ros/manual_control/install/bodyctrl_msgs/include/bodyctrl_msgs/bodyctrl_msgs/msg/detail/cmd_set_motor_position__type_support.hpp
[7.246s] -- Symlinking: /home/zck/workspace/http_to_ros/manual_control/install/bodyctrl_msgs/include/bodyctrl_msgs/bodyctrl_msgs/msg/detail/motor_status__builder.hpp
[7.251s] -- Symlinking: /home/zck/workspace/http_to_ros/manual_control/install/bodyctrl_msgs/include/bodyctrl_msgs/bodyctrl_msgs/msg/detail/motor_status__struct.hpp
[7.258s] -- Symlinking: /home/zck/workspace/http_to_ros/manual_control/install/bodyctrl_msgs/include/bodyctrl_msgs/bodyctrl_msgs/msg/detail/motor_status__traits.hpp
[7.263s] -- Symlinking: /home/zck/workspace/http_to_ros/manual_control/install/bodyctrl_msgs/include/bodyctrl_msgs/bodyctrl_msgs/msg/detail/motor_status__type_support.hpp
[7.272s] -- Symlinking: /home/zck/workspace/http_to_ros/manual_control/install/bodyctrl_msgs/include/bodyctrl_msgs/bodyctrl_msgs/msg/detail/motor_status_msg__builder.hpp
[7.280s] -- Symlinking: /home/zck/workspace/http_to_ros/manual_control/install/bodyctrl_msgs/include/bodyctrl_msgs/bodyctrl_msgs/msg/detail/motor_status_msg__struct.hpp
[7.287s] -- Symlinking: /home/zck/workspace/http_to_ros/manual_control/install/bodyctrl_msgs/include/bodyctrl_msgs/bodyctrl_msgs/msg/detail/motor_status_msg__traits.hpp
[7.296s] -- Symlinking: /home/zck/workspace/http_to_ros/manual_control/install/bodyctrl_msgs/include/bodyctrl_msgs/bodyctrl_msgs/msg/detail/motor_status_msg__type_support.hpp
[7.304s] -- Symlinking: /home/zck/workspace/http_to_ros/manual_control/install/bodyctrl_msgs/include/bodyctrl_msgs/bodyctrl_msgs/msg/detail/set_motor_position__builder.hpp
[7.312s] -- Symlinking: /home/zck/workspace/http_to_ros/manual_control/install/bodyctrl_msgs/include/bodyctrl_msgs/bodyctrl_msgs/msg/detail/set_motor_position__struct.hpp
[7.320s] -- Symlinking: /home/zck/workspace/http_to_ros/manual_control/install/bodyctrl_msgs/include/bodyctrl_msgs/bodyctrl_msgs/msg/detail/set_motor_position__traits.hpp
[7.326s] -- Symlinking: /home/zck/workspace/http_to_ros/manual_control/install/bodyctrl_msgs/include/bodyctrl_msgs/bodyctrl_msgs/msg/detail/set_motor_position__type_support.hpp
[7.331s] -- Symlinking: /home/zck/workspace/http_to_ros/manual_control/install/bodyctrl_msgs/include/bodyctrl_msgs/bodyctrl_msgs/msg/motor_status.hpp
[7.339s] -- Symlinking: /home/zck/workspace/http_to_ros/manual_control/install/bodyctrl_msgs/include/bodyctrl_msgs/bodyctrl_msgs/msg/motor_status_msg.hpp
[7.348s] -- Symlinking: /home/zck/workspace/http_to_ros/manual_control/install/bodyctrl_msgs/include/bodyctrl_msgs/bodyctrl_msgs/msg/rosidl_generator_cpp__visibility_control.hpp
[7.354s] -- Symlinking: /home/zck/workspace/http_to_ros/manual_control/install/bodyctrl_msgs/include/bodyctrl_msgs/bodyctrl_msgs/msg/set_motor_position.hpp
[7.370s] -- Symlinking: /home/zck/workspace/http_to_ros/manual_control/install/bodyctrl_msgs/include/bodyctrl_msgs/bodyctrl_msgs/msg/detail/cmd_set_motor_position__rosidl_typesupport_fastrtps_cpp.hpp
[7.384s] -- Symlinking: /home/zck/workspace/http_to_ros/manual_control/install/bodyctrl_msgs/include/bodyctrl_msgs/bodyctrl_msgs/msg/detail/motor_status__rosidl_typesupport_fastrtps_cpp.hpp
[7.398s] -- Symlinking: /home/zck/workspace/http_to_ros/manual_control/install/bodyctrl_msgs/include/bodyctrl_msgs/bodyctrl_msgs/msg/detail/motor_status_msg__rosidl_typesupport_fastrtps_cpp.hpp
[7.401s] -- Symlinking: /home/zck/workspace/http_to_ros/manual_control/install/bodyctrl_msgs/include/bodyctrl_msgs/bodyctrl_msgs/msg/detail/set_motor_position__rosidl_typesupport_fastrtps_cpp.hpp
[7.411s] -- Symlinking: /home/zck/workspace/http_to_ros/manual_control/install/bodyctrl_msgs/include/bodyctrl_msgs/bodyctrl_msgs/msg/rosidl_typesupport_fastrtps_cpp__visibility_control.h
[7.416s] -- Symlinking: /home/zck/workspace/http_to_ros/manual_control/install/bodyctrl_msgs/include/bodyctrl_msgs/bodyctrl_msgs/msg/detail/cmd_set_motor_position__rosidl_typesupport_introspection_cpp.hpp
[7.422s] -- Symlinking: /home/zck/workspace/http_to_ros/manual_control/install/bodyctrl_msgs/include/bodyctrl_msgs/bodyctrl_msgs/msg/detail/motor_status__rosidl_typesupport_introspection_cpp.hpp
[7.433s] -- Symlinking: /home/zck/workspace/http_to_ros/manual_control/install/bodyctrl_msgs/include/bodyctrl_msgs/bodyctrl_msgs/msg/detail/motor_status_msg__rosidl_typesupport_introspection_cpp.hpp
[7.439s] -- Symlinking: /home/zck/workspace/http_to_ros/manual_control/install/bodyctrl_msgs/include/bodyctrl_msgs/bodyctrl_msgs/msg/detail/set_motor_position__rosidl_typesupport_introspection_cpp.hpp
[7.445s] -- Symlinking: /home/zck/workspace/http_to_ros/manual_control/install/bodyctrl_msgs/share/bodyctrl_msgs/environment/pythonpath.sh
[7.453s] -- Symlinking: /home/zck/workspace/http_to_ros/manual_control/install/bodyctrl_msgs/share/bodyctrl_msgs/environment/pythonpath.dsv
[7.461s] -- Symlinking: /home/zck/workspace/http_to_ros/manual_control/install/bodyctrl_msgs/local/lib/python3.10/dist-packages/bodyctrl_msgs-0.0.0-py3.10.egg-info/PKG-INFO
[7.466s] -- Symlinking: /home/zck/workspace/http_to_ros/manual_control/install/bodyctrl_msgs/local/lib/python3.10/dist-packages/bodyctrl_msgs-0.0.0-py3.10.egg-info/SOURCES.txt
[7.472s] -- Symlinking: /home/zck/workspace/http_to_ros/manual_control/install/bodyctrl_msgs/local/lib/python3.10/dist-packages/bodyctrl_msgs-0.0.0-py3.10.egg-info/dependency_links.txt
[7.478s] -- Symlinking: /home/zck/workspace/http_to_ros/manual_control/install/bodyctrl_msgs/local/lib/python3.10/dist-packages/bodyctrl_msgs-0.0.0-py3.10.egg-info/top_level.txt
[7.487s] -- Symlinking: /home/zck/workspace/http_to_ros/manual_control/install/bodyctrl_msgs/local/lib/python3.10/dist-packages/bodyctrl_msgs/__init__.py
[7.493s] -- Symlinking: /home/zck/workspace/http_to_ros/manual_control/install/bodyctrl_msgs/local/lib/python3.10/dist-packages/bodyctrl_msgs/_bodyctrl_msgs_s.ep.rosidl_typesupport_c.c
[7.498s] -- Symlinking: /home/zck/workspace/http_to_ros/manual_control/install/bodyctrl_msgs/local/lib/python3.10/dist-packages/bodyctrl_msgs/_bodyctrl_msgs_s.ep.rosidl_typesupport_fastrtps_c.c
[7.503s] -- Symlinking: /home/zck/workspace/http_to_ros/manual_control/install/bodyctrl_msgs/local/lib/python3.10/dist-packages/bodyctrl_msgs/_bodyctrl_msgs_s.ep.rosidl_typesupport_introspection_c.c
[7.509s] -- Symlinking: /home/zck/workspace/http_to_ros/manual_control/install/bodyctrl_msgs/local/lib/python3.10/dist-packages/bodyctrl_msgs/bodyctrl_msgs_s__rosidl_typesupport_c.cpython-310-x86_64-linux-gnu.so
[7.514s] -- Symlinking: /home/zck/workspace/http_to_ros/manual_control/install/bodyctrl_msgs/local/lib/python3.10/dist-packages/bodyctrl_msgs/bodyctrl_msgs_s__rosidl_typesupport_fastrtps_c.cpython-310-x86_64-linux-gnu.so
[7.523s] -- Symlinking: /home/zck/workspace/http_to_ros/manual_control/install/bodyctrl_msgs/local/lib/python3.10/dist-packages/bodyctrl_msgs/bodyctrl_msgs_s__rosidl_typesupport_introspection_c.cpython-310-x86_64-linux-gnu.so
[7.532s] -- Symlinking: /home/zck/workspace/http_to_ros/manual_control/install/bodyctrl_msgs/local/lib/python3.10/dist-packages/bodyctrl_msgs/libbodyctrl_msgs__rosidl_generator_py.so
[7.541s] -- Symlinking: /home/zck/workspace/http_to_ros/manual_control/install/bodyctrl_msgs/local/lib/python3.10/dist-packages/bodyctrl_msgs/msg/__init__.py
[7.550s] -- Symlinking: /home/zck/workspace/http_to_ros/manual_control/install/bodyctrl_msgs/local/lib/python3.10/dist-packages/bodyctrl_msgs/msg/_cmd_set_motor_position.py
[7.558s] -- Symlinking: /home/zck/workspace/http_to_ros/manual_control/install/bodyctrl_msgs/local/lib/python3.10/dist-packages/bodyctrl_msgs/msg/_cmd_set_motor_position_s.c
[7.567s] -- Symlinking: /home/zck/workspace/http_to_ros/manual_control/install/bodyctrl_msgs/local/lib/python3.10/dist-packages/bodyctrl_msgs/msg/_motor_status.py
[7.576s] -- Symlinking: /home/zck/workspace/http_to_ros/manual_control/install/bodyctrl_msgs/local/lib/python3.10/dist-packages/bodyctrl_msgs/msg/_motor_status_msg.py
[7.582s] -- Symlinking: /home/zck/workspace/http_to_ros/manual_control/install/bodyctrl_msgs/local/lib/python3.10/dist-packages/bodyctrl_msgs/msg/_motor_status_msg_s.c
[7.590s] -- Symlinking: /home/zck/workspace/http_to_ros/manual_control/install/bodyctrl_msgs/local/lib/python3.10/dist-packages/bodyctrl_msgs/msg/_motor_status_s.c
[7.596s] -- Symlinking: /home/zck/workspace/http_to_ros/manual_control/install/bodyctrl_msgs/local/lib/python3.10/dist-packages/bodyctrl_msgs/msg/_set_motor_position.py
[7.602s] -- Symlinking: /home/zck/workspace/http_to_ros/manual_control/install/bodyctrl_msgs/local/lib/python3.10/dist-packages/bodyctrl_msgs/msg/_set_motor_position_s.c
[7.611s] -- Up-to-date symlink: /home/zck/workspace/http_to_ros/manual_control/install/bodyctrl_msgs/local/lib/python3.10/dist-packages/bodyctrl_msgs/bodyctrl_msgs_s__rosidl_typesupport_fastrtps_c.cpython-310-x86_64-linux-gnu.so
[7.612s] -- Up-to-date symlink: /home/zck/workspace/http_to_ros/manual_control/install/bodyctrl_msgs/local/lib/python3.10/dist-packages/bodyctrl_msgs/bodyctrl_msgs_s__rosidl_typesupport_introspection_c.cpython-310-x86_64-linux-gnu.so
[7.612s] -- Up-to-date symlink: /home/zck/workspace/http_to_ros/manual_control/install/bodyctrl_msgs/local/lib/python3.10/dist-packages/bodyctrl_msgs/bodyctrl_msgs_s__rosidl_typesupport_c.cpython-310-x86_64-linux-gnu.so
[7.612s] -- Symlinking: /home/zck/workspace/http_to_ros/manual_control/install/bodyctrl_msgs/share/bodyctrl_msgs/msg/CmdSetMotorPosition.idl
[7.619s] -- Symlinking: /home/zck/workspace/http_to_ros/manual_control/install/bodyctrl_msgs/share/bodyctrl_msgs/msg/MotorStatus.idl
[7.624s] -- Symlinking: /home/zck/workspace/http_to_ros/manual_control/install/bodyctrl_msgs/share/bodyctrl_msgs/msg/MotorStatusMsg.idl
[7.630s] -- Symlinking: /home/zck/workspace/http_to_ros/manual_control/install/bodyctrl_msgs/share/bodyctrl_msgs/msg/SetMotorPosition.idl
[7.637s] -- Symlinking: /home/zck/workspace/http_to_ros/manual_control/install/bodyctrl_msgs/share/bodyctrl_msgs/msg/CmdSetMotorPosition.msg
[7.645s] -- Symlinking: /home/zck/workspace/http_to_ros/manual_control/install/bodyctrl_msgs/share/bodyctrl_msgs/msg/MotorStatus.msg
[7.654s] -- Symlinking: /home/zck/workspace/http_to_ros/manual_control/install/bodyctrl_msgs/share/bodyctrl_msgs/msg/MotorStatusMsg.msg
[7.662s] -- Symlinking: /home/zck/workspace/http_to_ros/manual_control/install/bodyctrl_msgs/share/bodyctrl_msgs/msg/SetMotorPosition.msg
[7.667s] -- Symlinking: /home/zck/workspace/http_to_ros/manual_control/install/bodyctrl_msgs/share/ament_index/resource_index/package_run_dependencies/bodyctrl_msgs
[7.674s] -- Symlinking: /home/zck/workspace/http_to_ros/manual_control/install/bodyctrl_msgs/share/ament_index/resource_index/parent_prefix_path/bodyctrl_msgs
[7.679s] -- Symlinking: /home/zck/workspace/http_to_ros/manual_control/install/bodyctrl_msgs/share/bodyctrl_msgs/environment/ament_prefix_path.sh
[7.686s] -- Symlinking: /home/zck/workspace/http_to_ros/manual_control/install/bodyctrl_msgs/share/bodyctrl_msgs/environment/ament_prefix_path.dsv
[7.693s] -- Symlinking: /home/zck/workspace/http_to_ros/manual_control/install/bodyctrl_msgs/share/bodyctrl_msgs/environment/path.sh
[7.701s] -- Symlinking: /home/zck/workspace/http_to_ros/manual_control/install/bodyctrl_msgs/share/bodyctrl_msgs/environment/path.dsv
[7.708s] -- Symlinking: /home/zck/workspace/http_to_ros/manual_control/install/bodyctrl_msgs/share/bodyctrl_msgs/local_setup.bash
[7.714s] -- Symlinking: /home/zck/workspace/http_to_ros/manual_control/install/bodyctrl_msgs/share/bodyctrl_msgs/local_setup.sh
[7.721s] -- Symlinking: /home/zck/workspace/http_to_ros/manual_control/install/bodyctrl_msgs/share/bodyctrl_msgs/local_setup.zsh
[7.726s] -- Symlinking: /home/zck/workspace/http_to_ros/manual_control/install/bodyctrl_msgs/share/bodyctrl_msgs/local_setup.dsv
[7.733s] -- Symlinking: /home/zck/workspace/http_to_ros/manual_control/install/bodyctrl_msgs/share/bodyctrl_msgs/package.dsv
[7.740s] -- Symlinking: /home/zck/workspace/http_to_ros/manual_control/install/bodyctrl_msgs/share/ament_index/resource_index/packages/bodyctrl_msgs
[7.745s] -- Symlinking: /home/zck/workspace/http_to_ros/manual_control/install/bodyctrl_msgs/share/bodyctrl_msgs/cmake/rosidl_cmake-extras.cmake
[7.751s] -- Symlinking: /home/zck/workspace/http_to_ros/manual_control/install/bodyctrl_msgs/share/bodyctrl_msgs/cmake/ament_cmake_export_dependencies-extras.cmake
[7.759s] -- Symlinking: /home/zck/workspace/http_to_ros/manual_control/install/bodyctrl_msgs/share/bodyctrl_msgs/cmake/ament_cmake_export_include_directories-extras.cmake
[7.765s] -- Symlinking: /home/zck/workspace/http_to_ros/manual_control/install/bodyctrl_msgs/share/bodyctrl_msgs/cmake/ament_cmake_export_libraries-extras.cmake
[7.772s] -- Symlinking: /home/zck/workspace/http_to_ros/manual_control/install/bodyctrl_msgs/share/bodyctrl_msgs/cmake/ament_cmake_export_targets-extras.cmake
[7.779s] -- Symlinking: /home/zck/workspace/http_to_ros/manual_control/install/bodyctrl_msgs/share/bodyctrl_msgs/cmake/rosidl_cmake_export_typesupport_targets-extras.cmake
[7.786s] -- Symlinking: /home/zck/workspace/http_to_ros/manual_control/install/bodyctrl_msgs/share/bodyctrl_msgs/cmake/rosidl_cmake_export_typesupport_libraries-extras.cmake
[7.791s] -- Symlinking: /home/zck/workspace/http_to_ros/manual_control/install/bodyctrl_msgs/share/bodyctrl_msgs/cmake/bodyctrl_msgsConfig.cmake
[7.798s] -- Symlinking: /home/zck/workspace/http_to_ros/manual_control/install/bodyctrl_msgs/share/bodyctrl_msgs/cmake/bodyctrl_msgsConfig-version.cmake
[7.805s] -- Symlinking: /home/zck/workspace/http_to_ros/manual_control/install/bodyctrl_msgs/share/bodyctrl_msgs/package.xml
[7.812s] -- Installing: /home/zck/workspace/http_to_ros/manual_control/install/bodyctrl_msgs/lib/libbodyctrl_msgs__rosidl_generator_c.so
[7.813s] -- Set runtime path of "/home/zck/workspace/http_to_ros/manual_control/install/bodyctrl_msgs/lib/libbodyctrl_msgs__rosidl_generator_c.so" to ""
[7.813s] -- Installing: /home/zck/workspace/http_to_ros/manual_control/install/bodyctrl_msgs/lib/libbodyctrl_msgs__rosidl_typesupport_fastrtps_c.so
[7.813s] -- Set runtime path of "/home/zck/workspace/http_to_ros/manual_control/install/bodyctrl_msgs/lib/libbodyctrl_msgs__rosidl_typesupport_fastrtps_c.so" to ""
[7.813s] -- Installing: /home/zck/workspace/http_to_ros/manual_control/install/bodyctrl_msgs/lib/libbodyctrl_msgs__rosidl_typesupport_introspection_c.so
[7.813s] -- Set runtime path of "/home/zck/workspace/http_to_ros/manual_control/install/bodyctrl_msgs/lib/libbodyctrl_msgs__rosidl_typesupport_introspection_c.so" to ""
[7.813s] -- Installing: /home/zck/workspace/http_to_ros/manual_control/install/bodyctrl_msgs/lib/libbodyctrl_msgs__rosidl_typesupport_c.so
[7.813s] -- Set runtime path of "/home/zck/workspace/http_to_ros/manual_control/install/bodyctrl_msgs/lib/libbodyctrl_msgs__rosidl_typesupport_c.so" to ""
[7.813s] -- Installing: /home/zck/workspace/http_to_ros/manual_control/install/bodyctrl_msgs/lib/libbodyctrl_msgs__rosidl_typesupport_fastrtps_cpp.so
[7.814s] -- Set runtime path of "/home/zck/workspace/http_to_ros/manual_control/install/bodyctrl_msgs/lib/libbodyctrl_msgs__rosidl_typesupport_fastrtps_cpp.so" to ""
[7.814s] -- Installing: /home/zck/workspace/http_to_ros/manual_control/install/bodyctrl_msgs/lib/libbodyctrl_msgs__rosidl_typesupport_introspection_cpp.so
[7.814s] -- Set runtime path of "/home/zck/workspace/http_to_ros/manual_control/install/bodyctrl_msgs/lib/libbodyctrl_msgs__rosidl_typesupport_introspection_cpp.so" to ""
[7.814s] -- Installing: /home/zck/workspace/http_to_ros/manual_control/install/bodyctrl_msgs/lib/libbodyctrl_msgs__rosidl_typesupport_cpp.so
[7.814s] -- Set runtime path of "/home/zck/workspace/http_to_ros/manual_control/install/bodyctrl_msgs/lib/libbodyctrl_msgs__rosidl_typesupport_cpp.so" to ""
[7.846s] Listing '/home/zck/workspace/http_to_ros/manual_control/install/bodyctrl_msgs/local/lib/python3.10/dist-packages/bodyctrl_msgs'...
[7.846s] Compiling '/home/zck/workspace/http_to_ros/manual_control/install/bodyctrl_msgs/local/lib/python3.10/dist-packages/bodyctrl_msgs/__init__.py'...
[7.846s] Listing '/home/zck/workspace/http_to_ros/manual_control/install/bodyctrl_msgs/local/lib/python3.10/dist-packages/bodyctrl_msgs/msg'...
[7.846s] Compiling '/home/zck/workspace/http_to_ros/manual_control/install/bodyctrl_msgs/local/lib/python3.10/dist-packages/bodyctrl_msgs/msg/__init__.py'...
[7.846s] Compiling '/home/zck/workspace/http_to_ros/manual_control/install/bodyctrl_msgs/local/lib/python3.10/dist-packages/bodyctrl_msgs/msg/_cmd_set_motor_position.py'...
[7.846s] Compiling '/home/zck/workspace/http_to_ros/manual_control/install/bodyctrl_msgs/local/lib/python3.10/dist-packages/bodyctrl_msgs/msg/_motor_status.py'...
[7.846s] Compiling '/home/zck/workspace/http_to_ros/manual_control/install/bodyctrl_msgs/local/lib/python3.10/dist-packages/bodyctrl_msgs/msg/_motor_status_msg.py'...
[7.846s] Compiling '/home/zck/workspace/http_to_ros/manual_control/install/bodyctrl_msgs/local/lib/python3.10/dist-packages/bodyctrl_msgs/msg/_set_motor_position.py'...
[7.849s] -- Installing: /home/zck/workspace/http_to_ros/manual_control/install/bodyctrl_msgs/lib/libbodyctrl_msgs__rosidl_generator_py.so
[7.849s] -- Set runtime path of "/home/zck/workspace/http_to_ros/manual_control/install/bodyctrl_msgs/lib/libbodyctrl_msgs__rosidl_generator_py.so" to ""
[7.849s] -- Installing: /home/zck/workspace/http_to_ros/manual_control/install/bodyctrl_msgs/share/bodyctrl_msgs/cmake/export_bodyctrl_msgs__rosidl_generator_cExport.cmake
[7.849s] -- Installing: /home/zck/workspace/http_to_ros/manual_control/install/bodyctrl_msgs/share/bodyctrl_msgs/cmake/export_bodyctrl_msgs__rosidl_generator_cExport-noconfig.cmake
[7.850s] -- Installing: /home/zck/workspace/http_to_ros/manual_control/install/bodyctrl_msgs/share/bodyctrl_msgs/cmake/export_bodyctrl_msgs__rosidl_typesupport_fastrtps_cExport.cmake
[7.850s] -- Installing: /home/zck/workspace/http_to_ros/manual_control/install/bodyctrl_msgs/share/bodyctrl_msgs/cmake/export_bodyctrl_msgs__rosidl_typesupport_fastrtps_cExport-noconfig.cmake
[7.850s] -- Installing: /home/zck/workspace/http_to_ros/manual_control/install/bodyctrl_msgs/share/bodyctrl_msgs/cmake/bodyctrl_msgs__rosidl_typesupport_introspection_cExport.cmake
[7.850s] -- Installing: /home/zck/workspace/http_to_ros/manual_control/install/bodyctrl_msgs/share/bodyctrl_msgs/cmake/bodyctrl_msgs__rosidl_typesupport_introspection_cExport-noconfig.cmake
[7.850s] -- Installing: /home/zck/workspace/http_to_ros/manual_control/install/bodyctrl_msgs/share/bodyctrl_msgs/cmake/bodyctrl_msgs__rosidl_typesupport_cExport.cmake
[7.850s] -- Installing: /home/zck/workspace/http_to_ros/manual_control/install/bodyctrl_msgs/share/bodyctrl_msgs/cmake/bodyctrl_msgs__rosidl_typesupport_cExport-noconfig.cmake
[7.850s] -- Installing: /home/zck/workspace/http_to_ros/manual_control/install/bodyctrl_msgs/share/bodyctrl_msgs/cmake/export_bodyctrl_msgs__rosidl_generator_cppExport.cmake
[7.850s] -- Installing: /home/zck/workspace/http_to_ros/manual_control/install/bodyctrl_msgs/share/bodyctrl_msgs/cmake/export_bodyctrl_msgs__rosidl_typesupport_fastrtps_cppExport.cmake
[7.850s] -- Installing: /home/zck/workspace/http_to_ros/manual_control/install/bodyctrl_msgs/share/bodyctrl_msgs/cmake/export_bodyctrl_msgs__rosidl_typesupport_fastrtps_cppExport-noconfig.cmake
[7.851s] -- Installing: /home/zck/workspace/http_to_ros/manual_control/install/bodyctrl_msgs/share/bodyctrl_msgs/cmake/bodyctrl_msgs__rosidl_typesupport_introspection_cppExport.cmake
[7.851s] -- Installing: /home/zck/workspace/http_to_ros/manual_control/install/bodyctrl_msgs/share/bodyctrl_msgs/cmake/bodyctrl_msgs__rosidl_typesupport_introspection_cppExport-noconfig.cmake
[7.851s] -- Installing: /home/zck/workspace/http_to_ros/manual_control/install/bodyctrl_msgs/share/bodyctrl_msgs/cmake/bodyctrl_msgs__rosidl_typesupport_cppExport.cmake
[7.851s] -- Installing: /home/zck/workspace/http_to_ros/manual_control/install/bodyctrl_msgs/share/bodyctrl_msgs/cmake/bodyctrl_msgs__rosidl_typesupport_cppExport-noconfig.cmake
[7.851s] -- Installing: /home/zck/workspace/http_to_ros/manual_control/install/bodyctrl_msgs/share/bodyctrl_msgs/cmake/export_bodyctrl_msgs__rosidl_generator_pyExport.cmake
[7.851s] -- Installing: /home/zck/workspace/http_to_ros/manual_control/install/bodyctrl_msgs/share/bodyctrl_msgs/cmake/export_bodyctrl_msgs__rosidl_generator_pyExport-noconfig.cmake
[7.857s] Invoked command in '/home/zck/workspace/http_to_ros/manual_control/build/bodyctrl_msgs' returned '0': CMAKE_PREFIX_PATH=/opt/ros/humble /usr/bin/cmake --install /home/zck/workspace/http_to_ros/manual_control/build/bodyctrl_msgs
